[0.342s] Invoking command in '/home/speed/Somorob_Dynamixel/build/somorob': CMAKE_PREFIX_PATH=${CMAKE_PREFIX_PATH}:/home/speed/Somorob_Dynamixel/install/summit_xl:/home/speed/Somorob_Dynamixel/install/python_folder:/opt/ros/foxy /usr/bin/cmake --build /home/speed/Somorob_Dynamixel/build/somorob -- -j24 -l24
[0.420s] [100%] Built target summit_xl
[0.662s] Invoked command in '/home/speed/Somorob_Dynamixel/build/somorob' returned '0': CMAKE_PREFIX_PATH=${CMAKE_PREFIX_PATH}:/home/speed/Somorob_Dynamixel/install/summit_xl:/home/speed/Somorob_Dynamixel/install/python_folder:/opt/ros/foxy /usr/bin/cmake --build /home/speed/Somorob_Dynamixel/build/somorob -- -j24 -l24
[0.736s] Invoking command in '/home/speed/Somorob_Dynamixel/build/somorob': CMAKE_PREFIX_PATH=${CMAKE_PREFIX_PATH}:/home/speed/Somorob_Dynamixel/install/summit_xl:/home/speed/Somorob_Dynamixel/install/python_folder:/opt/ros/foxy /usr/bin/cmake --install /home/speed/Somorob_Dynamixel/build/somorob
[0.747s] -- Install configuration: ""
[0.747s] -- Installing: /home/speed/Somorob_Dynamixel/install/somorob/lib/somorob/summit_xl
[0.748s] -- Set runtime path of "/home/speed/Somorob_Dynamixel/install/somorob/lib/somorob/summit_xl" to ""
[0.750s] -- Installing: /home/speed/Somorob_Dynamixel/install/somorob/share/ament_index/resource_index/package_run_dependencies/somorob
[0.751s] -- Installing: /home/speed/Somorob_Dynamixel/install/somorob/share/ament_index/resource_index/parent_prefix_path/somorob
[0.751s] -- Installing: /home/speed/Somorob_Dynamixel/install/somorob/share/somorob/environment/ament_prefix_path.sh
[0.751s] -- Installing: /home/speed/Somorob_Dynamixel/install/somorob/share/somorob/environment/ament_prefix_path.dsv
[0.752s] -- Installing: /home/speed/Somorob_Dynamixel/install/somorob/share/somorob/environment/path.sh
[0.752s] -- Installing: /home/speed/Somorob_Dynamixel/install/somorob/share/somorob/environment/path.dsv
[0.753s] -- Installing: /home/speed/Somorob_Dynamixel/install/somorob/share/somorob/local_setup.bash
[0.753s] -- Installing: /home/speed/Somorob_Dynamixel/install/somorob/share/somorob/local_setup.sh
[0.754s] -- Installing: /home/speed/Somorob_Dynamixel/install/somorob/share/somorob/local_setup.zsh
[0.755s] -- Installing: /home/speed/Somorob_Dynamixel/install/somorob/share/somorob/local_setup.dsv
[0.755s] -- Installing: /home/speed/Somorob_Dynamixel/install/somorob/share/somorob/package.dsv
[0.756s] -- Installing: /home/speed/Somorob_Dynamixel/install/somorob/share/ament_index/resource_index/packages/somorob
[0.756s] -- Installing: /home/speed/Somorob_Dynamixel/install/somorob/share/somorob/cmake/somorobConfig.cmake
[0.758s] -- Installing: /home/speed/Somorob_Dynamixel/install/somorob/share/somorob/cmake/somorobConfig-version.cmake
[0.759s] -- Installing: /home/speed/Somorob_Dynamixel/install/somorob/share/somorob/package.xml
[0.780s] Invoked command in '/home/speed/Somorob_Dynamixel/build/somorob' returned '0': CMAKE_PREFIX_PATH=${CMAKE_PREFIX_PATH}:/home/speed/Somorob_Dynamixel/install/summit_xl:/home/speed/Somorob_Dynamixel/install/python_folder:/opt/ros/foxy /usr/bin/cmake --install /home/speed/Somorob_Dynamixel/build/somorob
