[0.026s] Invoking command in '/home/speed/Somorob_Dynamixel/build/dynamixel_sdk_examples': CMAKE_PREFIX_PATH=/home/speed/Somorob_Dynamixel/install/dynamixel_sdk_custom_interfaces:/home/speed/Somorob_Dynamixel/install/dynamixel_sdk:/home/speed/Somorob_Dynamixel/install/somorob:/home/speed/Somorob_Dynamixel/install/dynamixel_sdk_examples:/home/speed/Somorob_Dynamixel/install/bag_recorder_nodes:/home/speed/Somorob_Dynamixel/install/summit_xl:/home/speed/Somorob_Dynamixel/install/python_folder:/opt/ros/foxy PYTHONPATH=/home/speed/Somorob_Dynamixel/install/dynamixel_sdk_custom_interfaces/lib/python3.8/site-packages:/home/speed/Somorob_Dynamixel/install/summit_xl/lib/python3.8/site-packages:/home/speed/Somorob_Dynamixel/install/python_folder/lib/python3.8/site-packages:/opt/ros/foxy/lib/python3.8/site-packages:/home/speed/SOFA/v23.06.00/plugins/SofaPython2/lib/python3/site-packages:/home/speed/SOFA/v23.06.00/plugins/STLIB/lib/python3/site-packages:/usr/lib/python3.8:/home/speed/SOFA/v23.06.00/plugins/SoftRobots/share/sofa/examples/SoftRobots/sofaros /usr/bin/cmake /home/speed/Somorob_Dynamixel/prefab.MobileTrunk/dynamixel_trunk/DynamixelSDK/dynamixel_sdk_examples -DCMAKE_INSTALL_PREFIX=/home/speed/Somorob_Dynamixel/install/dynamixel_sdk_examples
[0.121s] -- The C compiler identification is GNU 9.4.0
[0.197s] -- The CXX compiler identification is GNU 9.4.0
[0.204s] -- Check for working C compiler: /usr/bin/cc
[0.319s] -- Check for working C compiler: /usr/bin/cc -- works
[0.322s] -- Detecting C compiler ABI info
[0.434s] -- Detecting C compiler ABI info - done
[0.451s] -- Detecting C compile features
[0.451s] -- Detecting C compile features - done
[0.452s] -- Check for working CXX compiler: /usr/bin/c++
[0.564s] -- Check for working CXX compiler: /usr/bin/c++ -- works
[0.566s] -- Detecting CXX compiler ABI info
[0.689s] -- Detecting CXX compiler ABI info - done
[0.707s] -- Detecting CXX compile features
[0.707s] -- Detecting CXX compile features - done
[0.710s] -- Found ament_cmake: 0.9.12 (/opt/ros/foxy/share/ament_cmake/cmake)
[0.744s] -- Found PythonInterp: /usr/bin/python3 (found suitable version "3.8.10", minimum required is "3") 
[0.744s] -- Using PYTHON_EXECUTABLE: /usr/bin/python3
[1.003s] -- Found dynamixel_sdk: 3.7.40 (/home/speed/Somorob_Dynamixel/install/dynamixel_sdk/share/dynamixel_sdk/cmake)
[1.005s] -- Found dynamixel_sdk_custom_interfaces: 3.7.40 (/home/speed/Somorob_Dynamixel/install/dynamixel_sdk_custom_interfaces/share/dynamixel_sdk_custom_interfaces/cmake)
[1.040s] -- Using all available rosidl_typesupport_c: rosidl_typesupport_fastrtps_c;rosidl_typesupport_introspection_c
[1.048s] -- Found rosidl_adapter: 1.3.1 (/opt/ros/foxy/share/rosidl_adapter/cmake)
[1.180s] -- Found OpenSSL: /usr/lib/x86_64-linux-gnu/libcrypto.so (found version "1.1.1f")  
[1.215s] -- Found FastRTPS: /opt/ros/foxy/include  
[1.308s] -- Using all available rosidl_typesupport_cpp: rosidl_typesupport_fastrtps_cpp;rosidl_typesupport_introspection_cpp
[1.362s] -- Found rclcpp: 2.4.3 (/opt/ros/foxy/share/rclcpp/cmake)
[1.415s] -- Found rmw_implementation_cmake: 1.0.4 (/opt/ros/foxy/share/rmw_implementation_cmake/cmake)
[1.417s] -- Using RMW implementation 'rmw_fastrtps_cpp' as default
[1.418s] -- Looking for pthread.h
[1.534s] -- Looking for pthread.h - found
[1.535s] -- Performing Test CMAKE_HAVE_LIBC_PTHREAD
[1.659s] -- Performing Test CMAKE_HAVE_LIBC_PTHREAD - Failed
[1.660s] -- Looking for pthread_create in pthreads
[1.768s] -- Looking for pthread_create in pthreads - not found
[1.768s] -- Looking for pthread_create in pthread
[1.891s] -- Looking for pthread_create in pthread - found
[1.893s] -- Found Threads: TRUE  
[2.079s] -- Found ament_lint_auto: 0.9.8 (/opt/ros/foxy/share/ament_lint_auto/cmake)
[2.179s] -- Added test 'copyright' to check source files copyright and LICENSE
[2.181s] -- Added test 'cppcheck' to perform static code analysis on C / C++ code
[2.181s] -- Configured cppcheck include dirs: /home/speed/Somorob_Dynamixel/prefab.MobileTrunk/dynamixel_trunk/DynamixelSDK/dynamixel_sdk_examples/include
[2.181s] -- Configured cppcheck exclude dirs and/or files: 
[2.182s] -- Added test 'cpplint' to check C / C++ code against the Google style
[2.182s] -- Configured cpplint exclude dirs and/or files: 
[2.183s] -- Added test 'lint_cmake' to check CMake code style
[2.184s] -- Added test 'uncrustify' to check C / C++ code style
[2.184s] -- Configured uncrustify additional arguments: 
[2.185s] -- Added test 'xmllint' to check XML markup files
[2.188s] -- Configuring done
[2.201s] -- Generating done
[2.203s] -- Build files have been written to: /home/speed/Somorob_Dynamixel/build/dynamixel_sdk_examples
[2.212s] Invoked command in '/home/speed/Somorob_Dynamixel/build/dynamixel_sdk_examples' returned '0': CMAKE_PREFIX_PATH=/home/speed/Somorob_Dynamixel/install/dynamixel_sdk_custom_interfaces:/home/speed/Somorob_Dynamixel/install/dynamixel_sdk:/home/speed/Somorob_Dynamixel/install/somorob:/home/speed/Somorob_Dynamixel/install/dynamixel_sdk_examples:/home/speed/Somorob_Dynamixel/install/bag_recorder_nodes:/home/speed/Somorob_Dynamixel/install/summit_xl:/home/speed/Somorob_Dynamixel/install/python_folder:/opt/ros/foxy PYTHONPATH=/home/speed/Somorob_Dynamixel/install/dynamixel_sdk_custom_interfaces/lib/python3.8/site-packages:/home/speed/Somorob_Dynamixel/install/summit_xl/lib/python3.8/site-packages:/home/speed/Somorob_Dynamixel/install/python_folder/lib/python3.8/site-packages:/opt/ros/foxy/lib/python3.8/site-packages:/home/speed/SOFA/v23.06.00/plugins/SofaPython2/lib/python3/site-packages:/home/speed/SOFA/v23.06.00/plugins/STLIB/lib/python3/site-packages:/usr/lib/python3.8:/home/speed/SOFA/v23.06.00/plugins/SoftRobots/share/sofa/examples/SoftRobots/sofaros /usr/bin/cmake /home/speed/Somorob_Dynamixel/prefab.MobileTrunk/dynamixel_trunk/DynamixelSDK/dynamixel_sdk_examples -DCMAKE_INSTALL_PREFIX=/home/speed/Somorob_Dynamixel/install/dynamixel_sdk_examples
[2.216s] Invoking command in '/home/speed/Somorob_Dynamixel/build/dynamixel_sdk_examples': CMAKE_PREFIX_PATH=/home/speed/Somorob_Dynamixel/install/dynamixel_sdk_custom_interfaces:/home/speed/Somorob_Dynamixel/install/dynamixel_sdk:/home/speed/Somorob_Dynamixel/install/somorob:/home/speed/Somorob_Dynamixel/install/dynamixel_sdk_examples:/home/speed/Somorob_Dynamixel/install/bag_recorder_nodes:/home/speed/Somorob_Dynamixel/install/summit_xl:/home/speed/Somorob_Dynamixel/install/python_folder:/opt/ros/foxy PYTHONPATH=/home/speed/Somorob_Dynamixel/install/dynamixel_sdk_custom_interfaces/lib/python3.8/site-packages:/home/speed/Somorob_Dynamixel/install/summit_xl/lib/python3.8/site-packages:/home/speed/Somorob_Dynamixel/install/python_folder/lib/python3.8/site-packages:/opt/ros/foxy/lib/python3.8/site-packages:/home/speed/SOFA/v23.06.00/plugins/SofaPython2/lib/python3/site-packages:/home/speed/SOFA/v23.06.00/plugins/STLIB/lib/python3/site-packages:/usr/lib/python3.8:/home/speed/SOFA/v23.06.00/plugins/SoftRobots/share/sofa/examples/SoftRobots/sofaros /usr/bin/cmake --build /home/speed/Somorob_Dynamixel/build/dynamixel_sdk_examples -- -j24 -l24
[2.283s] [35m[1mScanning dependencies of target dynamixel_pub_sub[0m
[2.286s] [35m[1mScanning dependencies of target read_write_node[0m
[2.334s] [ 25%] [32mBuilding CXX object CMakeFiles/dynamixel_pub_sub.dir/src/dynamixel_pub_sub.cpp.o[0m
[2.339s] [ 50%] [32mBuilding CXX object CMakeFiles/read_write_node.dir/src/read_write_node.cpp.o[0m
[7.511s] [ 75%] [32m[1mLinking CXX executable dynamixel_pub_sub[0m
[7.598s] [100%] [32m[1mLinking CXX executable read_write_node[0m
[7.775s] [100%] Built target dynamixel_pub_sub
[7.866s] [100%] Built target read_write_node
[7.885s] Invoked command in '/home/speed/Somorob_Dynamixel/build/dynamixel_sdk_examples' returned '0': CMAKE_PREFIX_PATH=/home/speed/Somorob_Dynamixel/install/dynamixel_sdk_custom_interfaces:/home/speed/Somorob_Dynamixel/install/dynamixel_sdk:/home/speed/Somorob_Dynamixel/install/somorob:/home/speed/Somorob_Dynamixel/install/dynamixel_sdk_examples:/home/speed/Somorob_Dynamixel/install/bag_recorder_nodes:/home/speed/Somorob_Dynamixel/install/summit_xl:/home/speed/Somorob_Dynamixel/install/python_folder:/opt/ros/foxy PYTHONPATH=/home/speed/Somorob_Dynamixel/install/dynamixel_sdk_custom_interfaces/lib/python3.8/site-packages:/home/speed/Somorob_Dynamixel/install/summit_xl/lib/python3.8/site-packages:/home/speed/Somorob_Dynamixel/install/python_folder/lib/python3.8/site-packages:/opt/ros/foxy/lib/python3.8/site-packages:/home/speed/SOFA/v23.06.00/plugins/SofaPython2/lib/python3/site-packages:/home/speed/SOFA/v23.06.00/plugins/STLIB/lib/python3/site-packages:/usr/lib/python3.8:/home/speed/SOFA/v23.06.00/plugins/SoftRobots/share/sofa/examples/SoftRobots/sofaros /usr/bin/cmake --build /home/speed/Somorob_Dynamixel/build/dynamixel_sdk_examples -- -j24 -l24
[7.939s] Invoking command in '/home/speed/Somorob_Dynamixel/build/dynamixel_sdk_examples': CMAKE_PREFIX_PATH=/home/speed/Somorob_Dynamixel/install/dynamixel_sdk_custom_interfaces:/home/speed/Somorob_Dynamixel/install/dynamixel_sdk:/home/speed/Somorob_Dynamixel/install/somorob:/home/speed/Somorob_Dynamixel/install/dynamixel_sdk_examples:/home/speed/Somorob_Dynamixel/install/bag_recorder_nodes:/home/speed/Somorob_Dynamixel/install/summit_xl:/home/speed/Somorob_Dynamixel/install/python_folder:/opt/ros/foxy PYTHONPATH=/home/speed/Somorob_Dynamixel/install/dynamixel_sdk_custom_interfaces/lib/python3.8/site-packages:/home/speed/Somorob_Dynamixel/install/summit_xl/lib/python3.8/site-packages:/home/speed/Somorob_Dynamixel/install/python_folder/lib/python3.8/site-packages:/opt/ros/foxy/lib/python3.8/site-packages:/home/speed/SOFA/v23.06.00/plugins/SofaPython2/lib/python3/site-packages:/home/speed/SOFA/v23.06.00/plugins/STLIB/lib/python3/site-packages:/usr/lib/python3.8:/home/speed/SOFA/v23.06.00/plugins/SoftRobots/share/sofa/examples/SoftRobots/sofaros /usr/bin/cmake --install /home/speed/Somorob_Dynamixel/build/dynamixel_sdk_examples
[7.952s] -- Install configuration: ""
[7.952s] -- Installing: /home/speed/Somorob_Dynamixel/install/dynamixel_sdk_examples/lib/dynamixel_sdk_examples/read_write_node
[7.954s] -- Set runtime path of "/home/speed/Somorob_Dynamixel/install/dynamixel_sdk_examples/lib/dynamixel_sdk_examples/read_write_node" to ""
[7.955s] -- Installing: /home/speed/Somorob_Dynamixel/install/dynamixel_sdk_examples/lib/dynamixel_sdk_examples/dynamixel_pub_sub
[7.957s] -- Set runtime path of "/home/speed/Somorob_Dynamixel/install/dynamixel_sdk_examples/lib/dynamixel_sdk_examples/dynamixel_pub_sub" to ""
[7.957s] -- Installing: /home/speed/Somorob_Dynamixel/install/dynamixel_sdk_examples/share/ament_index/resource_index/package_run_dependencies/dynamixel_sdk_examples
[7.958s] -- Installing: /home/speed/Somorob_Dynamixel/install/dynamixel_sdk_examples/share/ament_index/resource_index/parent_prefix_path/dynamixel_sdk_examples
[7.958s] -- Installing: /home/speed/Somorob_Dynamixel/install/dynamixel_sdk_examples/share/dynamixel_sdk_examples/environment/ament_prefix_path.sh
[7.958s] -- Installing: /home/speed/Somorob_Dynamixel/install/dynamixel_sdk_examples/share/dynamixel_sdk_examples/environment/ament_prefix_path.dsv
[7.958s] -- Installing: /home/speed/Somorob_Dynamixel/install/dynamixel_sdk_examples/share/dynamixel_sdk_examples/environment/path.sh
[7.959s] -- Installing: /home/speed/Somorob_Dynamixel/install/dynamixel_sdk_examples/share/dynamixel_sdk_examples/environment/path.dsv
[7.959s] -- Installing: /home/speed/Somorob_Dynamixel/install/dynamixel_sdk_examples/share/dynamixel_sdk_examples/local_setup.bash
[7.959s] -- Installing: /home/speed/Somorob_Dynamixel/install/dynamixel_sdk_examples/share/dynamixel_sdk_examples/local_setup.sh
[7.959s] -- Installing: /home/speed/Somorob_Dynamixel/install/dynamixel_sdk_examples/share/dynamixel_sdk_examples/local_setup.zsh
[7.959s] -- Installing: /home/speed/Somorob_Dynamixel/install/dynamixel_sdk_examples/share/dynamixel_sdk_examples/local_setup.dsv
[7.960s] -- Installing: /home/speed/Somorob_Dynamixel/install/dynamixel_sdk_examples/share/dynamixel_sdk_examples/package.dsv
[7.960s] -- Installing: /home/speed/Somorob_Dynamixel/install/dynamixel_sdk_examples/share/ament_index/resource_index/packages/dynamixel_sdk_examples
[7.960s] -- Installing: /home/speed/Somorob_Dynamixel/install/dynamixel_sdk_examples/share/dynamixel_sdk_examples/cmake/dynamixel_sdk_examplesConfig.cmake
[7.960s] -- Installing: /home/speed/Somorob_Dynamixel/install/dynamixel_sdk_examples/share/dynamixel_sdk_examples/cmake/dynamixel_sdk_examplesConfig-version.cmake
[7.960s] -- Installing: /home/speed/Somorob_Dynamixel/install/dynamixel_sdk_examples/share/dynamixel_sdk_examples/package.xml
[7.969s] Invoked command in '/home/speed/Somorob_Dynamixel/build/dynamixel_sdk_examples' returned '0': CMAKE_PREFIX_PATH=/home/speed/Somorob_Dynamixel/install/dynamixel_sdk_custom_interfaces:/home/speed/Somorob_Dynamixel/install/dynamixel_sdk:/home/speed/Somorob_Dynamixel/install/somorob:/home/speed/Somorob_Dynamixel/install/dynamixel_sdk_examples:/home/speed/Somorob_Dynamixel/install/bag_recorder_nodes:/home/speed/Somorob_Dynamixel/install/summit_xl:/home/speed/Somorob_Dynamixel/install/python_folder:/opt/ros/foxy PYTHONPATH=/home/speed/Somorob_Dynamixel/install/dynamixel_sdk_custom_interfaces/lib/python3.8/site-packages:/home/speed/Somorob_Dynamixel/install/summit_xl/lib/python3.8/site-packages:/home/speed/Somorob_Dynamixel/install/python_folder/lib/python3.8/site-packages:/opt/ros/foxy/lib/python3.8/site-packages:/home/speed/SOFA/v23.06.00/plugins/SofaPython2/lib/python3/site-packages:/home/speed/SOFA/v23.06.00/plugins/STLIB/lib/python3/site-packages:/usr/lib/python3.8:/home/speed/SOFA/v23.06.00/plugins/SoftRobots/share/sofa/examples/SoftRobots/sofaros /usr/bin/cmake --install /home/speed/Somorob_Dynamixel/build/dynamixel_sdk_examples
