[0.027s] Invoking command in '/home/speed/Somorob_Dynamixel/build/dynamixel_sdk_examples': CMAKE_PREFIX_PATH=/home/speed/Somorob_Dynamixel/install/dynamixel_sdk_custom_interfaces:/home/speed/Somorob_Dynamixel/install/dynamixel_sdk:/home/speed/Somorob_Dynamixel/install/somorob:/home/speed/Somorob_Dynamixel/install/dynamixel_sdk_examples:/home/speed/Somorob_Dynamixel/install/bag_recorder_nodes:/home/speed/Somorob_Dynamixel/install/summit_xl:/home/speed/Somorob_Dynamixel/install/python_folder:/opt/ros/foxy PYTHONPATH=/home/speed/Somorob_Dynamixel/install/dynamixel_sdk_custom_interfaces/lib/python3.8/site-packages:/home/speed/Somorob_Dynamixel/install/summit_xl/lib/python3.8/site-packages:/home/speed/Somorob_Dynamixel/install/python_folder/lib/python3.8/site-packages:/opt/ros/foxy/lib/python3.8/site-packages:/home/speed/SOFA/v23.06.00/plugins/SofaPython2/lib/python3/site-packages:/home/speed/SOFA/v23.06.00/plugins/STLIB/lib/python3/site-packages:/usr/lib/python3.8:/home/speed/SOFA/v23.06.00/plugins/SoftRobots/share/sofa/examples/SoftRobots/sofaros /usr/bin/cmake /home/speed/Somorob_Dynamixel/prefab.MobileTrunk/dynamixel_trunk/DynamixelSDK/dynamixel_sdk_examples -DCMAKE_INSTALL_PREFIX=/home/speed/Somorob_Dynamixel/install/dynamixel_sdk_examples
[0.117s] -- The C compiler identification is GNU 9.4.0
[0.204s] -- The CXX compiler identification is GNU 9.4.0
[0.212s] -- Check for working C compiler: /usr/bin/cc
[0.319s] -- Check for working C compiler: /usr/bin/cc -- works
[0.321s] -- Detecting C compiler ABI info
[0.435s] -- Detecting C compiler ABI info - done
[0.452s] -- Detecting C compile features
[0.453s] -- Detecting C compile features - done
[0.455s] -- Check for working CXX compiler: /usr/bin/c++
[0.579s] -- Check for working CXX compiler: /usr/bin/c++ -- works
[0.582s] -- Detecting CXX compiler ABI info
[0.711s] -- Detecting CXX compiler ABI info - done
[0.729s] -- Detecting CXX compile features
[0.729s] -- Detecting CXX compile features - done
[0.732s] -- Found ament_cmake: 0.9.12 (/opt/ros/foxy/share/ament_cmake/cmake)
[0.770s] -- Found PythonInterp: /usr/bin/python3 (found suitable version "3.8.10", minimum required is "3") 
[0.770s] -- Using PYTHON_EXECUTABLE: /usr/bin/python3
[1.043s] -- Found dynamixel_sdk: 3.7.40 (/home/speed/Somorob_Dynamixel/install/dynamixel_sdk/share/dynamixel_sdk/cmake)
[1.044s] -- Found dynamixel_sdk_custom_interfaces: 3.7.40 (/home/speed/Somorob_Dynamixel/install/dynamixel_sdk_custom_interfaces/share/dynamixel_sdk_custom_interfaces/cmake)
[1.077s] -- Using all available rosidl_typesupport_c: rosidl_typesupport_fastrtps_c;rosidl_typesupport_introspection_c
[1.085s] -- Found rosidl_adapter: 1.3.1 (/opt/ros/foxy/share/rosidl_adapter/cmake)
[1.205s] -- Found OpenSSL: /usr/lib/x86_64-linux-gnu/libcrypto.so (found version "1.1.1f")  
[1.241s] -- Found FastRTPS: /opt/ros/foxy/include  
[1.328s] -- Using all available rosidl_typesupport_cpp: rosidl_typesupport_fastrtps_cpp;rosidl_typesupport_introspection_cpp
[1.378s] -- Found rclcpp: 2.4.3 (/opt/ros/foxy/share/rclcpp/cmake)
[1.424s] -- Found rmw_implementation_cmake: 1.0.4 (/opt/ros/foxy/share/rmw_implementation_cmake/cmake)
[1.426s] -- Using RMW implementation 'rmw_fastrtps_cpp' as default
[1.427s] -- Looking for pthread.h
[1.543s] -- Looking for pthread.h - found
[1.544s] -- Performing Test CMAKE_HAVE_LIBC_PTHREAD
[1.672s] -- Performing Test CMAKE_HAVE_LIBC_PTHREAD - Failed
[1.672s] -- Looking for pthread_create in pthreads
[1.784s] -- Looking for pthread_create in pthreads - not found
[1.784s] -- Looking for pthread_create in pthread
[1.906s] -- Looking for pthread_create in pthread - found
[1.909s] -- Found Threads: TRUE  
[2.074s] -- Found ament_lint_auto: 0.9.8 (/opt/ros/foxy/share/ament_lint_auto/cmake)
[2.171s] -- Added test 'copyright' to check source files copyright and LICENSE
[2.172s] -- Added test 'cppcheck' to perform static code analysis on C / C++ code
[2.173s] -- Configured cppcheck include dirs: /home/speed/Somorob_Dynamixel/prefab.MobileTrunk/dynamixel_trunk/DynamixelSDK/dynamixel_sdk_examples/include
[2.173s] -- Configured cppcheck exclude dirs and/or files: 
[2.174s] -- Added test 'cpplint' to check C / C++ code against the Google style
[2.174s] -- Configured cpplint exclude dirs and/or files: 
[2.175s] -- Added test 'lint_cmake' to check CMake code style
[2.176s] -- Added test 'uncrustify' to check C / C++ code style
[2.176s] -- Configured uncrustify additional arguments: 
[2.176s] -- Added test 'xmllint' to check XML markup files
[2.180s] -- Configuring done
[2.191s] -- Generating done
[2.193s] -- Build files have been written to: /home/speed/Somorob_Dynamixel/build/dynamixel_sdk_examples
