running egg_info
creating ../../../../build/summit_xl/summit_xl.egg-info
writing ../../../../build/summit_xl/summit_xl.egg-info/PKG-INFO
writing dependency_links to ../../../../build/summit_xl/summit_xl.egg-info/dependency_links.txt
writing entry points to ../../../../build/summit_xl/summit_xl.egg-info/entry_points.txt
writing requirements to ../../../../build/summit_xl/summit_xl.egg-info/requires.txt
writing top-level names to ../../../../build/summit_xl/summit_xl.egg-info/top_level.txt
writing manifest file '../../../../build/summit_xl/summit_xl.egg-info/SOURCES.txt'
reading manifest file '../../../../build/summit_xl/summit_xl.egg-info/SOURCES.txt'
writing manifest file '../../../../build/summit_xl/summit_xl.egg-info/SOURCES.txt'
running build
running build_py
creating /home/speed/Somorob_Dynamixel/build/summit_xl/build
creating /home/speed/Somorob_Dynamixel/build/summit_xl/build/lib
creating /home/speed/Somorob_Dynamixel/build/summit_xl/build/lib/summit_xl
copying summit_xl/__init__.py -> /home/speed/Somorob_Dynamixel/build/summit_xl/build/lib/summit_xl
copying summit_xl/summit_xl_teleop_key.py -> /home/speed/Somorob_Dynamixel/build/summit_xl/build/lib/summit_xl
running install
running install_lib
creating /home/speed/Somorob_Dynamixel/install/summit_xl/lib/python3.8/site-packages/summit_xl
copying /home/speed/Somorob_Dynamixel/build/summit_xl/build/lib/summit_xl/__init__.py -> /home/speed/Somorob_Dynamixel/install/summit_xl/lib/python3.8/site-packages/summit_xl
copying /home/speed/Somorob_Dynamixel/build/summit_xl/build/lib/summit_xl/summit_xl_teleop_key.py -> /home/speed/Somorob_Dynamixel/install/summit_xl/lib/python3.8/site-packages/summit_xl
byte-compiling /home/speed/Somorob_Dynamixel/install/summit_xl/lib/python3.8/site-packages/summit_xl/__init__.py to __init__.cpython-38.pyc
byte-compiling /home/speed/Somorob_Dynamixel/install/summit_xl/lib/python3.8/site-packages/summit_xl/summit_xl_teleop_key.py to summit_xl_teleop_key.cpython-38.pyc
running install_data
creating /home/speed/Somorob_Dynamixel/install/summit_xl/share/ament_index
creating /home/speed/Somorob_Dynamixel/install/summit_xl/share/ament_index/resource_index
creating /home/speed/Somorob_Dynamixel/install/summit_xl/share/ament_index/resource_index/packages
copying resource/summit_xl -> /home/speed/Somorob_Dynamixel/install/summit_xl/share/ament_index/resource_index/packages
copying package.xml -> /home/speed/Somorob_Dynamixel/install/summit_xl/share/summit_xl
running install_egg_info
Copying ../../../../build/summit_xl/summit_xl.egg-info to /home/speed/Somorob_Dynamixel/install/summit_xl/lib/python3.8/site-packages/summit_xl-0.0.0-py3.8.egg-info
running install_scripts
Installing summit_xl_teleop_key script to /home/speed/Somorob_Dynamixel/install/summit_xl/lib/summit_xl
writing list of installed files to '/home/speed/Somorob_Dynamixel/build/summit_xl/install.log'
