[0.027s] Invoking command in '/home/speed/Somorob_Dynamixel/build/dynamixel_sdk_examples': CMAKE_PREFIX_PATH=/home/speed/Somorob_Dynamixel/install/dynamixel_sdk_custom_interfaces:/home/speed/Somorob_Dynamixel/install/dynamixel_sdk:/home/speed/Somorob_Dynamixel/install/somorob:/home/speed/Somorob_Dynamixel/install/dynamixel_sdk_examples:/home/speed/Somorob_Dynamixel/install/bag_recorder_nodes:/home/speed/Somorob_Dynamixel/install/summit_xl:/home/speed/Somorob_Dynamixel/install/python_folder:/opt/ros/foxy PYTHONPATH=/home/speed/Somorob_Dynamixel/install/dynamixel_sdk_custom_interfaces/lib/python3.8/site-packages:/home/speed/Somorob_Dynamixel/install/summit_xl/lib/python3.8/site-packages:/home/speed/Somorob_Dynamixel/install/python_folder/lib/python3.8/site-packages:/opt/ros/foxy/lib/python3.8/site-packages:/home/speed/SOFA/v23.06.00/plugins/SofaPython2/lib/python3/site-packages:/home/speed/SOFA/v23.06.00/plugins/STLIB/lib/python3/site-packages:/usr/lib/python3.8:/home/speed/SOFA/v23.06.00/plugins/SoftRobots/share/sofa/examples/SoftRobots/sofaros /usr/bin/cmake --build /home/speed/Somorob_Dynamixel/build/dynamixel_sdk_examples -- -j24 -l24
[0.128s] [ 50%] Built target read_write_node
[0.128s] [100%] Built target dynamixel_pub_sub
[0.146s] Invoked command in '/home/speed/Somorob_Dynamixel/build/dynamixel_sdk_examples' returned '0': CMAKE_PREFIX_PATH=/home/speed/Somorob_Dynamixel/install/dynamixel_sdk_custom_interfaces:/home/speed/Somorob_Dynamixel/install/dynamixel_sdk:/home/speed/Somorob_Dynamixel/install/somorob:/home/speed/Somorob_Dynamixel/install/dynamixel_sdk_examples:/home/speed/Somorob_Dynamixel/install/bag_recorder_nodes:/home/speed/Somorob_Dynamixel/install/summit_xl:/home/speed/Somorob_Dynamixel/install/python_folder:/opt/ros/foxy PYTHONPATH=/home/speed/Somorob_Dynamixel/install/dynamixel_sdk_custom_interfaces/lib/python3.8/site-packages:/home/speed/Somorob_Dynamixel/install/summit_xl/lib/python3.8/site-packages:/home/speed/Somorob_Dynamixel/install/python_folder/lib/python3.8/site-packages:/opt/ros/foxy/lib/python3.8/site-packages:/home/speed/SOFA/v23.06.00/plugins/SofaPython2/lib/python3/site-packages:/home/speed/SOFA/v23.06.00/plugins/STLIB/lib/python3/site-packages:/usr/lib/python3.8:/home/speed/SOFA/v23.06.00/plugins/SoftRobots/share/sofa/examples/SoftRobots/sofaros /usr/bin/cmake --build /home/speed/Somorob_Dynamixel/build/dynamixel_sdk_examples -- -j24 -l24
[0.195s] Invoking command in '/home/speed/Somorob_Dynamixel/build/dynamixel_sdk_examples': CMAKE_PREFIX_PATH=/home/speed/Somorob_Dynamixel/install/dynamixel_sdk_custom_interfaces:/home/speed/Somorob_Dynamixel/install/dynamixel_sdk:/home/speed/Somorob_Dynamixel/install/somorob:/home/speed/Somorob_Dynamixel/install/dynamixel_sdk_examples:/home/speed/Somorob_Dynamixel/install/bag_recorder_nodes:/home/speed/Somorob_Dynamixel/install/summit_xl:/home/speed/Somorob_Dynamixel/install/python_folder:/opt/ros/foxy PYTHONPATH=/home/speed/Somorob_Dynamixel/install/dynamixel_sdk_custom_interfaces/lib/python3.8/site-packages:/home/speed/Somorob_Dynamixel/install/summit_xl/lib/python3.8/site-packages:/home/speed/Somorob_Dynamixel/install/python_folder/lib/python3.8/site-packages:/opt/ros/foxy/lib/python3.8/site-packages:/home/speed/SOFA/v23.06.00/plugins/SofaPython2/lib/python3/site-packages:/home/speed/SOFA/v23.06.00/plugins/STLIB/lib/python3/site-packages:/usr/lib/python3.8:/home/speed/SOFA/v23.06.00/plugins/SoftRobots/share/sofa/examples/SoftRobots/sofaros /usr/bin/cmake --install /home/speed/Somorob_Dynamixel/build/dynamixel_sdk_examples
[0.207s] -- Install configuration: ""
[0.207s] -- Installing: /home/speed/Somorob_Dynamixel/install/dynamixel_sdk_examples/lib/dynamixel_sdk_examples/read_write_node
[0.209s] -- Set runtime path of "/home/speed/Somorob_Dynamixel/install/dynamixel_sdk_examples/lib/dynamixel_sdk_examples/read_write_node" to ""
[0.210s] -- Installing: /home/speed/Somorob_Dynamixel/install/dynamixel_sdk_examples/lib/dynamixel_sdk_examples/dynamixel_pub_sub
[0.212s] -- Set runtime path of "/home/speed/Somorob_Dynamixel/install/dynamixel_sdk_examples/lib/dynamixel_sdk_examples/dynamixel_pub_sub" to ""
[0.212s] -- Installing: /home/speed/Somorob_Dynamixel/install/dynamixel_sdk_examples/share/ament_index/resource_index/package_run_dependencies/dynamixel_sdk_examples
[0.212s] -- Installing: /home/speed/Somorob_Dynamixel/install/dynamixel_sdk_examples/share/ament_index/resource_index/parent_prefix_path/dynamixel_sdk_examples
[0.212s] -- Installing: /home/speed/Somorob_Dynamixel/install/dynamixel_sdk_examples/share/dynamixel_sdk_examples/environment/ament_prefix_path.sh
[0.212s] -- Installing: /home/speed/Somorob_Dynamixel/install/dynamixel_sdk_examples/share/dynamixel_sdk_examples/environment/ament_prefix_path.dsv
[0.213s] -- Installing: /home/speed/Somorob_Dynamixel/install/dynamixel_sdk_examples/share/dynamixel_sdk_examples/environment/path.sh
[0.213s] -- Installing: /home/speed/Somorob_Dynamixel/install/dynamixel_sdk_examples/share/dynamixel_sdk_examples/environment/path.dsv
[0.213s] -- Installing: /home/speed/Somorob_Dynamixel/install/dynamixel_sdk_examples/share/dynamixel_sdk_examples/local_setup.bash
[0.213s] -- Installing: /home/speed/Somorob_Dynamixel/install/dynamixel_sdk_examples/share/dynamixel_sdk_examples/local_setup.sh
[0.213s] -- Installing: /home/speed/Somorob_Dynamixel/install/dynamixel_sdk_examples/share/dynamixel_sdk_examples/local_setup.zsh
[0.213s] -- Installing: /home/speed/Somorob_Dynamixel/install/dynamixel_sdk_examples/share/dynamixel_sdk_examples/local_setup.dsv
[0.214s] -- Installing: /home/speed/Somorob_Dynamixel/install/dynamixel_sdk_examples/share/dynamixel_sdk_examples/package.dsv
[0.214s] -- Installing: /home/speed/Somorob_Dynamixel/install/dynamixel_sdk_examples/share/ament_index/resource_index/packages/dynamixel_sdk_examples
[0.214s] -- Installing: /home/speed/Somorob_Dynamixel/install/dynamixel_sdk_examples/share/dynamixel_sdk_examples/cmake/dynamixel_sdk_examplesConfig.cmake
[0.214s] -- Installing: /home/speed/Somorob_Dynamixel/install/dynamixel_sdk_examples/share/dynamixel_sdk_examples/cmake/dynamixel_sdk_examplesConfig-version.cmake
[0.214s] -- Installing: /home/speed/Somorob_Dynamixel/install/dynamixel_sdk_examples/share/dynamixel_sdk_examples/package.xml
[0.222s] Invoked command in '/home/speed/Somorob_Dynamixel/build/dynamixel_sdk_examples' returned '0': CMAKE_PREFIX_PATH=/home/speed/Somorob_Dynamixel/install/dynamixel_sdk_custom_interfaces:/home/speed/Somorob_Dynamixel/install/dynamixel_sdk:/home/speed/Somorob_Dynamixel/install/somorob:/home/speed/Somorob_Dynamixel/install/dynamixel_sdk_examples:/home/speed/Somorob_Dynamixel/install/bag_recorder_nodes:/home/speed/Somorob_Dynamixel/install/summit_xl:/home/speed/Somorob_Dynamixel/install/python_folder:/opt/ros/foxy PYTHONPATH=/home/speed/Somorob_Dynamixel/install/dynamixel_sdk_custom_interfaces/lib/python3.8/site-packages:/home/speed/Somorob_Dynamixel/install/summit_xl/lib/python3.8/site-packages:/home/speed/Somorob_Dynamixel/install/python_folder/lib/python3.8/site-packages:/opt/ros/foxy/lib/python3.8/site-packages:/home/speed/SOFA/v23.06.00/plugins/SofaPython2/lib/python3/site-packages:/home/speed/SOFA/v23.06.00/plugins/STLIB/lib/python3/site-packages:/usr/lib/python3.8:/home/speed/SOFA/v23.06.00/plugins/SoftRobots/share/sofa/examples/SoftRobots/sofaros /usr/bin/cmake --install /home/speed/Somorob_Dynamixel/build/dynamixel_sdk_examples
