[0.070s] Invoking command in '/home/speed/Somorob_Dynamixel/build/dynamixel_sdk': CMAKE_PREFIX_PATH=${CMAKE_PREFIX_PATH}:/home/speed/Somorob_Dynamixel/install/summit_xl:/home/speed/Somorob_Dynamixel/install/python_folder:/opt/ros/foxy /usr/bin/cmake /home/speed/Somorob_Dynamixel/prefab.MobileTrunk/dynamixel_trunk/DynamixelSDK/dynamixel_sdk -DCMAKE_INSTALL_PREFIX=/home/speed/Somorob_Dynamixel/install/dynamixel_sdk
[0.381s] -- The C compiler identification is GNU 9.4.0
[0.382s] -- The CXX compiler identification is GNU 9.4.0
[0.382s] -- Check for working C compiler: /usr/bin/cc
[0.382s] -- Check for working C compiler: /usr/bin/cc -- works
[0.383s] -- Detecting C compiler ABI info
[0.439s] -- Detecting C compiler ABI info - done
[0.453s] -- Detecting C compile features
[0.453s] -- Detecting C compile features - done
[0.456s] -- Check for working CXX compiler: /usr/bin/c++
[0.576s] -- Check for working CXX compiler: /usr/bin/c++ -- works
[0.579s] -- Detecting CXX compiler ABI info
[0.685s] -- Detecting CXX compiler ABI info - done
[0.705s] -- Detecting CXX compile features
[0.707s] -- Detecting CXX compile features - done
[0.711s] -- Found ament_cmake: 0.9.12 (/opt/ros/foxy/share/ament_cmake/cmake)
[0.740s] -- Found PythonInterp: /usr/bin/python3 (found suitable version "3.8.10", minimum required is "3") 
[0.741s] -- Using PYTHON_EXECUTABLE: /usr/bin/python3
[1.085s] -- Configuring done
[1.090s] -- Generating done
[1.091s] -- Build files have been written to: /home/speed/Somorob_Dynamixel/build/dynamixel_sdk
[1.097s] Invoked command in '/home/speed/Somorob_Dynamixel/build/dynamixel_sdk' returned '0': CMAKE_PREFIX_PATH=${CMAKE_PREFIX_PATH}:/home/speed/Somorob_Dynamixel/install/summit_xl:/home/speed/Somorob_Dynamixel/install/python_folder:/opt/ros/foxy /usr/bin/cmake /home/speed/Somorob_Dynamixel/prefab.MobileTrunk/dynamixel_trunk/DynamixelSDK/dynamixel_sdk -DCMAKE_INSTALL_PREFIX=/home/speed/Somorob_Dynamixel/install/dynamixel_sdk
[1.103s] Invoking command in '/home/speed/Somorob_Dynamixel/build/dynamixel_sdk': CMAKE_PREFIX_PATH=${CMAKE_PREFIX_PATH}:/home/speed/Somorob_Dynamixel/install/summit_xl:/home/speed/Somorob_Dynamixel/install/python_folder:/opt/ros/foxy /usr/bin/cmake --build /home/speed/Somorob_Dynamixel/build/dynamixel_sdk -- -j24 -l24
[1.160s] [35m[1mScanning dependencies of target dynamixel_sdk[0m
[1.180s] [ 10%] [32mBuilding CXX object CMakeFiles/dynamixel_sdk.dir/src/dynamixel_sdk/port_handler_linux.cpp.o[0m
[1.182s] [ 20%] [32mBuilding CXX object CMakeFiles/dynamixel_sdk.dir/src/dynamixel_sdk/protocol2_packet_handler.cpp.o[0m
[1.182s] [ 30%] [32mBuilding CXX object CMakeFiles/dynamixel_sdk.dir/src/dynamixel_sdk/group_sync_read.cpp.o[0m
[1.183s] [ 40%] [32mBuilding CXX object CMakeFiles/dynamixel_sdk.dir/src/dynamixel_sdk/packet_handler.cpp.o[0m
[1.184s] [ 50%] [32mBuilding CXX object CMakeFiles/dynamixel_sdk.dir/src/dynamixel_sdk/group_sync_write.cpp.o[0m
[1.185s] [ 70%] [32mBuilding CXX object CMakeFiles/dynamixel_sdk.dir/src/dynamixel_sdk/protocol1_packet_handler.cpp.o[0m
[1.186s] [ 70%] [32mBuilding CXX object CMakeFiles/dynamixel_sdk.dir/src/dynamixel_sdk/port_handler.cpp.o[0m
[1.186s] [ 80%] [32mBuilding CXX object CMakeFiles/dynamixel_sdk.dir/src/dynamixel_sdk/group_bulk_write.cpp.o[0m
[1.187s] [ 90%] [32mBuilding CXX object CMakeFiles/dynamixel_sdk.dir/src/dynamixel_sdk/group_bulk_read.cpp.o[0m
[1.846s] [100%] [32m[1mLinking CXX shared library libdynamixel_sdk.so[0m
[1.952s] [100%] Built target dynamixel_sdk
