[0.073s] Invoking command in '/home/speed/Somorob_Dynamixel/build/dynamixel_sdk': CMAKE_PREFIX_PATH=${CMAKE_PREFIX_PATH}:/home/speed/Somorob_Dynamixel/install/summit_xl:/home/speed/Somorob_Dynamixel/install/python_folder:/opt/ros/foxy /usr/bin/cmake --build /home/speed/Somorob_Dynamixel/build/dynamixel_sdk -- -j24 -l24
[0.382s] [100%] Built target dynamixel_sdk
[0.386s] Invoked command in '/home/speed/Somorob_Dynamixel/build/dynamixel_sdk' returned '0': CMAKE_PREFIX_PATH=${CMAKE_PREFIX_PATH}:/home/speed/Somorob_Dynamixel/install/summit_xl:/home/speed/Somorob_Dynamixel/install/python_folder:/opt/ros/foxy /usr/bin/cmake --build /home/speed/Somorob_Dynamixel/build/dynamixel_sdk -- -j24 -l24
[0.717s] Invoking command in '/home/speed/Somorob_Dynamixel/build/dynamixel_sdk': CMAKE_PREFIX_PATH=${CMAKE_PREFIX_PATH}:/home/speed/Somorob_Dynamixel/install/summit_xl:/home/speed/Somorob_Dynamixel/install/python_folder:/opt/ros/foxy /usr/bin/cmake --install /home/speed/Somorob_Dynamixel/build/dynamixel_sdk
[0.731s] -- Install configuration: ""
[0.731s] -- Installing: /home/speed/Somorob_Dynamixel/install/dynamixel_sdk/include/
[0.732s] -- Installing: /home/speed/Somorob_Dynamixel/install/dynamixel_sdk/include//dynamixel_sdk
[0.732s] -- Installing: /home/speed/Somorob_Dynamixel/install/dynamixel_sdk/include//dynamixel_sdk/port_handler.h
[0.732s] -- Installing: /home/speed/Somorob_Dynamixel/install/dynamixel_sdk/include//dynamixel_sdk/port_handler_arduino.h
[0.732s] -- Installing: /home/speed/Somorob_Dynamixel/install/dynamixel_sdk/include//dynamixel_sdk/dynamixel_sdk.h
[0.732s] -- Installing: /home/speed/Somorob_Dynamixel/install/dynamixel_sdk/include//dynamixel_sdk/group_sync_write.h
[0.733s] -- Installing: /home/speed/Somorob_Dynamixel/install/dynamixel_sdk/include//dynamixel_sdk/group_sync_read.h
[0.733s] -- Installing: /home/speed/Somorob_Dynamixel/install/dynamixel_sdk/include//dynamixel_sdk/group_bulk_write.h
[0.733s] -- Installing: /home/speed/Somorob_Dynamixel/install/dynamixel_sdk/include//dynamixel_sdk/protocol1_packet_handler.h
[0.733s] -- Installing: /home/speed/Somorob_Dynamixel/install/dynamixel_sdk/include//dynamixel_sdk/port_handler_windows.h
[0.733s] -- Installing: /home/speed/Somorob_Dynamixel/install/dynamixel_sdk/include//dynamixel_sdk/port_handler_linux.h
[0.734s] -- Installing: /home/speed/Somorob_Dynamixel/install/dynamixel_sdk/include//dynamixel_sdk/group_bulk_read.h
[0.734s] -- Installing: /home/speed/Somorob_Dynamixel/install/dynamixel_sdk/include//dynamixel_sdk/protocol2_packet_handler.h
[0.734s] -- Installing: /home/speed/Somorob_Dynamixel/install/dynamixel_sdk/include//dynamixel_sdk/port_handler_mac.h
[0.734s] -- Installing: /home/speed/Somorob_Dynamixel/install/dynamixel_sdk/include//dynamixel_sdk/packet_handler.h
[0.734s] -- Installing: /home/speed/Somorob_Dynamixel/install/dynamixel_sdk/lib/libdynamixel_sdk.so
[0.734s] -- Installing: /home/speed/Somorob_Dynamixel/install/dynamixel_sdk/share/dynamixel_sdk/environment/library_path.sh
[0.735s] -- Installing: /home/speed/Somorob_Dynamixel/install/dynamixel_sdk/share/dynamixel_sdk/environment/library_path.dsv
[0.735s] -- Installing: /home/speed/Somorob_Dynamixel/install/dynamixel_sdk/share/ament_index/resource_index/package_run_dependencies/dynamixel_sdk
[0.735s] -- Installing: /home/speed/Somorob_Dynamixel/install/dynamixel_sdk/share/ament_index/resource_index/parent_prefix_path/dynamixel_sdk
[0.735s] -- Installing: /home/speed/Somorob_Dynamixel/install/dynamixel_sdk/share/dynamixel_sdk/environment/ament_prefix_path.sh
[0.736s] -- Installing: /home/speed/Somorob_Dynamixel/install/dynamixel_sdk/share/dynamixel_sdk/environment/ament_prefix_path.dsv
[0.736s] -- Installing: /home/speed/Somorob_Dynamixel/install/dynamixel_sdk/share/dynamixel_sdk/environment/path.sh
[0.736s] -- Installing: /home/speed/Somorob_Dynamixel/install/dynamixel_sdk/share/dynamixel_sdk/environment/path.dsv
[0.736s] -- Installing: /home/speed/Somorob_Dynamixel/install/dynamixel_sdk/share/dynamixel_sdk/local_setup.bash
[0.737s] -- Installing: /home/speed/Somorob_Dynamixel/install/dynamixel_sdk/share/dynamixel_sdk/local_setup.sh
[0.737s] -- Installing: /home/speed/Somorob_Dynamixel/install/dynamixel_sdk/share/dynamixel_sdk/local_setup.zsh
[0.737s] -- Installing: /home/speed/Somorob_Dynamixel/install/dynamixel_sdk/share/dynamixel_sdk/local_setup.dsv
[0.737s] -- Installing: /home/speed/Somorob_Dynamixel/install/dynamixel_sdk/share/dynamixel_sdk/package.dsv
[0.737s] -- Installing: /home/speed/Somorob_Dynamixel/install/dynamixel_sdk/share/ament_index/resource_index/packages/dynamixel_sdk
[0.738s] -- Installing: /home/speed/Somorob_Dynamixel/install/dynamixel_sdk/share/dynamixel_sdk/cmake/ament_cmake_export_include_directories-extras.cmake
[0.738s] -- Installing: /home/speed/Somorob_Dynamixel/install/dynamixel_sdk/share/dynamixel_sdk/cmake/ament_cmake_export_libraries-extras.cmake
[0.738s] -- Installing: /home/speed/Somorob_Dynamixel/install/dynamixel_sdk/share/dynamixel_sdk/cmake/dynamixel_sdkConfig.cmake
[0.738s] -- Installing: /home/speed/Somorob_Dynamixel/install/dynamixel_sdk/share/dynamixel_sdk/cmake/dynamixel_sdkConfig-version.cmake
[0.739s] -- Installing: /home/speed/Somorob_Dynamixel/install/dynamixel_sdk/share/dynamixel_sdk/package.xml
[0.743s] Invoked command in '/home/speed/Somorob_Dynamixel/build/dynamixel_sdk' returned '0': CMAKE_PREFIX_PATH=${CMAKE_PREFIX_PATH}:/home/speed/Somorob_Dynamixel/install/summit_xl:/home/speed/Somorob_Dynamixel/install/python_folder:/opt/ros/foxy /usr/bin/cmake --install /home/speed/Somorob_Dynamixel/build/dynamixel_sdk
