[0.078s] Invoking command in '/home/speed/Somorob_Dynamixel/build/dynamixel_sdk': CMAKE_PREFIX_PATH=${CMAKE_PREFIX_PATH}:/home/speed/Somorob_Dynamixel/install/summit_xl:/home/speed/Somorob_Dynamixel/install/python_folder:/opt/ros/foxy /usr/bin/cmake /home/speed/Somorob_Dynamixel/prefab.MobileTrunk/dynamixel_trunk/DynamixelSDK/dynamixel_sdk -DCMAKE_INSTALL_PREFIX=/home/speed/Somorob_Dynamixel/install/dynamixel_sdk
[0.393s] -- The C compiler identification is GNU 9.4.0
[0.394s] -- The CXX compiler identification is GNU 9.4.0
[0.394s] -- Check for working C compiler: /usr/bin/cc
[0.395s] -- Check for working C compiler: /usr/bin/cc -- works
[0.395s] -- Detecting C compiler ABI info
[0.441s] -- Detecting C compiler ABI info - done
[0.463s] -- Detecting C compile features
[0.464s] -- Detecting C compile features - done
[0.466s] -- Check for working CXX compiler: /usr/bin/c++
[0.574s] -- Check for working CXX compiler: /usr/bin/c++ -- works
[0.576s] -- Detecting CXX compiler ABI info
[0.679s] -- Detecting CXX compiler ABI info - done
[0.707s] -- Detecting CXX compile features
[0.708s] -- Detecting CXX compile features - done
[0.712s] -- Found ament_cmake: 0.9.12 (/opt/ros/foxy/share/ament_cmake/cmake)
[0.751s] -- Found PythonInterp: /usr/bin/python3 (found suitable version "3.8.10", minimum required is "3") 
[0.752s] -- Using PYTHON_EXECUTABLE: /usr/bin/python3
[1.108s] -- Configuring done
[1.112s] -- Generating done
[1.113s] -- Build files have been written to: /home/speed/Somorob_Dynamixel/build/dynamixel_sdk
[1.118s] Invoked command in '/home/speed/Somorob_Dynamixel/build/dynamixel_sdk' returned '0': CMAKE_PREFIX_PATH=${CMAKE_PREFIX_PATH}:/home/speed/Somorob_Dynamixel/install/summit_xl:/home/speed/Somorob_Dynamixel/install/python_folder:/opt/ros/foxy /usr/bin/cmake /home/speed/Somorob_Dynamixel/prefab.MobileTrunk/dynamixel_trunk/DynamixelSDK/dynamixel_sdk -DCMAKE_INSTALL_PREFIX=/home/speed/Somorob_Dynamixel/install/dynamixel_sdk
[1.124s] Invoking command in '/home/speed/Somorob_Dynamixel/build/dynamixel_sdk': CMAKE_PREFIX_PATH=${CMAKE_PREFIX_PATH}:/home/speed/Somorob_Dynamixel/install/summit_xl:/home/speed/Somorob_Dynamixel/install/python_folder:/opt/ros/foxy /usr/bin/cmake --build /home/speed/Somorob_Dynamixel/build/dynamixel_sdk -- -j24 -l24
[1.177s] [35m[1mScanning dependencies of target dynamixel_sdk[0m
[1.196s] [ 10%] [32mBuilding CXX object CMakeFiles/dynamixel_sdk.dir/src/dynamixel_sdk/packet_handler.cpp.o[0m
[1.197s] [ 20%] [32mBuilding CXX object CMakeFiles/dynamixel_sdk.dir/src/dynamixel_sdk/group_sync_read.cpp.o[0m
[1.197s] [ 30%] [32mBuilding CXX object CMakeFiles/dynamixel_sdk.dir/src/dynamixel_sdk/protocol2_packet_handler.cpp.o[0m
[1.197s] [ 40%] [32mBuilding CXX object CMakeFiles/dynamixel_sdk.dir/src/dynamixel_sdk/protocol1_packet_handler.cpp.o[0m
[1.199s] [ 50%] [32mBuilding CXX object CMakeFiles/dynamixel_sdk.dir/src/dynamixel_sdk/group_bulk_read.cpp.o[0m
[1.199s] [ 60%] [32mBuilding CXX object CMakeFiles/dynamixel_sdk.dir/src/dynamixel_sdk/group_bulk_write.cpp.o[0m
[1.200s] [ 70%] [32mBuilding CXX object CMakeFiles/dynamixel_sdk.dir/src/dynamixel_sdk/port_handler_linux.cpp.o[0m
[1.200s] [ 80%] [32mBuilding CXX object CMakeFiles/dynamixel_sdk.dir/src/dynamixel_sdk/port_handler.cpp.o[0m
[1.201s] [ 90%] [32mBuilding CXX object CMakeFiles/dynamixel_sdk.dir/src/dynamixel_sdk/group_sync_write.cpp.o[0m
[1.772s] [100%] [32m[1mLinking CXX shared library libdynamixel_sdk.so[0m
[1.881s] [100%] Built target dynamixel_sdk
[1.897s] Invoked command in '/home/speed/Somorob_Dynamixel/build/dynamixel_sdk' returned '0': CMAKE_PREFIX_PATH=${CMAKE_PREFIX_PATH}:/home/speed/Somorob_Dynamixel/install/summit_xl:/home/speed/Somorob_Dynamixel/install/python_folder:/opt/ros/foxy /usr/bin/cmake --build /home/speed/Somorob_Dynamixel/build/dynamixel_sdk -- -j24 -l24
[1.987s] Invoking command in '/home/speed/Somorob_Dynamixel/build/dynamixel_sdk': CMAKE_PREFIX_PATH=${CMAKE_PREFIX_PATH}:/home/speed/Somorob_Dynamixel/install/summit_xl:/home/speed/Somorob_Dynamixel/install/python_folder:/opt/ros/foxy /usr/bin/cmake --install /home/speed/Somorob_Dynamixel/build/dynamixel_sdk
[2.000s] -- Install configuration: ""
[2.000s] -- Installing: /home/speed/Somorob_Dynamixel/install/dynamixel_sdk/include/
[2.000s] -- Installing: /home/speed/Somorob_Dynamixel/install/dynamixel_sdk/include//dynamixel_sdk
[2.000s] -- Installing: /home/speed/Somorob_Dynamixel/install/dynamixel_sdk/include//dynamixel_sdk/port_handler.h
[2.001s] -- Installing: /home/speed/Somorob_Dynamixel/install/dynamixel_sdk/include//dynamixel_sdk/port_handler_arduino.h
[2.001s] -- Installing: /home/speed/Somorob_Dynamixel/install/dynamixel_sdk/include//dynamixel_sdk/dynamixel_sdk.h
[2.001s] -- Installing: /home/speed/Somorob_Dynamixel/install/dynamixel_sdk/include//dynamixel_sdk/group_sync_write.h
[2.001s] -- Installing: /home/speed/Somorob_Dynamixel/install/dynamixel_sdk/include//dynamixel_sdk/group_sync_read.h
[2.001s] -- Installing: /home/speed/Somorob_Dynamixel/install/dynamixel_sdk/include//dynamixel_sdk/group_bulk_write.h
[2.001s] -- Installing: /home/speed/Somorob_Dynamixel/install/dynamixel_sdk/include//dynamixel_sdk/protocol1_packet_handler.h
[2.001s] -- Installing: /home/speed/Somorob_Dynamixel/install/dynamixel_sdk/include//dynamixel_sdk/port_handler_windows.h
[2.002s] -- Installing: /home/speed/Somorob_Dynamixel/install/dynamixel_sdk/include//dynamixel_sdk/port_handler_linux.h
[2.002s] -- Installing: /home/speed/Somorob_Dynamixel/install/dynamixel_sdk/include//dynamixel_sdk/group_bulk_read.h
[2.002s] -- Installing: /home/speed/Somorob_Dynamixel/install/dynamixel_sdk/include//dynamixel_sdk/protocol2_packet_handler.h
[2.002s] -- Installing: /home/speed/Somorob_Dynamixel/install/dynamixel_sdk/include//dynamixel_sdk/port_handler_mac.h
[2.002s] -- Installing: /home/speed/Somorob_Dynamixel/install/dynamixel_sdk/include//dynamixel_sdk/packet_handler.h
[2.002s] -- Installing: /home/speed/Somorob_Dynamixel/install/dynamixel_sdk/lib/libdynamixel_sdk.so
[2.003s] -- Installing: /home/speed/Somorob_Dynamixel/install/dynamixel_sdk/share/dynamixel_sdk/environment/library_path.sh
[2.003s] -- Installing: /home/speed/Somorob_Dynamixel/install/dynamixel_sdk/share/dynamixel_sdk/environment/library_path.dsv
[2.003s] -- Installing: /home/speed/Somorob_Dynamixel/install/dynamixel_sdk/share/ament_index/resource_index/package_run_dependencies/dynamixel_sdk
[2.003s] -- Installing: /home/speed/Somorob_Dynamixel/install/dynamixel_sdk/share/ament_index/resource_index/parent_prefix_path/dynamixel_sdk
[2.003s] -- Installing: /home/speed/Somorob_Dynamixel/install/dynamixel_sdk/share/dynamixel_sdk/environment/ament_prefix_path.sh
[2.003s] -- Installing: /home/speed/Somorob_Dynamixel/install/dynamixel_sdk/share/dynamixel_sdk/environment/ament_prefix_path.dsv
[2.004s] -- Installing: /home/speed/Somorob_Dynamixel/install/dynamixel_sdk/share/dynamixel_sdk/environment/path.sh
[2.004s] -- Installing: /home/speed/Somorob_Dynamixel/install/dynamixel_sdk/share/dynamixel_sdk/environment/path.dsv
[2.004s] -- Installing: /home/speed/Somorob_Dynamixel/install/dynamixel_sdk/share/dynamixel_sdk/local_setup.bash
[2.004s] -- Installing: /home/speed/Somorob_Dynamixel/install/dynamixel_sdk/share/dynamixel_sdk/local_setup.sh
[2.004s] -- Installing: /home/speed/Somorob_Dynamixel/install/dynamixel_sdk/share/dynamixel_sdk/local_setup.zsh
[2.004s] -- Installing: /home/speed/Somorob_Dynamixel/install/dynamixel_sdk/share/dynamixel_sdk/local_setup.dsv
[2.004s] -- Installing: /home/speed/Somorob_Dynamixel/install/dynamixel_sdk/share/dynamixel_sdk/package.dsv
[2.005s] -- Installing: /home/speed/Somorob_Dynamixel/install/dynamixel_sdk/share/ament_index/resource_index/packages/dynamixel_sdk
[2.005s] -- Installing: /home/speed/Somorob_Dynamixel/install/dynamixel_sdk/share/dynamixel_sdk/cmake/ament_cmake_export_include_directories-extras.cmake
[2.005s] -- Installing: /home/speed/Somorob_Dynamixel/install/dynamixel_sdk/share/dynamixel_sdk/cmake/ament_cmake_export_libraries-extras.cmake
[2.005s] -- Installing: /home/speed/Somorob_Dynamixel/install/dynamixel_sdk/share/dynamixel_sdk/cmake/dynamixel_sdkConfig.cmake
[2.005s] -- Installing: /home/speed/Somorob_Dynamixel/install/dynamixel_sdk/share/dynamixel_sdk/cmake/dynamixel_sdkConfig-version.cmake
[2.005s] -- Installing: /home/speed/Somorob_Dynamixel/install/dynamixel_sdk/share/dynamixel_sdk/package.xml
[2.013s] Invoked command in '/home/speed/Somorob_Dynamixel/build/dynamixel_sdk' returned '0': CMAKE_PREFIX_PATH=${CMAKE_PREFIX_PATH}:/home/speed/Somorob_Dynamixel/install/summit_xl:/home/speed/Somorob_Dynamixel/install/python_folder:/opt/ros/foxy /usr/bin/cmake --install /home/speed/Somorob_Dynamixel/build/dynamixel_sdk
