[1.152s] Invoking command in '/home/speed/Somorob_Dynamixel/prefab.MobileTrunk/mobile_trunk_ws/src/summit_xl': PYTHONPATH=/home/speed/Somorob_Dynamixel/build/summit_xl/prefix_override:/home/speed/Somorob_Dynamixel/install/summit_xl/lib/python3.8/site-packages:${PYTHONPATH} /usr/bin/python3 setup.py egg_info --egg-base ../../../../build/summit_xl build --build-base /home/speed/Somorob_Dynamixel/build/summit_xl/build install --record /home/speed/Somorob_Dynamixel/build/summit_xl/install.log --single-version-externally-managed
[1.418s] running egg_info
[1.419s] creating ../../../../build/summit_xl/summit_xl.egg-info
[1.419s] writing ../../../../build/summit_xl/summit_xl.egg-info/PKG-INFO
[1.420s] writing dependency_links to ../../../../build/summit_xl/summit_xl.egg-info/dependency_links.txt
[1.420s] writing entry points to ../../../../build/summit_xl/summit_xl.egg-info/entry_points.txt
[1.420s] writing requirements to ../../../../build/summit_xl/summit_xl.egg-info/requires.txt
[1.420s] writing top-level names to ../../../../build/summit_xl/summit_xl.egg-info/top_level.txt
[1.421s] writing manifest file '../../../../build/summit_xl/summit_xl.egg-info/SOURCES.txt'
[1.462s] reading manifest file '../../../../build/summit_xl/summit_xl.egg-info/SOURCES.txt'
[1.462s] writing manifest file '../../../../build/summit_xl/summit_xl.egg-info/SOURCES.txt'
[1.463s] running build
[1.463s] running build_py
[1.463s] creating /home/speed/Somorob_Dynamixel/build/summit_xl/build
[1.463s] creating /home/speed/Somorob_Dynamixel/build/summit_xl/build/lib
[1.463s] creating /home/speed/Somorob_Dynamixel/build/summit_xl/build/lib/summit_xl
[1.464s] copying summit_xl/__init__.py -> /home/speed/Somorob_Dynamixel/build/summit_xl/build/lib/summit_xl
[1.464s] copying summit_xl/summit_xl_teleop_key.py -> /home/speed/Somorob_Dynamixel/build/summit_xl/build/lib/summit_xl
[1.464s] running install
[1.464s] running install_lib
[1.465s] creating /home/speed/Somorob_Dynamixel/install/summit_xl/lib/python3.8/site-packages/summit_xl
[1.465s] copying /home/speed/Somorob_Dynamixel/build/summit_xl/build/lib/summit_xl/__init__.py -> /home/speed/Somorob_Dynamixel/install/summit_xl/lib/python3.8/site-packages/summit_xl
[1.465s] copying /home/speed/Somorob_Dynamixel/build/summit_xl/build/lib/summit_xl/summit_xl_teleop_key.py -> /home/speed/Somorob_Dynamixel/install/summit_xl/lib/python3.8/site-packages/summit_xl
[1.466s] byte-compiling /home/speed/Somorob_Dynamixel/install/summit_xl/lib/python3.8/site-packages/summit_xl/__init__.py to __init__.cpython-38.pyc
[1.467s] byte-compiling /home/speed/Somorob_Dynamixel/install/summit_xl/lib/python3.8/site-packages/summit_xl/summit_xl_teleop_key.py to summit_xl_teleop_key.cpython-38.pyc
[1.468s] running install_data
[1.468s] creating /home/speed/Somorob_Dynamixel/install/summit_xl/share/ament_index
[1.468s] creating /home/speed/Somorob_Dynamixel/install/summit_xl/share/ament_index/resource_index
[1.469s] creating /home/speed/Somorob_Dynamixel/install/summit_xl/share/ament_index/resource_index/packages
[1.469s] copying resource/summit_xl -> /home/speed/Somorob_Dynamixel/install/summit_xl/share/ament_index/resource_index/packages
[1.469s] copying package.xml -> /home/speed/Somorob_Dynamixel/install/summit_xl/share/summit_xl
[1.469s] running install_egg_info
[1.470s] Copying ../../../../build/summit_xl/summit_xl.egg-info to /home/speed/Somorob_Dynamixel/install/summit_xl/lib/python3.8/site-packages/summit_xl-0.0.0-py3.8.egg-info
[1.471s] running install_scripts
[1.490s] Installing summit_xl_teleop_key script to /home/speed/Somorob_Dynamixel/install/summit_xl/lib/summit_xl
[1.491s] writing list of installed files to '/home/speed/Somorob_Dynamixel/build/summit_xl/install.log'
