[0.057s] Invoking command in '/home/speed/Somorob_Dynamixel/build/bag_recorder_nodes': CMAKE_PREFIX_PATH=${CMAKE_PREFIX_PATH}:/home/speed/Somorob_Dynamixel/install/summit_xl:/home/speed/Somorob_Dynamixel/install/python_folder:/opt/ros/foxy /usr/bin/cmake /home/speed/Somorob_Dynamixel/prefab.MobileTrunk/test/ros/src/bag_recorder_nodes -DCMAKE_INSTALL_PREFIX=/home/speed/Somorob_Dynamixel/install/bag_recorder_nodes
[0.362s] -- The C compiler identification is GNU 9.4.0
[0.362s] -- The CXX compiler identification is GNU 9.4.0
[0.362s] -- Check for working C compiler: /usr/bin/cc
[0.362s] -- Check for working C compiler: /usr/bin/cc -- works
[0.363s] -- Detecting C compiler ABI info
[0.422s] -- Detecting C compiler ABI info - done
[0.439s] -- Detecting C compile features
[0.439s] -- Detecting C compile features - done
[0.442s] -- Check for working CXX compiler: /usr/bin/c++
[0.546s] -- Check for working CXX compiler: /usr/bin/c++ -- works
[0.548s] -- Detecting CXX compiler ABI info
[0.666s] -- Detecting CXX compiler ABI info - done
[0.685s] -- Detecting CXX compile features
[0.687s] -- Detecting CXX compile features - done
[0.689s] -- Found ament_cmake: 0.9.12 (/opt/ros/foxy/share/ament_cmake/cmake)
[0.722s] -- Found PythonInterp: /usr/bin/python3 (found suitable version "3.8.10", minimum required is "3") 
[0.722s] -- Using PYTHON_EXECUTABLE: /usr/bin/python3
[0.988s] -- Found rclcpp: 2.4.3 (/opt/ros/foxy/share/rclcpp/cmake)
[1.047s] -- Using all available rosidl_typesupport_c: rosidl_typesupport_fastrtps_c;rosidl_typesupport_introspection_c
[1.060s] -- Found rosidl_adapter: 1.3.1 (/opt/ros/foxy/share/rosidl_adapter/cmake)
[1.187s] -- Found OpenSSL: /usr/lib/x86_64-linux-gnu/libcrypto.so (found version "1.1.1f")  
[1.240s] -- Found FastRTPS: /opt/ros/foxy/include  
[1.343s] -- Using all available rosidl_typesupport_cpp: rosidl_typesupport_fastrtps_cpp;rosidl_typesupport_introspection_cpp
[1.410s] -- Found rmw_implementation_cmake: 1.0.4 (/opt/ros/foxy/share/rmw_implementation_cmake/cmake)
[1.411s] -- Using RMW implementation 'rmw_fastrtps_cpp' as default
[1.412s] -- Looking for pthread.h
[1.518s] -- Looking for pthread.h - found
[1.519s] -- Performing Test CMAKE_HAVE_LIBC_PTHREAD
[1.634s] -- Performing Test CMAKE_HAVE_LIBC_PTHREAD - Failed
[1.635s] -- Looking for pthread_create in pthreads
[1.725s] -- Looking for pthread_create in pthreads - not found
[1.725s] -- Looking for pthread_create in pthread
[1.839s] -- Looking for pthread_create in pthread - found
[1.841s] -- Found Threads: TRUE  
[2.022s] -- Found geometry_msgs: 2.0.5 (/opt/ros/foxy/share/geometry_msgs/cmake)
[2.062s] -- Found sensor_msgs: 2.0.5 (/opt/ros/foxy/share/sensor_msgs/cmake)
[2.145s] -- Found nav_msgs: 2.0.5 (/opt/ros/foxy/share/nav_msgs/cmake)
[2.236s] -- Found rosbag2_cpp: 0.3.11 (/opt/ros/foxy/share/rosbag2_cpp/cmake)
[2.277s] -- Setting yaml-cpp_DIR to: '/opt/ros/foxy/share/yaml_cpp_vendor/cmake/../../../opt/yaml_cpp_vendor/lib/cmake/yaml-cpp'
[2.283s] -- Found rosidl_default_generators: 1.0.1 (/opt/ros/foxy/share/rosidl_default_generators/cmake)
[2.381s] -- Configuring done
[2.392s] -- Generating done
[2.393s] -- Build files have been written to: /home/speed/Somorob_Dynamixel/build/bag_recorder_nodes
