[0.063s] Invoking command in '/home/speed/Somorob_Dynamixel/build/bag_recorder_nodes': CMAKE_PREFIX_PATH=${CMAKE_PREFIX_PATH}:/home/speed/Somorob_Dynamixel/install/summit_xl:/home/speed/Somorob_Dynamixel/install/python_folder:/opt/ros/foxy /usr/bin/cmake --build /home/speed/Somorob_Dynamixel/build/bag_recorder_nodes -- -j24 -l24
[0.382s] [100%] Built target bag_recorder
[0.383s] Invoked command in '/home/speed/Somorob_Dynamixel/build/bag_recorder_nodes' returned '0': CMAKE_PREFIX_PATH=${CMAKE_PREFIX_PATH}:/home/speed/Somorob_Dynamixel/install/summit_xl:/home/speed/Somorob_Dynamixel/install/python_folder:/opt/ros/foxy /usr/bin/cmake --build /home/speed/Somorob_Dynamixel/build/bag_recorder_nodes -- -j24 -l24
[0.728s] Invoking command in '/home/speed/Somorob_Dynamixel/build/bag_recorder_nodes': CMAKE_PREFIX_PATH=${CMAKE_PREFIX_PATH}:/home/speed/Somorob_Dynamixel/install/summit_xl:/home/speed/Somorob_Dynamixel/install/python_folder:/opt/ros/foxy /usr/bin/cmake --install /home/speed/Somorob_Dynamixel/build/bag_recorder_nodes
[0.761s] -- Install configuration: ""
[0.761s] -- Installing: /home/speed/Somorob_Dynamixel/install/bag_recorder_nodes/lib/bag_recorder_nodes/bag_recorder
[0.761s] -- Set runtime path of "/home/speed/Somorob_Dynamixel/install/bag_recorder_nodes/lib/bag_recorder_nodes/bag_recorder" to ""
[0.762s] -- Installing: /home/speed/Somorob_Dynamixel/install/bag_recorder_nodes/share/ament_index/resource_index/package_run_dependencies/bag_recorder_nodes
[0.765s] -- Installing: /home/speed/Somorob_Dynamixel/install/bag_recorder_nodes/share/ament_index/resource_index/parent_prefix_path/bag_recorder_nodes
[0.765s] -- Installing: /home/speed/Somorob_Dynamixel/install/bag_recorder_nodes/share/bag_recorder_nodes/environment/ament_prefix_path.sh
[0.765s] -- Installing: /home/speed/Somorob_Dynamixel/install/bag_recorder_nodes/share/bag_recorder_nodes/environment/ament_prefix_path.dsv
[0.766s] -- Installing: /home/speed/Somorob_Dynamixel/install/bag_recorder_nodes/share/bag_recorder_nodes/environment/path.sh
[0.766s] -- Installing: /home/speed/Somorob_Dynamixel/install/bag_recorder_nodes/share/bag_recorder_nodes/environment/path.dsv
[0.766s] -- Installing: /home/speed/Somorob_Dynamixel/install/bag_recorder_nodes/share/bag_recorder_nodes/local_setup.bash
[0.767s] -- Installing: /home/speed/Somorob_Dynamixel/install/bag_recorder_nodes/share/bag_recorder_nodes/local_setup.sh
[0.768s] -- Installing: /home/speed/Somorob_Dynamixel/install/bag_recorder_nodes/share/bag_recorder_nodes/local_setup.zsh
[0.768s] -- Installing: /home/speed/Somorob_Dynamixel/install/bag_recorder_nodes/share/bag_recorder_nodes/local_setup.dsv
[0.770s] -- Installing: /home/speed/Somorob_Dynamixel/install/bag_recorder_nodes/share/bag_recorder_nodes/package.dsv
[0.770s] -- Installing: /home/speed/Somorob_Dynamixel/install/bag_recorder_nodes/share/ament_index/resource_index/packages/bag_recorder_nodes
[0.771s] -- Installing: /home/speed/Somorob_Dynamixel/install/bag_recorder_nodes/share/bag_recorder_nodes/cmake/bag_recorder_nodesConfig.cmake
[0.771s] -- Installing: /home/speed/Somorob_Dynamixel/install/bag_recorder_nodes/share/bag_recorder_nodes/cmake/bag_recorder_nodesConfig-version.cmake
[0.771s] -- Installing: /home/speed/Somorob_Dynamixel/install/bag_recorder_nodes/share/bag_recorder_nodes/package.xml
[0.789s] Invoked command in '/home/speed/Somorob_Dynamixel/build/bag_recorder_nodes' returned '0': CMAKE_PREFIX_PATH=${CMAKE_PREFIX_PATH}:/home/speed/Somorob_Dynamixel/install/summit_xl:/home/speed/Somorob_Dynamixel/install/python_folder:/opt/ros/foxy /usr/bin/cmake --install /home/speed/Somorob_Dynamixel/build/bag_recorder_nodes
