[1.154s] Invoking command in '/home/speed/Somorob_Dynamixel/prefab.MobileTrunk/dynamixel_trunk/Keyboard_trunk_controller': PYTHONPATH=/home/speed/Somorob_Dynamixel/build/python_folder/prefix_override:/home/speed/Somorob_Dynamixel/install/python_folder/lib/python3.8/site-packages:${PYTHONPATH} /usr/bin/python3 setup.py egg_info --egg-base ../../../build/python_folder build --build-base /home/speed/Somorob_Dynamixel/build/python_folder/build install --record /home/speed/Somorob_Dynamixel/build/python_folder/install.log --install-scripts $base/lib/keyboard_trunk_controller --single-version-externally-managed
[1.411s] running egg_info
[1.411s] creating ../../../build/python_folder/keyboard_trunk_controller.egg-info
[1.412s] writing ../../../build/python_folder/keyboard_trunk_controller.egg-info/PKG-INFO
[1.412s] writing dependency_links to ../../../build/python_folder/keyboard_trunk_controller.egg-info/dependency_links.txt
[1.412s] writing entry points to ../../../build/python_folder/keyboard_trunk_controller.egg-info/entry_points.txt
[1.412s] writing requirements to ../../../build/python_folder/keyboard_trunk_controller.egg-info/requires.txt
[1.413s] writing top-level names to ../../../build/python_folder/keyboard_trunk_controller.egg-info/top_level.txt
[1.414s] writing manifest file '../../../build/python_folder/keyboard_trunk_controller.egg-info/SOURCES.txt'
[1.457s] reading manifest file '../../../build/python_folder/keyboard_trunk_controller.egg-info/SOURCES.txt'
[1.458s] writing manifest file '../../../build/python_folder/keyboard_trunk_controller.egg-info/SOURCES.txt'
[1.458s] running build
[1.459s] running build_py
[1.459s] creating /home/speed/Somorob_Dynamixel/build/python_folder/build
[1.459s] creating /home/speed/Somorob_Dynamixel/build/python_folder/build/lib
[1.459s] creating /home/speed/Somorob_Dynamixel/build/python_folder/build/lib/keyboard_trunk_controller
[1.459s] copying keyboard_trunk_controller/set_position_to_float64_converter.py -> /home/speed/Somorob_Dynamixel/build/python_folder/build/lib/keyboard_trunk_controller
[1.459s] copying keyboard_trunk_controller/__init__.py -> /home/speed/Somorob_Dynamixel/build/python_folder/build/lib/keyboard_trunk_controller
[1.460s] copying keyboard_trunk_controller/keyboard_controller.py -> /home/speed/Somorob_Dynamixel/build/python_folder/build/lib/keyboard_trunk_controller
[1.460s] running install
[1.460s] running install_lib
[1.461s] creating /home/speed/Somorob_Dynamixel/install/python_folder/lib/python3.8/site-packages/keyboard_trunk_controller
[1.461s] copying /home/speed/Somorob_Dynamixel/build/python_folder/build/lib/keyboard_trunk_controller/set_position_to_float64_converter.py -> /home/speed/Somorob_Dynamixel/install/python_folder/lib/python3.8/site-packages/keyboard_trunk_controller
[1.461s] copying /home/speed/Somorob_Dynamixel/build/python_folder/build/lib/keyboard_trunk_controller/__init__.py -> /home/speed/Somorob_Dynamixel/install/python_folder/lib/python3.8/site-packages/keyboard_trunk_controller
[1.461s] copying /home/speed/Somorob_Dynamixel/build/python_folder/build/lib/keyboard_trunk_controller/keyboard_controller.py -> /home/speed/Somorob_Dynamixel/install/python_folder/lib/python3.8/site-packages/keyboard_trunk_controller
[1.461s] byte-compiling /home/speed/Somorob_Dynamixel/install/python_folder/lib/python3.8/site-packages/keyboard_trunk_controller/set_position_to_float64_converter.py to set_position_to_float64_converter.cpython-38.pyc
[1.463s] byte-compiling /home/speed/Somorob_Dynamixel/install/python_folder/lib/python3.8/site-packages/keyboard_trunk_controller/__init__.py to __init__.cpython-38.pyc
[1.463s] byte-compiling /home/speed/Somorob_Dynamixel/install/python_folder/lib/python3.8/site-packages/keyboard_trunk_controller/keyboard_controller.py to keyboard_controller.cpython-38.pyc
[1.464s] running install_data
[1.464s] error: can't copy 'resource/keyboard_trunk_controller': doesn't exist or not a regular file
[1.482s] Invoked command in '/home/speed/Somorob_Dynamixel/prefab.MobileTrunk/dynamixel_trunk/Keyboard_trunk_controller' returned '1': PYTHONPATH=/home/speed/Somorob_Dynamixel/build/python_folder/prefix_override:/home/speed/Somorob_Dynamixel/install/python_folder/lib/python3.8/site-packages:${PYTHONPATH} /usr/bin/python3 setup.py egg_info --egg-base ../../../build/python_folder build --build-base /home/speed/Somorob_Dynamixel/build/python_folder/build install --record /home/speed/Somorob_Dynamixel/build/python_folder/install.log --install-scripts $base/lib/keyboard_trunk_controller --single-version-externally-managed
