[0.340s] DEBUG:colcon:Command line arguments: ['/usr/bin/colcon', 'build']
[0.340s] DEBUG:colcon:Parsed command line arguments: Namespace(allow_overriding=[], ament_cmake_args=None, base_paths=['.'], build_base='build', catkin_cmake_args=None, catkin_skip_building_tests=False, cmake_args=None, cmake_clean_cache=False, cmake_clean_first=False, cmake_force_configure=False, cmake_target=None, cmake_target_skip_unavailable=False, continue_on_error=False, event_handlers=None, executor='parallel', ignore_user_meta=False, install_base='install', log_base=None, log_level=None, main=<bound method BuildVerb.main of <colcon_core.verb.build.BuildVerb object at 0x7fd9dff701c0>>, merge_install=False, metas=['./colcon.meta'], packages_above=None, packages_above_and_dependencies=None, packages_above_depth=None, packages_end=None, packages_ignore=None, packages_ignore_regex=None, packages_select=None, packages_select_build_failed=False, packages_select_by_dep=None, packages_select_regex=None, packages_select_test_failures=False, packages_skip=None, packages_skip_build_finished=False, packages_skip_by_dep=None, packages_skip_regex=None, packages_skip_test_passed=False, packages_skip_up_to=None, packages_start=None, packages_up_to=None, packages_up_to_regex=None, parallel_workers=24, paths=None, symlink_install=False, test_result_base=None, verb_extension=<colcon_core.verb.build.BuildVerb object at 0x7fd9dff701c0>, verb_name='build', verb_parser=<colcon_defaults.argument_parser.defaults.DefaultArgumentsDecorator object at 0x7fd9dff70700>)
[0.369s] Level 1:colcon.colcon_core.package_discovery:discover_packages(colcon_meta) check parameters
[0.369s] Level 1:colcon.colcon_core.package_discovery:discover_packages(recursive) check parameters
[0.369s] Level 1:colcon.colcon_core.package_discovery:discover_packages(ignore) check parameters
[0.369s] Level 1:colcon.colcon_core.package_discovery:discover_packages(path) check parameters
[0.369s] Level 1:colcon.colcon_core.package_discovery:discover_packages(colcon_meta) discover
[0.369s] Level 1:colcon.colcon_core.package_discovery:discover_packages(recursive) discover
[0.370s] INFO:colcon.colcon_core.package_discovery:Crawling recursively for packages in '/home/speed/Somorob_Dynamixel'
[0.370s] Level 1:colcon.colcon_core.package_identification:_identify(.) by extensions ['ignore', 'ignore_ament_install']
[0.370s] Level 1:colcon.colcon_core.package_identification:_identify(.) by extension 'ignore'
[0.370s] Level 1:colcon.colcon_core.package_identification:_identify(.) by extension 'ignore_ament_install'
[0.370s] Level 1:colcon.colcon_core.package_identification:_identify(.) by extensions ['colcon_pkg']
[0.370s] Level 1:colcon.colcon_core.package_identification:_identify(.) by extension 'colcon_pkg'
[0.370s] Level 1:colcon.colcon_core.package_identification:_identify(.) by extensions ['colcon_meta']
[0.370s] Level 1:colcon.colcon_core.package_identification:_identify(.) by extension 'colcon_meta'
[0.370s] Level 1:colcon.colcon_core.package_identification:_identify(.) by extensions ['ros']
[0.370s] Level 1:colcon.colcon_core.package_identification:_identify(.) by extension 'ros'
[0.387s] Level 1:colcon.colcon_core.package_identification:_identify(.) by extensions ['cmake', 'python']
[0.387s] Level 1:colcon.colcon_core.package_identification:_identify(.) by extension 'cmake'
[0.387s] Level 1:colcon.colcon_core.package_identification:_identify(.) by extension 'python'
[0.387s] Level 1:colcon.colcon_core.package_identification:_identify(.) by extensions ['python_setup_py']
[0.387s] Level 1:colcon.colcon_core.package_identification:_identify(.) by extension 'python_setup_py'
[0.387s] Level 1:colcon.colcon_core.package_identification:_identify(build) by extensions ['ignore', 'ignore_ament_install']
[0.387s] Level 1:colcon.colcon_core.package_identification:_identify(build) by extension 'ignore'
[0.387s] Level 1:colcon.colcon_core.package_identification:_identify(build) ignored
[0.387s] Level 1:colcon.colcon_core.package_identification:_identify(install) by extensions ['ignore', 'ignore_ament_install']
[0.387s] Level 1:colcon.colcon_core.package_identification:_identify(install) by extension 'ignore'
[0.387s] Level 1:colcon.colcon_core.package_identification:_identify(install) ignored
[0.387s] Level 1:colcon.colcon_core.package_identification:_identify(log) by extensions ['ignore', 'ignore_ament_install']
[0.388s] Level 1:colcon.colcon_core.package_identification:_identify(log) by extension 'ignore'
[0.388s] Level 1:colcon.colcon_core.package_identification:_identify(log) ignored
[0.388s] Level 1:colcon.colcon_core.package_identification:_identify(prefab.MobileTrunk) by extensions ['ignore', 'ignore_ament_install']
[0.388s] Level 1:colcon.colcon_core.package_identification:_identify(prefab.MobileTrunk) by extension 'ignore'
[0.388s] Level 1:colcon.colcon_core.package_identification:_identify(prefab.MobileTrunk) by extension 'ignore_ament_install'
[0.388s] Level 1:colcon.colcon_core.package_identification:_identify(prefab.MobileTrunk) by extensions ['colcon_pkg']
[0.388s] Level 1:colcon.colcon_core.package_identification:_identify(prefab.MobileTrunk) by extension 'colcon_pkg'
[0.388s] Level 1:colcon.colcon_core.package_identification:_identify(prefab.MobileTrunk) by extensions ['colcon_meta']
[0.388s] Level 1:colcon.colcon_core.package_identification:_identify(prefab.MobileTrunk) by extension 'colcon_meta'
[0.388s] Level 1:colcon.colcon_core.package_identification:_identify(prefab.MobileTrunk) by extensions ['ros']
[0.388s] Level 1:colcon.colcon_core.package_identification:_identify(prefab.MobileTrunk) by extension 'ros'
[0.388s] Level 1:colcon.colcon_core.package_identification:_identify(prefab.MobileTrunk) by extensions ['cmake', 'python']
[0.388s] Level 1:colcon.colcon_core.package_identification:_identify(prefab.MobileTrunk) by extension 'cmake'
[0.388s] Level 1:colcon.colcon_core.package_identification:_identify(prefab.MobileTrunk) by extension 'python'
[0.388s] Level 1:colcon.colcon_core.package_identification:_identify(prefab.MobileTrunk) by extensions ['python_setup_py']
[0.388s] Level 1:colcon.colcon_core.package_identification:_identify(prefab.MobileTrunk) by extension 'python_setup_py'
[0.388s] Level 1:colcon.colcon_core.package_identification:_identify(prefab.MobileTrunk/docs) by extensions ['ignore', 'ignore_ament_install']
[0.389s] Level 1:colcon.colcon_core.package_identification:_identify(prefab.MobileTrunk/docs) by extension 'ignore'
[0.389s] Level 1:colcon.colcon_core.package_identification:_identify(prefab.MobileTrunk/docs) by extension 'ignore_ament_install'
[0.389s] Level 1:colcon.colcon_core.package_identification:_identify(prefab.MobileTrunk/docs) by extensions ['colcon_pkg']
[0.389s] Level 1:colcon.colcon_core.package_identification:_identify(prefab.MobileTrunk/docs) by extension 'colcon_pkg'
[0.389s] Level 1:colcon.colcon_core.package_identification:_identify(prefab.MobileTrunk/docs) by extensions ['colcon_meta']
[0.389s] Level 1:colcon.colcon_core.package_identification:_identify(prefab.MobileTrunk/docs) by extension 'colcon_meta'
[0.389s] Level 1:colcon.colcon_core.package_identification:_identify(prefab.MobileTrunk/docs) by extensions ['ros']
[0.389s] Level 1:colcon.colcon_core.package_identification:_identify(prefab.MobileTrunk/docs) by extension 'ros'
[0.389s] Level 1:colcon.colcon_core.package_identification:_identify(prefab.MobileTrunk/docs) by extensions ['cmake', 'python']
[0.389s] Level 1:colcon.colcon_core.package_identification:_identify(prefab.MobileTrunk/docs) by extension 'cmake'
[0.389s] Level 1:colcon.colcon_core.package_identification:_identify(prefab.MobileTrunk/docs) by extension 'python'
[0.389s] Level 1:colcon.colcon_core.package_identification:_identify(prefab.MobileTrunk/docs) by extensions ['python_setup_py']
[0.389s] Level 1:colcon.colcon_core.package_identification:_identify(prefab.MobileTrunk/docs) by extension 'python_setup_py'
[0.389s] Level 1:colcon.colcon_core.package_identification:_identify(prefab.MobileTrunk/dynamixel_trunk) by extensions ['ignore', 'ignore_ament_install']
[0.389s] Level 1:colcon.colcon_core.package_identification:_identify(prefab.MobileTrunk/dynamixel_trunk) by extension 'ignore'
[0.389s] Level 1:colcon.colcon_core.package_identification:_identify(prefab.MobileTrunk/dynamixel_trunk) by extension 'ignore_ament_install'
[0.389s] Level 1:colcon.colcon_core.package_identification:_identify(prefab.MobileTrunk/dynamixel_trunk) by extensions ['colcon_pkg']
[0.390s] Level 1:colcon.colcon_core.package_identification:_identify(prefab.MobileTrunk/dynamixel_trunk) by extension 'colcon_pkg'
[0.390s] Level 1:colcon.colcon_core.package_identification:_identify(prefab.MobileTrunk/dynamixel_trunk) by extensions ['colcon_meta']
[0.390s] Level 1:colcon.colcon_core.package_identification:_identify(prefab.MobileTrunk/dynamixel_trunk) by extension 'colcon_meta'
[0.390s] Level 1:colcon.colcon_core.package_identification:_identify(prefab.MobileTrunk/dynamixel_trunk) by extensions ['ros']
[0.390s] Level 1:colcon.colcon_core.package_identification:_identify(prefab.MobileTrunk/dynamixel_trunk) by extension 'ros'
[0.390s] Level 1:colcon.colcon_core.package_identification:_identify(prefab.MobileTrunk/dynamixel_trunk) by extensions ['cmake', 'python']
[0.390s] Level 1:colcon.colcon_core.package_identification:_identify(prefab.MobileTrunk/dynamixel_trunk) by extension 'cmake'
[0.390s] Level 1:colcon.colcon_core.package_identification:_identify(prefab.MobileTrunk/dynamixel_trunk) by extension 'python'
[0.390s] Level 1:colcon.colcon_core.package_identification:_identify(prefab.MobileTrunk/dynamixel_trunk) by extensions ['python_setup_py']
[0.390s] Level 1:colcon.colcon_core.package_identification:_identify(prefab.MobileTrunk/dynamixel_trunk) by extension 'python_setup_py'
[0.390s] Level 1:colcon.colcon_core.package_identification:_identify(prefab.MobileTrunk/dynamixel_trunk/DynamixelSDK) by extensions ['ignore', 'ignore_ament_install']
[0.390s] Level 1:colcon.colcon_core.package_identification:_identify(prefab.MobileTrunk/dynamixel_trunk/DynamixelSDK) by extension 'ignore'
[0.390s] Level 1:colcon.colcon_core.package_identification:_identify(prefab.MobileTrunk/dynamixel_trunk/DynamixelSDK) by extension 'ignore_ament_install'
[0.390s] Level 1:colcon.colcon_core.package_identification:_identify(prefab.MobileTrunk/dynamixel_trunk/DynamixelSDK) by extensions ['colcon_pkg']
[0.390s] Level 1:colcon.colcon_core.package_identification:_identify(prefab.MobileTrunk/dynamixel_trunk/DynamixelSDK) by extension 'colcon_pkg'
[0.390s] Level 1:colcon.colcon_core.package_identification:_identify(prefab.MobileTrunk/dynamixel_trunk/DynamixelSDK) by extensions ['colcon_meta']
[0.390s] Level 1:colcon.colcon_core.package_identification:_identify(prefab.MobileTrunk/dynamixel_trunk/DynamixelSDK) by extension 'colcon_meta'
[0.390s] Level 1:colcon.colcon_core.package_identification:_identify(prefab.MobileTrunk/dynamixel_trunk/DynamixelSDK) by extensions ['ros']
[0.390s] Level 1:colcon.colcon_core.package_identification:_identify(prefab.MobileTrunk/dynamixel_trunk/DynamixelSDK) by extension 'ros'
[0.391s] Level 1:colcon.colcon_core.package_identification:_identify(prefab.MobileTrunk/dynamixel_trunk/DynamixelSDK) by extensions ['cmake', 'python']
[0.391s] Level 1:colcon.colcon_core.package_identification:_identify(prefab.MobileTrunk/dynamixel_trunk/DynamixelSDK) by extension 'cmake'
[0.391s] Level 1:colcon.colcon_core.package_identification:_identify(prefab.MobileTrunk/dynamixel_trunk/DynamixelSDK) by extension 'python'
[0.391s] Level 1:colcon.colcon_core.package_identification:_identify(prefab.MobileTrunk/dynamixel_trunk/DynamixelSDK) by extensions ['python_setup_py']
[0.391s] Level 1:colcon.colcon_core.package_identification:_identify(prefab.MobileTrunk/dynamixel_trunk/DynamixelSDK) by extension 'python_setup_py'
[0.391s] Level 1:colcon.colcon_core.package_identification:_identify(prefab.MobileTrunk/dynamixel_trunk/DynamixelSDK/dynamixel_sdk) by extensions ['ignore', 'ignore_ament_install']
[0.391s] Level 1:colcon.colcon_core.package_identification:_identify(prefab.MobileTrunk/dynamixel_trunk/DynamixelSDK/dynamixel_sdk) by extension 'ignore'
[0.391s] Level 1:colcon.colcon_core.package_identification:_identify(prefab.MobileTrunk/dynamixel_trunk/DynamixelSDK/dynamixel_sdk) by extension 'ignore_ament_install'
[0.391s] Level 1:colcon.colcon_core.package_identification:_identify(prefab.MobileTrunk/dynamixel_trunk/DynamixelSDK/dynamixel_sdk) by extensions ['colcon_pkg']
[0.391s] Level 1:colcon.colcon_core.package_identification:_identify(prefab.MobileTrunk/dynamixel_trunk/DynamixelSDK/dynamixel_sdk) by extension 'colcon_pkg'
[0.391s] Level 1:colcon.colcon_core.package_identification:_identify(prefab.MobileTrunk/dynamixel_trunk/DynamixelSDK/dynamixel_sdk) by extensions ['colcon_meta']
[0.391s] Level 1:colcon.colcon_core.package_identification:_identify(prefab.MobileTrunk/dynamixel_trunk/DynamixelSDK/dynamixel_sdk) by extension 'colcon_meta'
[0.391s] Level 1:colcon.colcon_core.package_identification:_identify(prefab.MobileTrunk/dynamixel_trunk/DynamixelSDK/dynamixel_sdk) by extensions ['ros']
[0.391s] Level 1:colcon.colcon_core.package_identification:_identify(prefab.MobileTrunk/dynamixel_trunk/DynamixelSDK/dynamixel_sdk) by extension 'ros'
[0.394s] DEBUG:colcon.colcon_core.package_identification:Package 'prefab.MobileTrunk/dynamixel_trunk/DynamixelSDK/dynamixel_sdk' with type 'ros.ament_cmake' and name 'dynamixel_sdk'
[0.394s] Level 1:colcon.colcon_core.package_identification:_identify(prefab.MobileTrunk/dynamixel_trunk/DynamixelSDK/dynamixel_sdk_custom_interfaces) by extensions ['ignore', 'ignore_ament_install']
[0.394s] Level 1:colcon.colcon_core.package_identification:_identify(prefab.MobileTrunk/dynamixel_trunk/DynamixelSDK/dynamixel_sdk_custom_interfaces) by extension 'ignore'
[0.394s] Level 1:colcon.colcon_core.package_identification:_identify(prefab.MobileTrunk/dynamixel_trunk/DynamixelSDK/dynamixel_sdk_custom_interfaces) by extension 'ignore_ament_install'
[0.394s] Level 1:colcon.colcon_core.package_identification:_identify(prefab.MobileTrunk/dynamixel_trunk/DynamixelSDK/dynamixel_sdk_custom_interfaces) by extensions ['colcon_pkg']
[0.394s] Level 1:colcon.colcon_core.package_identification:_identify(prefab.MobileTrunk/dynamixel_trunk/DynamixelSDK/dynamixel_sdk_custom_interfaces) by extension 'colcon_pkg'
[0.394s] Level 1:colcon.colcon_core.package_identification:_identify(prefab.MobileTrunk/dynamixel_trunk/DynamixelSDK/dynamixel_sdk_custom_interfaces) by extensions ['colcon_meta']
[0.394s] Level 1:colcon.colcon_core.package_identification:_identify(prefab.MobileTrunk/dynamixel_trunk/DynamixelSDK/dynamixel_sdk_custom_interfaces) by extension 'colcon_meta'
[0.394s] Level 1:colcon.colcon_core.package_identification:_identify(prefab.MobileTrunk/dynamixel_trunk/DynamixelSDK/dynamixel_sdk_custom_interfaces) by extensions ['ros']
[0.394s] Level 1:colcon.colcon_core.package_identification:_identify(prefab.MobileTrunk/dynamixel_trunk/DynamixelSDK/dynamixel_sdk_custom_interfaces) by extension 'ros'
[0.395s] DEBUG:colcon.colcon_core.package_identification:Package 'prefab.MobileTrunk/dynamixel_trunk/DynamixelSDK/dynamixel_sdk_custom_interfaces' with type 'ros.ament_cmake' and name 'dynamixel_sdk_custom_interfaces'
[0.395s] Level 1:colcon.colcon_core.package_identification:_identify(prefab.MobileTrunk/dynamixel_trunk/DynamixelSDK/dynamixel_sdk_examples) by extensions ['ignore', 'ignore_ament_install']
[0.395s] Level 1:colcon.colcon_core.package_identification:_identify(prefab.MobileTrunk/dynamixel_trunk/DynamixelSDK/dynamixel_sdk_examples) by extension 'ignore'
[0.395s] Level 1:colcon.colcon_core.package_identification:_identify(prefab.MobileTrunk/dynamixel_trunk/DynamixelSDK/dynamixel_sdk_examples) by extension 'ignore_ament_install'
[0.395s] Level 1:colcon.colcon_core.package_identification:_identify(prefab.MobileTrunk/dynamixel_trunk/DynamixelSDK/dynamixel_sdk_examples) by extensions ['colcon_pkg']
[0.395s] Level 1:colcon.colcon_core.package_identification:_identify(prefab.MobileTrunk/dynamixel_trunk/DynamixelSDK/dynamixel_sdk_examples) by extension 'colcon_pkg'
[0.395s] Level 1:colcon.colcon_core.package_identification:_identify(prefab.MobileTrunk/dynamixel_trunk/DynamixelSDK/dynamixel_sdk_examples) by extensions ['colcon_meta']
[0.395s] Level 1:colcon.colcon_core.package_identification:_identify(prefab.MobileTrunk/dynamixel_trunk/DynamixelSDK/dynamixel_sdk_examples) by extension 'colcon_meta'
[0.396s] Level 1:colcon.colcon_core.package_identification:_identify(prefab.MobileTrunk/dynamixel_trunk/DynamixelSDK/dynamixel_sdk_examples) by extensions ['ros']
[0.396s] Level 1:colcon.colcon_core.package_identification:_identify(prefab.MobileTrunk/dynamixel_trunk/DynamixelSDK/dynamixel_sdk_examples) by extension 'ros'
[0.396s] DEBUG:colcon.colcon_core.package_identification:Package 'prefab.MobileTrunk/dynamixel_trunk/DynamixelSDK/dynamixel_sdk_examples' with type 'ros.ament_cmake' and name 'dynamixel_sdk_examples'
[0.397s] Level 1:colcon.colcon_core.package_identification:_identify(prefab.MobileTrunk/dynamixel_trunk/Keyboard_trunk_controller) by extensions ['ignore', 'ignore_ament_install']
[0.397s] Level 1:colcon.colcon_core.package_identification:_identify(prefab.MobileTrunk/dynamixel_trunk/Keyboard_trunk_controller) by extension 'ignore'
[0.397s] Level 1:colcon.colcon_core.package_identification:_identify(prefab.MobileTrunk/dynamixel_trunk/Keyboard_trunk_controller) by extension 'ignore_ament_install'
[0.397s] Level 1:colcon.colcon_core.package_identification:_identify(prefab.MobileTrunk/dynamixel_trunk/Keyboard_trunk_controller) by extensions ['colcon_pkg']
[0.397s] Level 1:colcon.colcon_core.package_identification:_identify(prefab.MobileTrunk/dynamixel_trunk/Keyboard_trunk_controller) by extension 'colcon_pkg'
[0.397s] Level 1:colcon.colcon_core.package_identification:_identify(prefab.MobileTrunk/dynamixel_trunk/Keyboard_trunk_controller) by extensions ['colcon_meta']
[0.397s] Level 1:colcon.colcon_core.package_identification:_identify(prefab.MobileTrunk/dynamixel_trunk/Keyboard_trunk_controller) by extension 'colcon_meta'
[0.397s] Level 1:colcon.colcon_core.package_identification:_identify(prefab.MobileTrunk/dynamixel_trunk/Keyboard_trunk_controller) by extensions ['ros']
[0.397s] Level 1:colcon.colcon_core.package_identification:_identify(prefab.MobileTrunk/dynamixel_trunk/Keyboard_trunk_controller) by extension 'ros'
[0.398s] DEBUG:colcon.colcon_core.package_identification:Package 'prefab.MobileTrunk/dynamixel_trunk/Keyboard_trunk_controller' with type 'ros.ament_python' and name 'python_folder'
[0.398s] Level 1:colcon.colcon_core.package_identification:_identify(prefab.MobileTrunk/mobile_trunk_sim) by extensions ['ignore', 'ignore_ament_install']
[0.398s] Level 1:colcon.colcon_core.package_identification:_identify(prefab.MobileTrunk/mobile_trunk_sim) by extension 'ignore'
[0.398s] Level 1:colcon.colcon_core.package_identification:_identify(prefab.MobileTrunk/mobile_trunk_sim) by extension 'ignore_ament_install'
[0.398s] Level 1:colcon.colcon_core.package_identification:_identify(prefab.MobileTrunk/mobile_trunk_sim) by extensions ['colcon_pkg']
[0.398s] Level 1:colcon.colcon_core.package_identification:_identify(prefab.MobileTrunk/mobile_trunk_sim) by extension 'colcon_pkg'
[0.398s] Level 1:colcon.colcon_core.package_identification:_identify(prefab.MobileTrunk/mobile_trunk_sim) by extensions ['colcon_meta']
[0.398s] Level 1:colcon.colcon_core.package_identification:_identify(prefab.MobileTrunk/mobile_trunk_sim) by extension 'colcon_meta'
[0.398s] Level 1:colcon.colcon_core.package_identification:_identify(prefab.MobileTrunk/mobile_trunk_sim) by extensions ['ros']
[0.398s] Level 1:colcon.colcon_core.package_identification:_identify(prefab.MobileTrunk/mobile_trunk_sim) by extension 'ros'
[0.398s] Level 1:colcon.colcon_core.package_identification:_identify(prefab.MobileTrunk/mobile_trunk_sim) by extensions ['cmake', 'python']
[0.398s] Level 1:colcon.colcon_core.package_identification:_identify(prefab.MobileTrunk/mobile_trunk_sim) by extension 'cmake'
[0.398s] Level 1:colcon.colcon_core.package_identification:_identify(prefab.MobileTrunk/mobile_trunk_sim) by extension 'python'
[0.398s] Level 1:colcon.colcon_core.package_identification:_identify(prefab.MobileTrunk/mobile_trunk_sim) by extensions ['python_setup_py']
[0.398s] Level 1:colcon.colcon_core.package_identification:_identify(prefab.MobileTrunk/mobile_trunk_sim) by extension 'python_setup_py'
[0.398s] Level 1:colcon.colcon_core.package_identification:_identify(prefab.MobileTrunk/mobile_trunk_sim/echelon3) by extensions ['ignore', 'ignore_ament_install']
[0.399s] Level 1:colcon.colcon_core.package_identification:_identify(prefab.MobileTrunk/mobile_trunk_sim/echelon3) by extension 'ignore'
[0.399s] Level 1:colcon.colcon_core.package_identification:_identify(prefab.MobileTrunk/mobile_trunk_sim/echelon3) by extension 'ignore_ament_install'
[0.399s] Level 1:colcon.colcon_core.package_identification:_identify(prefab.MobileTrunk/mobile_trunk_sim/echelon3) by extensions ['colcon_pkg']
[0.399s] Level 1:colcon.colcon_core.package_identification:_identify(prefab.MobileTrunk/mobile_trunk_sim/echelon3) by extension 'colcon_pkg'
[0.399s] Level 1:colcon.colcon_core.package_identification:_identify(prefab.MobileTrunk/mobile_trunk_sim/echelon3) by extensions ['colcon_meta']
[0.399s] Level 1:colcon.colcon_core.package_identification:_identify(prefab.MobileTrunk/mobile_trunk_sim/echelon3) by extension 'colcon_meta'
[0.399s] Level 1:colcon.colcon_core.package_identification:_identify(prefab.MobileTrunk/mobile_trunk_sim/echelon3) by extensions ['ros']
[0.399s] Level 1:colcon.colcon_core.package_identification:_identify(prefab.MobileTrunk/mobile_trunk_sim/echelon3) by extension 'ros'
[0.399s] Level 1:colcon.colcon_core.package_identification:_identify(prefab.MobileTrunk/mobile_trunk_sim/echelon3) by extensions ['cmake', 'python']
[0.399s] Level 1:colcon.colcon_core.package_identification:_identify(prefab.MobileTrunk/mobile_trunk_sim/echelon3) by extension 'cmake'
[0.399s] Level 1:colcon.colcon_core.package_identification:_identify(prefab.MobileTrunk/mobile_trunk_sim/echelon3) by extension 'python'
[0.399s] Level 1:colcon.colcon_core.package_identification:_identify(prefab.MobileTrunk/mobile_trunk_sim/echelon3) by extensions ['python_setup_py']
[0.399s] Level 1:colcon.colcon_core.package_identification:_identify(prefab.MobileTrunk/mobile_trunk_sim/echelon3) by extension 'python_setup_py'
[0.399s] Level 1:colcon.colcon_core.package_identification:_identify(prefab.MobileTrunk/mobile_trunk_sim/functional_test) by extensions ['ignore', 'ignore_ament_install']
[0.399s] Level 1:colcon.colcon_core.package_identification:_identify(prefab.MobileTrunk/mobile_trunk_sim/functional_test) by extension 'ignore'
[0.399s] Level 1:colcon.colcon_core.package_identification:_identify(prefab.MobileTrunk/mobile_trunk_sim/functional_test) by extension 'ignore_ament_install'
[0.400s] Level 1:colcon.colcon_core.package_identification:_identify(prefab.MobileTrunk/mobile_trunk_sim/functional_test) by extensions ['colcon_pkg']
[0.400s] Level 1:colcon.colcon_core.package_identification:_identify(prefab.MobileTrunk/mobile_trunk_sim/functional_test) by extension 'colcon_pkg'
[0.400s] Level 1:colcon.colcon_core.package_identification:_identify(prefab.MobileTrunk/mobile_trunk_sim/functional_test) by extensions ['colcon_meta']
[0.400s] Level 1:colcon.colcon_core.package_identification:_identify(prefab.MobileTrunk/mobile_trunk_sim/functional_test) by extension 'colcon_meta'
[0.400s] Level 1:colcon.colcon_core.package_identification:_identify(prefab.MobileTrunk/mobile_trunk_sim/functional_test) by extensions ['ros']
[0.400s] Level 1:colcon.colcon_core.package_identification:_identify(prefab.MobileTrunk/mobile_trunk_sim/functional_test) by extension 'ros'
[0.400s] Level 1:colcon.colcon_core.package_identification:_identify(prefab.MobileTrunk/mobile_trunk_sim/functional_test) by extensions ['cmake', 'python']
[0.400s] Level 1:colcon.colcon_core.package_identification:_identify(prefab.MobileTrunk/mobile_trunk_sim/functional_test) by extension 'cmake'
[0.400s] Level 1:colcon.colcon_core.package_identification:_identify(prefab.MobileTrunk/mobile_trunk_sim/functional_test) by extension 'python'
[0.400s] Level 1:colcon.colcon_core.package_identification:_identify(prefab.MobileTrunk/mobile_trunk_sim/functional_test) by extensions ['python_setup_py']
[0.400s] Level 1:colcon.colcon_core.package_identification:_identify(prefab.MobileTrunk/mobile_trunk_sim/functional_test) by extension 'python_setup_py'
[0.400s] Level 1:colcon.colcon_core.package_identification:_identify(prefab.MobileTrunk/mobile_trunk_sim/meshes) by extensions ['ignore', 'ignore_ament_install']
[0.400s] Level 1:colcon.colcon_core.package_identification:_identify(prefab.MobileTrunk/mobile_trunk_sim/meshes) by extension 'ignore'
[0.400s] Level 1:colcon.colcon_core.package_identification:_identify(prefab.MobileTrunk/mobile_trunk_sim/meshes) by extension 'ignore_ament_install'
[0.400s] Level 1:colcon.colcon_core.package_identification:_identify(prefab.MobileTrunk/mobile_trunk_sim/meshes) by extensions ['colcon_pkg']
[0.400s] Level 1:colcon.colcon_core.package_identification:_identify(prefab.MobileTrunk/mobile_trunk_sim/meshes) by extension 'colcon_pkg'
[0.400s] Level 1:colcon.colcon_core.package_identification:_identify(prefab.MobileTrunk/mobile_trunk_sim/meshes) by extensions ['colcon_meta']
[0.400s] Level 1:colcon.colcon_core.package_identification:_identify(prefab.MobileTrunk/mobile_trunk_sim/meshes) by extension 'colcon_meta'
[0.400s] Level 1:colcon.colcon_core.package_identification:_identify(prefab.MobileTrunk/mobile_trunk_sim/meshes) by extensions ['ros']
[0.401s] Level 1:colcon.colcon_core.package_identification:_identify(prefab.MobileTrunk/mobile_trunk_sim/meshes) by extension 'ros'
[0.401s] Level 1:colcon.colcon_core.package_identification:_identify(prefab.MobileTrunk/mobile_trunk_sim/meshes) by extensions ['cmake', 'python']
[0.401s] Level 1:colcon.colcon_core.package_identification:_identify(prefab.MobileTrunk/mobile_trunk_sim/meshes) by extension 'cmake'
[0.401s] Level 1:colcon.colcon_core.package_identification:_identify(prefab.MobileTrunk/mobile_trunk_sim/meshes) by extension 'python'
[0.401s] Level 1:colcon.colcon_core.package_identification:_identify(prefab.MobileTrunk/mobile_trunk_sim/meshes) by extensions ['python_setup_py']
[0.401s] Level 1:colcon.colcon_core.package_identification:_identify(prefab.MobileTrunk/mobile_trunk_sim/meshes) by extension 'python_setup_py'
[0.401s] Level 1:colcon.colcon_core.package_identification:_identify(prefab.MobileTrunk/mobile_trunk_ws) by extensions ['ignore', 'ignore_ament_install']
[0.401s] Level 1:colcon.colcon_core.package_identification:_identify(prefab.MobileTrunk/mobile_trunk_ws) by extension 'ignore'
[0.401s] Level 1:colcon.colcon_core.package_identification:_identify(prefab.MobileTrunk/mobile_trunk_ws) by extension 'ignore_ament_install'
[0.401s] Level 1:colcon.colcon_core.package_identification:_identify(prefab.MobileTrunk/mobile_trunk_ws) by extensions ['colcon_pkg']
[0.401s] Level 1:colcon.colcon_core.package_identification:_identify(prefab.MobileTrunk/mobile_trunk_ws) by extension 'colcon_pkg'
[0.401s] Level 1:colcon.colcon_core.package_identification:_identify(prefab.MobileTrunk/mobile_trunk_ws) by extensions ['colcon_meta']
[0.401s] Level 1:colcon.colcon_core.package_identification:_identify(prefab.MobileTrunk/mobile_trunk_ws) by extension 'colcon_meta'
[0.401s] Level 1:colcon.colcon_core.package_identification:_identify(prefab.MobileTrunk/mobile_trunk_ws) by extensions ['ros']
[0.401s] Level 1:colcon.colcon_core.package_identification:_identify(prefab.MobileTrunk/mobile_trunk_ws) by extension 'ros'
[0.401s] Level 1:colcon.colcon_core.package_identification:_identify(prefab.MobileTrunk/mobile_trunk_ws) by extensions ['cmake', 'python']
[0.401s] Level 1:colcon.colcon_core.package_identification:_identify(prefab.MobileTrunk/mobile_trunk_ws) by extension 'cmake'
[0.401s] Level 1:colcon.colcon_core.package_identification:_identify(prefab.MobileTrunk/mobile_trunk_ws) by extension 'python'
[0.402s] Level 1:colcon.colcon_core.package_identification:_identify(prefab.MobileTrunk/mobile_trunk_ws) by extensions ['python_setup_py']
[0.402s] Level 1:colcon.colcon_core.package_identification:_identify(prefab.MobileTrunk/mobile_trunk_ws) by extension 'python_setup_py'
[0.402s] Level 1:colcon.colcon_core.package_identification:_identify(prefab.MobileTrunk/mobile_trunk_ws/src) by extensions ['ignore', 'ignore_ament_install']
[0.402s] Level 1:colcon.colcon_core.package_identification:_identify(prefab.MobileTrunk/mobile_trunk_ws/src) by extension 'ignore'
[0.402s] Level 1:colcon.colcon_core.package_identification:_identify(prefab.MobileTrunk/mobile_trunk_ws/src) by extension 'ignore_ament_install'
[0.402s] Level 1:colcon.colcon_core.package_identification:_identify(prefab.MobileTrunk/mobile_trunk_ws/src) by extensions ['colcon_pkg']
[0.402s] Level 1:colcon.colcon_core.package_identification:_identify(prefab.MobileTrunk/mobile_trunk_ws/src) by extension 'colcon_pkg'
[0.402s] Level 1:colcon.colcon_core.package_identification:_identify(prefab.MobileTrunk/mobile_trunk_ws/src) by extensions ['colcon_meta']
[0.402s] Level 1:colcon.colcon_core.package_identification:_identify(prefab.MobileTrunk/mobile_trunk_ws/src) by extension 'colcon_meta'
[0.402s] Level 1:colcon.colcon_core.package_identification:_identify(prefab.MobileTrunk/mobile_trunk_ws/src) by extensions ['ros']
[0.402s] Level 1:colcon.colcon_core.package_identification:_identify(prefab.MobileTrunk/mobile_trunk_ws/src) by extension 'ros'
[0.402s] Level 1:colcon.colcon_core.package_identification:_identify(prefab.MobileTrunk/mobile_trunk_ws/src) by extensions ['cmake', 'python']
[0.402s] Level 1:colcon.colcon_core.package_identification:_identify(prefab.MobileTrunk/mobile_trunk_ws/src) by extension 'cmake'
[0.402s] Level 1:colcon.colcon_core.package_identification:_identify(prefab.MobileTrunk/mobile_trunk_ws/src) by extension 'python'
[0.402s] Level 1:colcon.colcon_core.package_identification:_identify(prefab.MobileTrunk/mobile_trunk_ws/src) by extensions ['python_setup_py']
[0.402s] Level 1:colcon.colcon_core.package_identification:_identify(prefab.MobileTrunk/mobile_trunk_ws/src) by extension 'python_setup_py'
[0.403s] Level 1:colcon.colcon_core.package_identification:_identify(prefab.MobileTrunk/mobile_trunk_ws/src/summit_xl) by extensions ['ignore', 'ignore_ament_install']
[0.403s] Level 1:colcon.colcon_core.package_identification:_identify(prefab.MobileTrunk/mobile_trunk_ws/src/summit_xl) by extension 'ignore'
[0.403s] Level 1:colcon.colcon_core.package_identification:_identify(prefab.MobileTrunk/mobile_trunk_ws/src/summit_xl) by extension 'ignore_ament_install'
[0.403s] Level 1:colcon.colcon_core.package_identification:_identify(prefab.MobileTrunk/mobile_trunk_ws/src/summit_xl) by extensions ['colcon_pkg']
[0.403s] Level 1:colcon.colcon_core.package_identification:_identify(prefab.MobileTrunk/mobile_trunk_ws/src/summit_xl) by extension 'colcon_pkg'
[0.403s] Level 1:colcon.colcon_core.package_identification:_identify(prefab.MobileTrunk/mobile_trunk_ws/src/summit_xl) by extensions ['colcon_meta']
[0.403s] Level 1:colcon.colcon_core.package_identification:_identify(prefab.MobileTrunk/mobile_trunk_ws/src/summit_xl) by extension 'colcon_meta'
[0.403s] Level 1:colcon.colcon_core.package_identification:_identify(prefab.MobileTrunk/mobile_trunk_ws/src/summit_xl) by extensions ['ros']
[0.403s] Level 1:colcon.colcon_core.package_identification:_identify(prefab.MobileTrunk/mobile_trunk_ws/src/summit_xl) by extension 'ros'
[0.403s] DEBUG:colcon.colcon_core.package_identification:Package 'prefab.MobileTrunk/mobile_trunk_ws/src/summit_xl' with type 'ros.ament_python' and name 'summit_xl'
[0.404s] Level 1:colcon.colcon_core.package_identification:_identify(prefab.MobileTrunk/test) by extensions ['ignore', 'ignore_ament_install']
[0.404s] Level 1:colcon.colcon_core.package_identification:_identify(prefab.MobileTrunk/test) by extension 'ignore'
[0.404s] Level 1:colcon.colcon_core.package_identification:_identify(prefab.MobileTrunk/test) by extension 'ignore_ament_install'
[0.404s] Level 1:colcon.colcon_core.package_identification:_identify(prefab.MobileTrunk/test) by extensions ['colcon_pkg']
[0.404s] Level 1:colcon.colcon_core.package_identification:_identify(prefab.MobileTrunk/test) by extension 'colcon_pkg'
[0.404s] Level 1:colcon.colcon_core.package_identification:_identify(prefab.MobileTrunk/test) by extensions ['colcon_meta']
[0.404s] Level 1:colcon.colcon_core.package_identification:_identify(prefab.MobileTrunk/test) by extension 'colcon_meta'
[0.404s] Level 1:colcon.colcon_core.package_identification:_identify(prefab.MobileTrunk/test) by extensions ['ros']
[0.404s] Level 1:colcon.colcon_core.package_identification:_identify(prefab.MobileTrunk/test) by extension 'ros'
[0.404s] Level 1:colcon.colcon_core.package_identification:_identify(prefab.MobileTrunk/test) by extensions ['cmake', 'python']
[0.404s] Level 1:colcon.colcon_core.package_identification:_identify(prefab.MobileTrunk/test) by extension 'cmake'
[0.404s] Level 1:colcon.colcon_core.package_identification:_identify(prefab.MobileTrunk/test) by extension 'python'
[0.404s] Level 1:colcon.colcon_core.package_identification:_identify(prefab.MobileTrunk/test) by extensions ['python_setup_py']
[0.404s] Level 1:colcon.colcon_core.package_identification:_identify(prefab.MobileTrunk/test) by extension 'python_setup_py'
[0.404s] Level 1:colcon.colcon_core.package_identification:_identify(prefab.MobileTrunk/test/join_states_data_processing) by extensions ['ignore', 'ignore_ament_install']
[0.404s] Level 1:colcon.colcon_core.package_identification:_identify(prefab.MobileTrunk/test/join_states_data_processing) by extension 'ignore'
[0.405s] Level 1:colcon.colcon_core.package_identification:_identify(prefab.MobileTrunk/test/join_states_data_processing) by extension 'ignore_ament_install'
[0.405s] Level 1:colcon.colcon_core.package_identification:_identify(prefab.MobileTrunk/test/join_states_data_processing) by extensions ['colcon_pkg']
[0.405s] Level 1:colcon.colcon_core.package_identification:_identify(prefab.MobileTrunk/test/join_states_data_processing) by extension 'colcon_pkg'
[0.405s] Level 1:colcon.colcon_core.package_identification:_identify(prefab.MobileTrunk/test/join_states_data_processing) by extensions ['colcon_meta']
[0.405s] Level 1:colcon.colcon_core.package_identification:_identify(prefab.MobileTrunk/test/join_states_data_processing) by extension 'colcon_meta'
[0.405s] Level 1:colcon.colcon_core.package_identification:_identify(prefab.MobileTrunk/test/join_states_data_processing) by extensions ['ros']
[0.405s] Level 1:colcon.colcon_core.package_identification:_identify(prefab.MobileTrunk/test/join_states_data_processing) by extension 'ros'
[0.405s] Level 1:colcon.colcon_core.package_identification:_identify(prefab.MobileTrunk/test/join_states_data_processing) by extensions ['cmake', 'python']
[0.405s] Level 1:colcon.colcon_core.package_identification:_identify(prefab.MobileTrunk/test/join_states_data_processing) by extension 'cmake'
[0.405s] Level 1:colcon.colcon_core.package_identification:_identify(prefab.MobileTrunk/test/join_states_data_processing) by extension 'python'
[0.405s] Level 1:colcon.colcon_core.package_identification:_identify(prefab.MobileTrunk/test/join_states_data_processing) by extensions ['python_setup_py']
[0.405s] Level 1:colcon.colcon_core.package_identification:_identify(prefab.MobileTrunk/test/join_states_data_processing) by extension 'python_setup_py'
[0.405s] Level 1:colcon.colcon_core.package_identification:_identify(prefab.MobileTrunk/test/ros) by extensions ['ignore', 'ignore_ament_install']
[0.405s] Level 1:colcon.colcon_core.package_identification:_identify(prefab.MobileTrunk/test/ros) by extension 'ignore'
[0.405s] Level 1:colcon.colcon_core.package_identification:_identify(prefab.MobileTrunk/test/ros) by extension 'ignore_ament_install'
[0.405s] Level 1:colcon.colcon_core.package_identification:_identify(prefab.MobileTrunk/test/ros) by extensions ['colcon_pkg']
[0.405s] Level 1:colcon.colcon_core.package_identification:_identify(prefab.MobileTrunk/test/ros) by extension 'colcon_pkg'
[0.406s] Level 1:colcon.colcon_core.package_identification:_identify(prefab.MobileTrunk/test/ros) by extensions ['colcon_meta']
[0.406s] Level 1:colcon.colcon_core.package_identification:_identify(prefab.MobileTrunk/test/ros) by extension 'colcon_meta'
[0.406s] Level 1:colcon.colcon_core.package_identification:_identify(prefab.MobileTrunk/test/ros) by extensions ['ros']
[0.406s] Level 1:colcon.colcon_core.package_identification:_identify(prefab.MobileTrunk/test/ros) by extension 'ros'
[0.406s] Level 1:colcon.colcon_core.package_identification:_identify(prefab.MobileTrunk/test/ros) by extensions ['cmake', 'python']
[0.406s] Level 1:colcon.colcon_core.package_identification:_identify(prefab.MobileTrunk/test/ros) by extension 'cmake'
[0.406s] Level 1:colcon.colcon_core.package_identification:_identify(prefab.MobileTrunk/test/ros) by extension 'python'
[0.406s] Level 1:colcon.colcon_core.package_identification:_identify(prefab.MobileTrunk/test/ros) by extensions ['python_setup_py']
[0.406s] Level 1:colcon.colcon_core.package_identification:_identify(prefab.MobileTrunk/test/ros) by extension 'python_setup_py'
[0.406s] Level 1:colcon.colcon_core.package_identification:_identify(prefab.MobileTrunk/test/ros/launch) by extensions ['ignore', 'ignore_ament_install']
[0.406s] Level 1:colcon.colcon_core.package_identification:_identify(prefab.MobileTrunk/test/ros/launch) by extension 'ignore'
[0.406s] Level 1:colcon.colcon_core.package_identification:_identify(prefab.MobileTrunk/test/ros/launch) by extension 'ignore_ament_install'
[0.406s] Level 1:colcon.colcon_core.package_identification:_identify(prefab.MobileTrunk/test/ros/launch) by extensions ['colcon_pkg']
[0.406s] Level 1:colcon.colcon_core.package_identification:_identify(prefab.MobileTrunk/test/ros/launch) by extension 'colcon_pkg'
[0.406s] Level 1:colcon.colcon_core.package_identification:_identify(prefab.MobileTrunk/test/ros/launch) by extensions ['colcon_meta']
[0.406s] Level 1:colcon.colcon_core.package_identification:_identify(prefab.MobileTrunk/test/ros/launch) by extension 'colcon_meta'
[0.406s] Level 1:colcon.colcon_core.package_identification:_identify(prefab.MobileTrunk/test/ros/launch) by extensions ['ros']
[0.406s] Level 1:colcon.colcon_core.package_identification:_identify(prefab.MobileTrunk/test/ros/launch) by extension 'ros'
[0.407s] Level 1:colcon.colcon_core.package_identification:_identify(prefab.MobileTrunk/test/ros/launch) by extensions ['cmake', 'python']
[0.407s] Level 1:colcon.colcon_core.package_identification:_identify(prefab.MobileTrunk/test/ros/launch) by extension 'cmake'
[0.407s] Level 1:colcon.colcon_core.package_identification:_identify(prefab.MobileTrunk/test/ros/launch) by extension 'python'
[0.407s] Level 1:colcon.colcon_core.package_identification:_identify(prefab.MobileTrunk/test/ros/launch) by extensions ['python_setup_py']
[0.407s] Level 1:colcon.colcon_core.package_identification:_identify(prefab.MobileTrunk/test/ros/launch) by extension 'python_setup_py'
[0.407s] Level 1:colcon.colcon_core.package_identification:_identify(prefab.MobileTrunk/test/ros/src) by extensions ['ignore', 'ignore_ament_install']
[0.407s] Level 1:colcon.colcon_core.package_identification:_identify(prefab.MobileTrunk/test/ros/src) by extension 'ignore'
[0.407s] Level 1:colcon.colcon_core.package_identification:_identify(prefab.MobileTrunk/test/ros/src) by extension 'ignore_ament_install'
[0.407s] Level 1:colcon.colcon_core.package_identification:_identify(prefab.MobileTrunk/test/ros/src) by extensions ['colcon_pkg']
[0.407s] Level 1:colcon.colcon_core.package_identification:_identify(prefab.MobileTrunk/test/ros/src) by extension 'colcon_pkg'
[0.407s] Level 1:colcon.colcon_core.package_identification:_identify(prefab.MobileTrunk/test/ros/src) by extensions ['colcon_meta']
[0.407s] Level 1:colcon.colcon_core.package_identification:_identify(prefab.MobileTrunk/test/ros/src) by extension 'colcon_meta'
[0.407s] Level 1:colcon.colcon_core.package_identification:_identify(prefab.MobileTrunk/test/ros/src) by extensions ['ros']
[0.407s] Level 1:colcon.colcon_core.package_identification:_identify(prefab.MobileTrunk/test/ros/src) by extension 'ros'
[0.407s] Level 1:colcon.colcon_core.package_identification:_identify(prefab.MobileTrunk/test/ros/src) by extensions ['cmake', 'python']
[0.407s] Level 1:colcon.colcon_core.package_identification:_identify(prefab.MobileTrunk/test/ros/src) by extension 'cmake'
[0.407s] Level 1:colcon.colcon_core.package_identification:_identify(prefab.MobileTrunk/test/ros/src) by extension 'python'
[0.407s] Level 1:colcon.colcon_core.package_identification:_identify(prefab.MobileTrunk/test/ros/src) by extensions ['python_setup_py']
[0.408s] Level 1:colcon.colcon_core.package_identification:_identify(prefab.MobileTrunk/test/ros/src) by extension 'python_setup_py'
[0.408s] Level 1:colcon.colcon_core.package_identification:_identify(prefab.MobileTrunk/test/ros/src/bag_recorder_nodes) by extensions ['ignore', 'ignore_ament_install']
[0.408s] Level 1:colcon.colcon_core.package_identification:_identify(prefab.MobileTrunk/test/ros/src/bag_recorder_nodes) by extension 'ignore'
[0.408s] Level 1:colcon.colcon_core.package_identification:_identify(prefab.MobileTrunk/test/ros/src/bag_recorder_nodes) by extension 'ignore_ament_install'
[0.408s] Level 1:colcon.colcon_core.package_identification:_identify(prefab.MobileTrunk/test/ros/src/bag_recorder_nodes) by extensions ['colcon_pkg']
[0.408s] Level 1:colcon.colcon_core.package_identification:_identify(prefab.MobileTrunk/test/ros/src/bag_recorder_nodes) by extension 'colcon_pkg'
[0.408s] Level 1:colcon.colcon_core.package_identification:_identify(prefab.MobileTrunk/test/ros/src/bag_recorder_nodes) by extensions ['colcon_meta']
[0.408s] Level 1:colcon.colcon_core.package_identification:_identify(prefab.MobileTrunk/test/ros/src/bag_recorder_nodes) by extension 'colcon_meta'
[0.408s] Level 1:colcon.colcon_core.package_identification:_identify(prefab.MobileTrunk/test/ros/src/bag_recorder_nodes) by extensions ['ros']
[0.408s] Level 1:colcon.colcon_core.package_identification:_identify(prefab.MobileTrunk/test/ros/src/bag_recorder_nodes) by extension 'ros'
[0.409s] DEBUG:colcon.colcon_core.package_identification:Package 'prefab.MobileTrunk/test/ros/src/bag_recorder_nodes' with type 'ros.ament_cmake' and name 'bag_recorder_nodes'
[0.409s] Level 1:colcon.colcon_core.package_identification:_identify(prefab.MobileTrunk/test/ros/src/somorob) by extensions ['ignore', 'ignore_ament_install']
[0.409s] Level 1:colcon.colcon_core.package_identification:_identify(prefab.MobileTrunk/test/ros/src/somorob) by extension 'ignore'
[0.409s] Level 1:colcon.colcon_core.package_identification:_identify(prefab.MobileTrunk/test/ros/src/somorob) by extension 'ignore_ament_install'
[0.409s] Level 1:colcon.colcon_core.package_identification:_identify(prefab.MobileTrunk/test/ros/src/somorob) by extensions ['colcon_pkg']
[0.409s] Level 1:colcon.colcon_core.package_identification:_identify(prefab.MobileTrunk/test/ros/src/somorob) by extension 'colcon_pkg'
[0.409s] Level 1:colcon.colcon_core.package_identification:_identify(prefab.MobileTrunk/test/ros/src/somorob) by extensions ['colcon_meta']
[0.409s] Level 1:colcon.colcon_core.package_identification:_identify(prefab.MobileTrunk/test/ros/src/somorob) by extension 'colcon_meta'
[0.409s] Level 1:colcon.colcon_core.package_identification:_identify(prefab.MobileTrunk/test/ros/src/somorob) by extensions ['ros']
[0.409s] Level 1:colcon.colcon_core.package_identification:_identify(prefab.MobileTrunk/test/ros/src/somorob) by extension 'ros'
[0.410s] DEBUG:colcon.colcon_core.package_identification:Package 'prefab.MobileTrunk/test/ros/src/somorob' with type 'ros.ament_cmake' and name 'somorob'
[0.410s] Level 1:colcon.colcon_core.package_discovery:discover_packages(recursive) using defaults
[0.410s] Level 1:colcon.colcon_core.package_discovery:discover_packages(ignore) discover
[0.410s] Level 1:colcon.colcon_core.package_discovery:discover_packages(ignore) using defaults
[0.410s] Level 1:colcon.colcon_core.package_discovery:discover_packages(path) discover
[0.410s] Level 1:colcon.colcon_core.package_discovery:discover_packages(path) using defaults
[0.431s] Level 1:colcon.colcon_core.package_discovery:discover_packages(prefix_path) check parameters
[0.431s] Level 1:colcon.colcon_core.package_discovery:discover_packages(prefix_path) discover
[0.433s] WARNING:colcon.colcon_ros.prefix_path.ament:The path '/home/speed/Somorob_Dynamixel/install/summit_xl' in the environment variable AMENT_PREFIX_PATH doesn't exist
[0.433s] WARNING:colcon.colcon_ros.prefix_path.ament:The path '/home/speed/Somorob_Dynamixel/install/somorob' in the environment variable AMENT_PREFIX_PATH doesn't exist
[0.433s] WARNING:colcon.colcon_ros.prefix_path.ament:The path '/home/speed/Somorob_Dynamixel/install/python_folder' in the environment variable AMENT_PREFIX_PATH doesn't exist
[0.433s] WARNING:colcon.colcon_ros.prefix_path.ament:The path '/home/speed/Somorob_Dynamixel/install/dynamixel_sdk_examples' in the environment variable AMENT_PREFIX_PATH doesn't exist
[0.433s] WARNING:colcon.colcon_ros.prefix_path.ament:The path '/home/speed/Somorob_Dynamixel/install/dynamixel_sdk_custom_interfaces' in the environment variable AMENT_PREFIX_PATH doesn't exist
[0.433s] WARNING:colcon.colcon_ros.prefix_path.ament:The path '/home/speed/Somorob_Dynamixel/install/dynamixel_sdk' in the environment variable AMENT_PREFIX_PATH doesn't exist
[0.433s] WARNING:colcon.colcon_ros.prefix_path.ament:The path '/home/speed/Somorob_Dynamixel/install/bag_recorder_nodes' in the environment variable AMENT_PREFIX_PATH doesn't exist
[0.433s] WARNING:colcon.colcon_ros.prefix_path.catkin:The path '/home/speed/Somorob_Dynamixel/install/somorob' in the environment variable CMAKE_PREFIX_PATH doesn't exist
[0.433s] WARNING:colcon.colcon_ros.prefix_path.catkin:The path '/home/speed/Somorob_Dynamixel/install/dynamixel_sdk_examples' in the environment variable CMAKE_PREFIX_PATH doesn't exist
[0.433s] WARNING:colcon.colcon_ros.prefix_path.catkin:The path '/home/speed/Somorob_Dynamixel/install/dynamixel_sdk_custom_interfaces' in the environment variable CMAKE_PREFIX_PATH doesn't exist
[0.433s] WARNING:colcon.colcon_ros.prefix_path.catkin:The path '/home/speed/Somorob_Dynamixel/install/dynamixel_sdk' in the environment variable CMAKE_PREFIX_PATH doesn't exist
[0.433s] WARNING:colcon.colcon_ros.prefix_path.catkin:The path '/home/speed/Somorob_Dynamixel/install/bag_recorder_nodes' in the environment variable CMAKE_PREFIX_PATH doesn't exist
[0.435s] DEBUG:colcon.colcon_installed_package_information.package_discovery:Found 0 installed packages in /home/speed/Somorob_Dynamixel/install
[0.436s] DEBUG:colcon.colcon_installed_package_information.package_discovery:Found 267 installed packages in /opt/ros/foxy
[0.438s] Level 1:colcon.colcon_core.package_discovery:discover_packages(prefix_path) using defaults
[0.514s] Level 5:colcon.colcon_core.verb:set package 'bag_recorder_nodes' build argument 'cmake_args' from command line to 'None'
[0.514s] Level 5:colcon.colcon_core.verb:set package 'bag_recorder_nodes' build argument 'cmake_target' from command line to 'None'
[0.514s] Level 5:colcon.colcon_core.verb:set package 'bag_recorder_nodes' build argument 'cmake_target_skip_unavailable' from command line to 'False'
[0.514s] Level 5:colcon.colcon_core.verb:set package 'bag_recorder_nodes' build argument 'cmake_clean_cache' from command line to 'False'
[0.514s] Level 5:colcon.colcon_core.verb:set package 'bag_recorder_nodes' build argument 'cmake_clean_first' from command line to 'False'
[0.514s] Level 5:colcon.colcon_core.verb:set package 'bag_recorder_nodes' build argument 'cmake_force_configure' from command line to 'False'
[0.514s] Level 5:colcon.colcon_core.verb:set package 'bag_recorder_nodes' build argument 'ament_cmake_args' from command line to 'None'
[0.514s] Level 5:colcon.colcon_core.verb:set package 'bag_recorder_nodes' build argument 'catkin_cmake_args' from command line to 'None'
[0.514s] Level 5:colcon.colcon_core.verb:set package 'bag_recorder_nodes' build argument 'catkin_skip_building_tests' from command line to 'False'
[0.514s] DEBUG:colcon.colcon_core.verb:Building package 'bag_recorder_nodes' with the following arguments: {'ament_cmake_args': None, 'build_base': '/home/speed/Somorob_Dynamixel/build/bag_recorder_nodes', 'catkin_cmake_args': None, 'catkin_skip_building_tests': False, 'cmake_args': None, 'cmake_clean_cache': False, 'cmake_clean_first': False, 'cmake_force_configure': False, 'cmake_target': None, 'cmake_target_skip_unavailable': False, 'install_base': '/home/speed/Somorob_Dynamixel/install/bag_recorder_nodes', 'merge_install': False, 'path': '/home/speed/Somorob_Dynamixel/prefab.MobileTrunk/test/ros/src/bag_recorder_nodes', 'symlink_install': False, 'test_result_base': None}
[0.515s] Level 5:colcon.colcon_core.verb:set package 'dynamixel_sdk' build argument 'cmake_args' from command line to 'None'
[0.515s] Level 5:colcon.colcon_core.verb:set package 'dynamixel_sdk' build argument 'cmake_target' from command line to 'None'
[0.515s] Level 5:colcon.colcon_core.verb:set package 'dynamixel_sdk' build argument 'cmake_target_skip_unavailable' from command line to 'False'
[0.515s] Level 5:colcon.colcon_core.verb:set package 'dynamixel_sdk' build argument 'cmake_clean_cache' from command line to 'False'
[0.515s] Level 5:colcon.colcon_core.verb:set package 'dynamixel_sdk' build argument 'cmake_clean_first' from command line to 'False'
[0.515s] Level 5:colcon.colcon_core.verb:set package 'dynamixel_sdk' build argument 'cmake_force_configure' from command line to 'False'
[0.515s] Level 5:colcon.colcon_core.verb:set package 'dynamixel_sdk' build argument 'ament_cmake_args' from command line to 'None'
[0.516s] Level 5:colcon.colcon_core.verb:set package 'dynamixel_sdk' build argument 'catkin_cmake_args' from command line to 'None'
[0.516s] Level 5:colcon.colcon_core.verb:set package 'dynamixel_sdk' build argument 'catkin_skip_building_tests' from command line to 'False'
[0.516s] DEBUG:colcon.colcon_core.verb:Building package 'dynamixel_sdk' with the following arguments: {'ament_cmake_args': None, 'build_base': '/home/speed/Somorob_Dynamixel/build/dynamixel_sdk', 'catkin_cmake_args': None, 'catkin_skip_building_tests': False, 'cmake_args': None, 'cmake_clean_cache': False, 'cmake_clean_first': False, 'cmake_force_configure': False, 'cmake_target': None, 'cmake_target_skip_unavailable': False, 'install_base': '/home/speed/Somorob_Dynamixel/install/dynamixel_sdk', 'merge_install': False, 'path': '/home/speed/Somorob_Dynamixel/prefab.MobileTrunk/dynamixel_trunk/DynamixelSDK/dynamixel_sdk', 'symlink_install': False, 'test_result_base': None}
[0.517s] Level 5:colcon.colcon_core.verb:set package 'dynamixel_sdk_custom_interfaces' build argument 'cmake_args' from command line to 'None'
[0.517s] Level 5:colcon.colcon_core.verb:set package 'dynamixel_sdk_custom_interfaces' build argument 'cmake_target' from command line to 'None'
[0.517s] Level 5:colcon.colcon_core.verb:set package 'dynamixel_sdk_custom_interfaces' build argument 'cmake_target_skip_unavailable' from command line to 'False'
[0.517s] Level 5:colcon.colcon_core.verb:set package 'dynamixel_sdk_custom_interfaces' build argument 'cmake_clean_cache' from command line to 'False'
[0.517s] Level 5:colcon.colcon_core.verb:set package 'dynamixel_sdk_custom_interfaces' build argument 'cmake_clean_first' from command line to 'False'
[0.517s] Level 5:colcon.colcon_core.verb:set package 'dynamixel_sdk_custom_interfaces' build argument 'cmake_force_configure' from command line to 'False'
[0.517s] Level 5:colcon.colcon_core.verb:set package 'dynamixel_sdk_custom_interfaces' build argument 'ament_cmake_args' from command line to 'None'
[0.517s] Level 5:colcon.colcon_core.verb:set package 'dynamixel_sdk_custom_interfaces' build argument 'catkin_cmake_args' from command line to 'None'
[0.517s] Level 5:colcon.colcon_core.verb:set package 'dynamixel_sdk_custom_interfaces' build argument 'catkin_skip_building_tests' from command line to 'False'
[0.517s] DEBUG:colcon.colcon_core.verb:Building package 'dynamixel_sdk_custom_interfaces' with the following arguments: {'ament_cmake_args': None, 'build_base': '/home/speed/Somorob_Dynamixel/build/dynamixel_sdk_custom_interfaces', 'catkin_cmake_args': None, 'catkin_skip_building_tests': False, 'cmake_args': None, 'cmake_clean_cache': False, 'cmake_clean_first': False, 'cmake_force_configure': False, 'cmake_target': None, 'cmake_target_skip_unavailable': False, 'install_base': '/home/speed/Somorob_Dynamixel/install/dynamixel_sdk_custom_interfaces', 'merge_install': False, 'path': '/home/speed/Somorob_Dynamixel/prefab.MobileTrunk/dynamixel_trunk/DynamixelSDK/dynamixel_sdk_custom_interfaces', 'symlink_install': False, 'test_result_base': None}
[0.518s] Level 5:colcon.colcon_core.verb:set package 'python_folder' build argument 'cmake_args' from command line to 'None'
[0.518s] Level 5:colcon.colcon_core.verb:set package 'python_folder' build argument 'cmake_target' from command line to 'None'
[0.518s] Level 5:colcon.colcon_core.verb:set package 'python_folder' build argument 'cmake_target_skip_unavailable' from command line to 'False'
[0.518s] Level 5:colcon.colcon_core.verb:set package 'python_folder' build argument 'cmake_clean_cache' from command line to 'False'
[0.518s] Level 5:colcon.colcon_core.verb:set package 'python_folder' build argument 'cmake_clean_first' from command line to 'False'
[0.518s] Level 5:colcon.colcon_core.verb:set package 'python_folder' build argument 'cmake_force_configure' from command line to 'False'
[0.518s] Level 5:colcon.colcon_core.verb:set package 'python_folder' build argument 'ament_cmake_args' from command line to 'None'
[0.518s] Level 5:colcon.colcon_core.verb:set package 'python_folder' build argument 'catkin_cmake_args' from command line to 'None'
[0.518s] Level 5:colcon.colcon_core.verb:set package 'python_folder' build argument 'catkin_skip_building_tests' from command line to 'False'
[0.518s] DEBUG:colcon.colcon_core.verb:Building package 'python_folder' with the following arguments: {'ament_cmake_args': None, 'build_base': '/home/speed/Somorob_Dynamixel/build/python_folder', 'catkin_cmake_args': None, 'catkin_skip_building_tests': False, 'cmake_args': None, 'cmake_clean_cache': False, 'cmake_clean_first': False, 'cmake_force_configure': False, 'cmake_target': None, 'cmake_target_skip_unavailable': False, 'install_base': '/home/speed/Somorob_Dynamixel/install/python_folder', 'merge_install': False, 'path': '/home/speed/Somorob_Dynamixel/prefab.MobileTrunk/dynamixel_trunk/Keyboard_trunk_controller', 'symlink_install': False, 'test_result_base': None}
[0.519s] Level 5:colcon.colcon_core.verb:set package 'somorob' build argument 'cmake_args' from command line to 'None'
[0.519s] Level 5:colcon.colcon_core.verb:set package 'somorob' build argument 'cmake_target' from command line to 'None'
[0.519s] Level 5:colcon.colcon_core.verb:set package 'somorob' build argument 'cmake_target_skip_unavailable' from command line to 'False'
[0.519s] Level 5:colcon.colcon_core.verb:set package 'somorob' build argument 'cmake_clean_cache' from command line to 'False'
[0.519s] Level 5:colcon.colcon_core.verb:set package 'somorob' build argument 'cmake_clean_first' from command line to 'False'
[0.519s] Level 5:colcon.colcon_core.verb:set package 'somorob' build argument 'cmake_force_configure' from command line to 'False'
[0.519s] Level 5:colcon.colcon_core.verb:set package 'somorob' build argument 'ament_cmake_args' from command line to 'None'
[0.519s] Level 5:colcon.colcon_core.verb:set package 'somorob' build argument 'catkin_cmake_args' from command line to 'None'
[0.519s] Level 5:colcon.colcon_core.verb:set package 'somorob' build argument 'catkin_skip_building_tests' from command line to 'False'
[0.519s] DEBUG:colcon.colcon_core.verb:Building package 'somorob' with the following arguments: {'ament_cmake_args': None, 'build_base': '/home/speed/Somorob_Dynamixel/build/somorob', 'catkin_cmake_args': None, 'catkin_skip_building_tests': False, 'cmake_args': None, 'cmake_clean_cache': False, 'cmake_clean_first': False, 'cmake_force_configure': False, 'cmake_target': None, 'cmake_target_skip_unavailable': False, 'install_base': '/home/speed/Somorob_Dynamixel/install/somorob', 'merge_install': False, 'path': '/home/speed/Somorob_Dynamixel/prefab.MobileTrunk/test/ros/src/somorob', 'symlink_install': False, 'test_result_base': None}
[0.520s] Level 5:colcon.colcon_core.verb:set package 'summit_xl' build argument 'cmake_args' from command line to 'None'
[0.520s] Level 5:colcon.colcon_core.verb:set package 'summit_xl' build argument 'cmake_target' from command line to 'None'
[0.520s] Level 5:colcon.colcon_core.verb:set package 'summit_xl' build argument 'cmake_target_skip_unavailable' from command line to 'False'
[0.520s] Level 5:colcon.colcon_core.verb:set package 'summit_xl' build argument 'cmake_clean_cache' from command line to 'False'
[0.520s] Level 5:colcon.colcon_core.verb:set package 'summit_xl' build argument 'cmake_clean_first' from command line to 'False'
[0.521s] Level 5:colcon.colcon_core.verb:set package 'summit_xl' build argument 'cmake_force_configure' from command line to 'False'
[0.521s] Level 5:colcon.colcon_core.verb:set package 'summit_xl' build argument 'ament_cmake_args' from command line to 'None'
[0.521s] Level 5:colcon.colcon_core.verb:set package 'summit_xl' build argument 'catkin_cmake_args' from command line to 'None'
[0.521s] Level 5:colcon.colcon_core.verb:set package 'summit_xl' build argument 'catkin_skip_building_tests' from command line to 'False'
[0.521s] DEBUG:colcon.colcon_core.verb:Building package 'summit_xl' with the following arguments: {'ament_cmake_args': None, 'build_base': '/home/speed/Somorob_Dynamixel/build/summit_xl', 'catkin_cmake_args': None, 'catkin_skip_building_tests': False, 'cmake_args': None, 'cmake_clean_cache': False, 'cmake_clean_first': False, 'cmake_force_configure': False, 'cmake_target': None, 'cmake_target_skip_unavailable': False, 'install_base': '/home/speed/Somorob_Dynamixel/install/summit_xl', 'merge_install': False, 'path': '/home/speed/Somorob_Dynamixel/prefab.MobileTrunk/mobile_trunk_ws/src/summit_xl', 'symlink_install': False, 'test_result_base': None}
[0.522s] Level 5:colcon.colcon_core.verb:set package 'dynamixel_sdk_examples' build argument 'cmake_args' from command line to 'None'
[0.522s] Level 5:colcon.colcon_core.verb:set package 'dynamixel_sdk_examples' build argument 'cmake_target' from command line to 'None'
[0.522s] Level 5:colcon.colcon_core.verb:set package 'dynamixel_sdk_examples' build argument 'cmake_target_skip_unavailable' from command line to 'False'
[0.522s] Level 5:colcon.colcon_core.verb:set package 'dynamixel_sdk_examples' build argument 'cmake_clean_cache' from command line to 'False'
[0.522s] Level 5:colcon.colcon_core.verb:set package 'dynamixel_sdk_examples' build argument 'cmake_clean_first' from command line to 'False'
[0.522s] Level 5:colcon.colcon_core.verb:set package 'dynamixel_sdk_examples' build argument 'cmake_force_configure' from command line to 'False'
[0.522s] Level 5:colcon.colcon_core.verb:set package 'dynamixel_sdk_examples' build argument 'ament_cmake_args' from command line to 'None'
[0.522s] Level 5:colcon.colcon_core.verb:set package 'dynamixel_sdk_examples' build argument 'catkin_cmake_args' from command line to 'None'
[0.522s] Level 5:colcon.colcon_core.verb:set package 'dynamixel_sdk_examples' build argument 'catkin_skip_building_tests' from command line to 'False'
[0.522s] DEBUG:colcon.colcon_core.verb:Building package 'dynamixel_sdk_examples' with the following arguments: {'ament_cmake_args': None, 'build_base': '/home/speed/Somorob_Dynamixel/build/dynamixel_sdk_examples', 'catkin_cmake_args': None, 'catkin_skip_building_tests': False, 'cmake_args': None, 'cmake_clean_cache': False, 'cmake_clean_first': False, 'cmake_force_configure': False, 'cmake_target': None, 'cmake_target_skip_unavailable': False, 'install_base': '/home/speed/Somorob_Dynamixel/install/dynamixel_sdk_examples', 'merge_install': False, 'path': '/home/speed/Somorob_Dynamixel/prefab.MobileTrunk/dynamixel_trunk/DynamixelSDK/dynamixel_sdk_examples', 'symlink_install': False, 'test_result_base': None}
[0.523s] INFO:colcon.colcon_core.executor:Executing jobs using 'parallel' executor
[0.526s] DEBUG:colcon.colcon_parallel_executor.executor.parallel:run_until_complete
[0.527s] INFO:colcon.colcon_ros.task.ament_cmake.build:Building ROS package in '/home/speed/Somorob_Dynamixel/prefab.MobileTrunk/dynamixel_trunk/DynamixelSDK/dynamixel_sdk' with build type 'ament_cmake'
[0.527s] INFO:colcon.colcon_cmake.task.cmake.build:Building CMake package in '/home/speed/Somorob_Dynamixel/prefab.MobileTrunk/dynamixel_trunk/DynamixelSDK/dynamixel_sdk'
[0.532s] INFO:colcon.colcon_core.plugin_system:Skipping extension 'colcon_core.shell.bat': Not used on non-Windows systems
[0.532s] INFO:colcon.colcon_core.shell:Skip shell extension 'powershell' for command environment: Not usable outside of PowerShell
[0.532s] DEBUG:colcon.colcon_core.shell:Skip shell extension 'dsv' for command environment
[0.539s] INFO:colcon.colcon_ros.task.ament_cmake.build:Building ROS package in '/home/speed/Somorob_Dynamixel/prefab.MobileTrunk/dynamixel_trunk/DynamixelSDK/dynamixel_sdk_custom_interfaces' with build type 'ament_cmake'
[0.539s] INFO:colcon.colcon_cmake.task.cmake.build:Building CMake package in '/home/speed/Somorob_Dynamixel/prefab.MobileTrunk/dynamixel_trunk/DynamixelSDK/dynamixel_sdk_custom_interfaces'
[0.541s] INFO:colcon.colcon_core.shell:Skip shell extension 'powershell' for command environment: Not usable outside of PowerShell
[0.541s] DEBUG:colcon.colcon_core.shell:Skip shell extension 'dsv' for command environment
[0.547s] INFO:colcon.colcon_ros.task.ament_cmake.build:Building ROS package in '/home/speed/Somorob_Dynamixel/prefab.MobileTrunk/test/ros/src/bag_recorder_nodes' with build type 'ament_cmake'
[0.548s] INFO:colcon.colcon_cmake.task.cmake.build:Building CMake package in '/home/speed/Somorob_Dynamixel/prefab.MobileTrunk/test/ros/src/bag_recorder_nodes'
[0.550s] INFO:colcon.colcon_core.shell:Skip shell extension 'powershell' for command environment: Not usable outside of PowerShell
[0.550s] DEBUG:colcon.colcon_core.shell:Skip shell extension 'dsv' for command environment
[0.556s] INFO:colcon.colcon_ros.task.ament_python.build:Building ROS package in '/home/speed/Somorob_Dynamixel/prefab.MobileTrunk/dynamixel_trunk/Keyboard_trunk_controller' with build type 'ament_python'
[0.557s] Level 1:colcon.colcon_core.shell:create_environment_hook('python_folder', 'ament_prefix_path')
[0.559s] INFO:colcon.colcon_core.shell:Creating environment hook '/home/speed/Somorob_Dynamixel/install/python_folder/share/python_folder/hook/ament_prefix_path.ps1'
[0.560s] INFO:colcon.colcon_core.shell:Creating environment descriptor '/home/speed/Somorob_Dynamixel/install/python_folder/share/python_folder/hook/ament_prefix_path.dsv'
[0.561s] INFO:colcon.colcon_core.shell:Creating environment hook '/home/speed/Somorob_Dynamixel/install/python_folder/share/python_folder/hook/ament_prefix_path.sh'
[0.563s] INFO:colcon.colcon_core.shell:Skip shell extension 'powershell' for command environment: Not usable outside of PowerShell
[0.563s] DEBUG:colcon.colcon_core.shell:Skip shell extension 'dsv' for command environment
[0.569s] INFO:colcon.colcon_ros.task.ament_cmake.build:Building ROS package in '/home/speed/Somorob_Dynamixel/prefab.MobileTrunk/test/ros/src/somorob' with build type 'ament_cmake'
[0.569s] INFO:colcon.colcon_cmake.task.cmake.build:Building CMake package in '/home/speed/Somorob_Dynamixel/prefab.MobileTrunk/test/ros/src/somorob'
[0.571s] INFO:colcon.colcon_core.shell:Skip shell extension 'powershell' for command environment: Not usable outside of PowerShell
[0.571s] DEBUG:colcon.colcon_core.shell:Skip shell extension 'dsv' for command environment
[0.578s] INFO:colcon.colcon_ros.task.ament_python.build:Building ROS package in '/home/speed/Somorob_Dynamixel/prefab.MobileTrunk/mobile_trunk_ws/src/summit_xl' with build type 'ament_python'
[0.579s] Level 1:colcon.colcon_core.shell:create_environment_hook('summit_xl', 'ament_prefix_path')
[0.580s] INFO:colcon.colcon_core.shell:Creating environment hook '/home/speed/Somorob_Dynamixel/install/summit_xl/share/summit_xl/hook/ament_prefix_path.ps1'
[0.581s] INFO:colcon.colcon_core.shell:Creating environment descriptor '/home/speed/Somorob_Dynamixel/install/summit_xl/share/summit_xl/hook/ament_prefix_path.dsv'
[0.582s] INFO:colcon.colcon_core.shell:Creating environment hook '/home/speed/Somorob_Dynamixel/install/summit_xl/share/summit_xl/hook/ament_prefix_path.sh'
[0.584s] INFO:colcon.colcon_core.shell:Skip shell extension 'powershell' for command environment: Not usable outside of PowerShell
[0.584s] DEBUG:colcon.colcon_core.shell:Skip shell extension 'dsv' for command environment
[0.599s] DEBUG:colcon.colcon_core.event_handler.log_command:Invoking command in '/home/speed/Somorob_Dynamixel/build/dynamixel_sdk': CMAKE_PREFIX_PATH=${CMAKE_PREFIX_PATH}:/home/speed/Somorob_Dynamixel/install/summit_xl:/home/speed/Somorob_Dynamixel/install/python_folder:/opt/ros/foxy /usr/bin/cmake /home/speed/Somorob_Dynamixel/prefab.MobileTrunk/dynamixel_trunk/DynamixelSDK/dynamixel_sdk -DCMAKE_INSTALL_PREFIX=/home/speed/Somorob_Dynamixel/install/dynamixel_sdk
[0.604s] DEBUG:colcon.colcon_core.event_handler.log_command:Invoking command in '/home/speed/Somorob_Dynamixel/build/dynamixel_sdk_custom_interfaces': CMAKE_PREFIX_PATH=${CMAKE_PREFIX_PATH}:/home/speed/Somorob_Dynamixel/install/summit_xl:/home/speed/Somorob_Dynamixel/install/python_folder:/opt/ros/foxy /usr/bin/cmake /home/speed/Somorob_Dynamixel/prefab.MobileTrunk/dynamixel_trunk/DynamixelSDK/dynamixel_sdk_custom_interfaces -DCMAKE_INSTALL_PREFIX=/home/speed/Somorob_Dynamixel/install/dynamixel_sdk_custom_interfaces
[0.608s] DEBUG:colcon.colcon_core.event_handler.log_command:Invoking command in '/home/speed/Somorob_Dynamixel/build/bag_recorder_nodes': CMAKE_PREFIX_PATH=${CMAKE_PREFIX_PATH}:/home/speed/Somorob_Dynamixel/install/summit_xl:/home/speed/Somorob_Dynamixel/install/python_folder:/opt/ros/foxy /usr/bin/cmake /home/speed/Somorob_Dynamixel/prefab.MobileTrunk/test/ros/src/bag_recorder_nodes -DCMAKE_INSTALL_PREFIX=/home/speed/Somorob_Dynamixel/install/bag_recorder_nodes
[0.887s] WARNING:colcon.colcon_ros.task.ament_python.build:Package 'python_folder' doesn't explicitly install a marker in the package index (colcon-ros currently does it implicitly but that fallback will be removed in the future)
[0.888s] WARNING:colcon.colcon_ros.task.ament_python.build:Package 'python_folder' doesn't explicitly install the 'package.xml' file (colcon-ros currently does it implicitly but that fallback will be removed in the future)
[0.888s] INFO:colcon.colcon_core.task.python.build:Building Python package in '/home/speed/Somorob_Dynamixel/prefab.MobileTrunk/dynamixel_trunk/Keyboard_trunk_controller'
[0.891s] INFO:colcon.colcon_core.shell:Skip shell extension 'powershell' for command environment: Not usable outside of PowerShell
[0.891s] DEBUG:colcon.colcon_core.shell:Skip shell extension 'dsv' for command environment
[0.908s] DEBUG:colcon.colcon_core.event_handler.log_command:Invoking command in '/home/speed/Somorob_Dynamixel/build/somorob': CMAKE_PREFIX_PATH=${CMAKE_PREFIX_PATH}:/home/speed/Somorob_Dynamixel/install/summit_xl:/home/speed/Somorob_Dynamixel/install/python_folder:/opt/ros/foxy /usr/bin/cmake /home/speed/Somorob_Dynamixel/prefab.MobileTrunk/test/ros/src/somorob -DCMAKE_INSTALL_PREFIX=/home/speed/Somorob_Dynamixel/install/somorob
[1.206s] INFO:colcon.colcon_core.task.python.build:Building Python package in '/home/speed/Somorob_Dynamixel/prefab.MobileTrunk/mobile_trunk_ws/src/summit_xl'
[1.212s] INFO:colcon.colcon_core.shell:Skip shell extension 'powershell' for command environment: Not usable outside of PowerShell
[1.212s] DEBUG:colcon.colcon_core.shell:Skip shell extension 'dsv' for command environment
[1.625s] DEBUG:colcon.colcon_core.event_handler.log_command:Invoked command in '/home/speed/Somorob_Dynamixel/build/dynamixel_sdk' returned '0': CMAKE_PREFIX_PATH=${CMAKE_PREFIX_PATH}:/home/speed/Somorob_Dynamixel/install/summit_xl:/home/speed/Somorob_Dynamixel/install/python_folder:/opt/ros/foxy /usr/bin/cmake /home/speed/Somorob_Dynamixel/prefab.MobileTrunk/dynamixel_trunk/DynamixelSDK/dynamixel_sdk -DCMAKE_INSTALL_PREFIX=/home/speed/Somorob_Dynamixel/install/dynamixel_sdk
[1.632s] DEBUG:colcon.colcon_core.event_handler.log_command:Invoking command in '/home/speed/Somorob_Dynamixel/build/dynamixel_sdk': CMAKE_PREFIX_PATH=${CMAKE_PREFIX_PATH}:/home/speed/Somorob_Dynamixel/install/summit_xl:/home/speed/Somorob_Dynamixel/install/python_folder:/opt/ros/foxy /usr/bin/cmake --build /home/speed/Somorob_Dynamixel/build/dynamixel_sdk -- -j24 -l24
[1.729s] DEBUG:colcon.colcon_core.event_handler.log_command:Invoking command in '/home/speed/Somorob_Dynamixel/prefab.MobileTrunk/dynamixel_trunk/Keyboard_trunk_controller': PYTHONPATH=/home/speed/Somorob_Dynamixel/build/python_folder/prefix_override:/home/speed/Somorob_Dynamixel/install/python_folder/lib/python3.8/site-packages:${PYTHONPATH} /usr/bin/python3 setup.py egg_info --egg-base ../../../build/python_folder build --build-base /home/speed/Somorob_Dynamixel/build/python_folder/build install --record /home/speed/Somorob_Dynamixel/build/python_folder/install.log --install-scripts $base/lib/python_folder --single-version-externally-managed
[1.733s] DEBUG:colcon.colcon_core.event_handler.log_command:Invoking command in '/home/speed/Somorob_Dynamixel/prefab.MobileTrunk/mobile_trunk_ws/src/summit_xl': PYTHONPATH=/home/speed/Somorob_Dynamixel/build/summit_xl/prefix_override:/home/speed/Somorob_Dynamixel/install/summit_xl/lib/python3.8/site-packages:${PYTHONPATH} /usr/bin/python3 setup.py egg_info --egg-base ../../../../build/summit_xl build --build-base /home/speed/Somorob_Dynamixel/build/summit_xl/build install --record /home/speed/Somorob_Dynamixel/build/summit_xl/install.log --single-version-externally-managed
[2.054s] DEBUG:colcon.colcon_core.event_handler.log_command:Invoked command in '/home/speed/Somorob_Dynamixel/prefab.MobileTrunk/dynamixel_trunk/Keyboard_trunk_controller' returned '1': PYTHONPATH=/home/speed/Somorob_Dynamixel/build/python_folder/prefix_override:/home/speed/Somorob_Dynamixel/install/python_folder/lib/python3.8/site-packages:${PYTHONPATH} /usr/bin/python3 setup.py egg_info --egg-base ../../../build/python_folder build --build-base /home/speed/Somorob_Dynamixel/build/python_folder/build install --record /home/speed/Somorob_Dynamixel/build/python_folder/install.log --install-scripts $base/lib/python_folder --single-version-externally-managed
[2.990s] DEBUG:colcon.colcon_parallel_executor.executor.parallel:closing loop
[2.990s] DEBUG:colcon.colcon_parallel_executor.executor.parallel:loop closed
[2.991s] DEBUG:colcon.colcon_parallel_executor.executor.parallel:run_until_complete finished with '1'
[2.991s] DEBUG:colcon.colcon_core.event_reactor:joining thread
[3.001s] INFO:colcon.colcon_core.plugin_system:Skipping extension 'colcon_notification.desktop_notification.terminal_notifier': Not used on non-Darwin systems
[3.002s] INFO:colcon.colcon_core.plugin_system:Skipping extension 'colcon_notification.desktop_notification.win32': Not used on non-Windows systems
[3.002s] INFO:colcon.colcon_notification.desktop_notification:Sending desktop notification using 'notify2'
[3.029s] DEBUG:colcon.colcon_core.event_reactor:joined thread
[3.033s] INFO:colcon.colcon_core.shell:Creating prefix script '/home/speed/Somorob_Dynamixel/install/local_setup.ps1'
[3.035s] INFO:colcon.colcon_core.shell:Creating prefix util module '/home/speed/Somorob_Dynamixel/install/_local_setup_util_ps1.py'
[3.038s] INFO:colcon.colcon_core.shell:Creating prefix chain script '/home/speed/Somorob_Dynamixel/install/setup.ps1'
[3.039s] INFO:colcon.colcon_core.shell:Creating prefix script '/home/speed/Somorob_Dynamixel/install/local_setup.sh'
[3.040s] INFO:colcon.colcon_core.shell:Creating prefix util module '/home/speed/Somorob_Dynamixel/install/_local_setup_util_sh.py'
[3.040s] INFO:colcon.colcon_core.shell:Creating prefix chain script '/home/speed/Somorob_Dynamixel/install/setup.sh'
[3.042s] INFO:colcon.colcon_core.shell:Creating prefix script '/home/speed/Somorob_Dynamixel/install/local_setup.bash'
[3.043s] INFO:colcon.colcon_core.shell:Creating prefix chain script '/home/speed/Somorob_Dynamixel/install/setup.bash'
[3.044s] INFO:colcon.colcon_core.shell:Creating prefix script '/home/speed/Somorob_Dynamixel/install/local_setup.zsh'
[3.045s] INFO:colcon.colcon_core.shell:Creating prefix chain script '/home/speed/Somorob_Dynamixel/install/setup.zsh'
