[1.201s] Invoking command in '/home/speed/Somorob_Dynamixel/prefab.MobileTrunk/dynamixel_trunk/Keyboard_trunk_controller': PYTHONPATH=/home/speed/Somorob_Dynamixel/build/python_folder/prefix_override:/home/speed/Somorob_Dynamixel/install/python_folder/lib/python3.8/site-packages:${PYTHONPATH} /usr/bin/python3 setup.py egg_info --egg-base ../../../build/python_folder build --build-base /home/speed/Somorob_Dynamixel/build/python_folder/build install --record /home/speed/Somorob_Dynamixel/build/python_folder/install.log --install-scripts $base/lib/keyboard_trunk_controller --single-version-externally-managed
[1.452s] running egg_info
[1.452s] writing ../../../build/python_folder/keyboard_trunk_controller.egg-info/PKG-INFO
[1.453s] writing dependency_links to ../../../build/python_folder/keyboard_trunk_controller.egg-info/dependency_links.txt
[1.453s] writing entry points to ../../../build/python_folder/keyboard_trunk_controller.egg-info/entry_points.txt
[1.453s] writing requirements to ../../../build/python_folder/keyboard_trunk_controller.egg-info/requires.txt
[1.453s] writing top-level names to ../../../build/python_folder/keyboard_trunk_controller.egg-info/top_level.txt
[1.489s] reading manifest file '../../../build/python_folder/keyboard_trunk_controller.egg-info/SOURCES.txt'
[1.489s] writing manifest file '../../../build/python_folder/keyboard_trunk_controller.egg-info/SOURCES.txt'
[1.490s] running build
[1.490s] running build_py
[1.491s] running install
[1.491s] running install_lib
[1.492s] running install_data
[1.492s] copying resource/keyboard_trunk_controller -> /home/speed/Somorob_Dynamixel/install/python_folder/share/ament_index/resource_index/packages
[1.493s] creating /home/speed/Somorob_Dynamixel/install/python_folder/share/keyboard_trunk_controller
[1.493s] copying package.xml -> /home/speed/Somorob_Dynamixel/install/python_folder/share/keyboard_trunk_controller
[1.493s] running install_egg_info
[1.494s] Copying ../../../build/python_folder/keyboard_trunk_controller.egg-info to /home/speed/Somorob_Dynamixel/install/python_folder/lib/python3.8/site-packages/keyboard_trunk_controller-0.0.0-py3.8.egg-info
[1.495s] running install_scripts
[1.513s] Installing keyboard_controller script to /home/speed/Somorob_Dynamixel/install/python_folder/lib/keyboard_trunk_controller
[1.513s] Installing set_position_to_float64_converter script to /home/speed/Somorob_Dynamixel/install/python_folder/lib/keyboard_trunk_controller
[1.513s] writing list of installed files to '/home/speed/Somorob_Dynamixel/build/python_folder/install.log'
[1.538s] Invoked command in '/home/speed/Somorob_Dynamixel/prefab.MobileTrunk/dynamixel_trunk/Keyboard_trunk_controller' returned '0': PYTHONPATH=/home/speed/Somorob_Dynamixel/build/python_folder/prefix_override:/home/speed/Somorob_Dynamixel/install/python_folder/lib/python3.8/site-packages:${PYTHONPATH} /usr/bin/python3 setup.py egg_info --egg-base ../../../build/python_folder build --build-base /home/speed/Somorob_Dynamixel/build/python_folder/build install --record /home/speed/Somorob_Dynamixel/build/python_folder/install.log --install-scripts $base/lib/keyboard_trunk_controller --single-version-externally-managed
