running egg_info
creating ../../../build/python_folder/keyboard_trunk_controller.egg-info
writing ../../../build/python_folder/keyboard_trunk_controller.egg-info/PKG-INFO
writing dependency_links to ../../../build/python_folder/keyboard_trunk_controller.egg-info/dependency_links.txt
writing entry points to ../../../build/python_folder/keyboard_trunk_controller.egg-info/entry_points.txt
writing requirements to ../../../build/python_folder/keyboard_trunk_controller.egg-info/requires.txt
writing top-level names to ../../../build/python_folder/keyboard_trunk_controller.egg-info/top_level.txt
writing manifest file '../../../build/python_folder/keyboard_trunk_controller.egg-info/SOURCES.txt'
reading manifest file '../../../build/python_folder/keyboard_trunk_controller.egg-info/SOURCES.txt'
writing manifest file '../../../build/python_folder/keyboard_trunk_controller.egg-info/SOURCES.txt'
running build
running build_py
creating /home/speed/Somorob_Dynamixel/build/python_folder/build
creating /home/speed/Somorob_Dynamixel/build/python_folder/build/lib
creating /home/speed/Somorob_Dynamixel/build/python_folder/build/lib/keyboard_trunk_controller
copying keyboard_trunk_controller/set_position_to_float64_converter.py -> /home/speed/Somorob_Dynamixel/build/python_folder/build/lib/keyboard_trunk_controller
copying keyboard_trunk_controller/__init__.py -> /home/speed/Somorob_Dynamixel/build/python_folder/build/lib/keyboard_trunk_controller
copying keyboard_trunk_controller/keyboard_controller.py -> /home/speed/Somorob_Dynamixel/build/python_folder/build/lib/keyboard_trunk_controller
running install
running install_lib
creating /home/speed/Somorob_Dynamixel/install/python_folder/lib/python3.8/site-packages/keyboard_trunk_controller
copying /home/speed/Somorob_Dynamixel/build/python_folder/build/lib/keyboard_trunk_controller/set_position_to_float64_converter.py -> /home/speed/Somorob_Dynamixel/install/python_folder/lib/python3.8/site-packages/keyboard_trunk_controller
copying /home/speed/Somorob_Dynamixel/build/python_folder/build/lib/keyboard_trunk_controller/__init__.py -> /home/speed/Somorob_Dynamixel/install/python_folder/lib/python3.8/site-packages/keyboard_trunk_controller
copying /home/speed/Somorob_Dynamixel/build/python_folder/build/lib/keyboard_trunk_controller/keyboard_controller.py -> /home/speed/Somorob_Dynamixel/install/python_folder/lib/python3.8/site-packages/keyboard_trunk_controller
byte-compiling /home/speed/Somorob_Dynamixel/install/python_folder/lib/python3.8/site-packages/keyboard_trunk_controller/set_position_to_float64_converter.py to set_position_to_float64_converter.cpython-38.pyc
byte-compiling /home/speed/Somorob_Dynamixel/install/python_folder/lib/python3.8/site-packages/keyboard_trunk_controller/__init__.py to __init__.cpython-38.pyc
byte-compiling /home/speed/Somorob_Dynamixel/install/python_folder/lib/python3.8/site-packages/keyboard_trunk_controller/keyboard_controller.py to keyboard_controller.cpython-38.pyc
running install_data
copying resource/keyboard_trunk_controller -> /home/speed/Somorob_Dynamixel/install/python_folder/share/ament_index/resource_index/packages
creating /home/speed/Somorob_Dynamixel/install/python_folder/share/keyboard_trunk_controller
copying package.xml -> /home/speed/Somorob_Dynamixel/install/python_folder/share/keyboard_trunk_controller
running install_egg_info
Copying ../../../build/python_folder/keyboard_trunk_controller.egg-info to /home/speed/Somorob_Dynamixel/install/python_folder/lib/python3.8/site-packages/keyboard_trunk_controller-0.0.0-py3.8.egg-info
running install_scripts
Installing keyboard_controller script to /home/speed/Somorob_Dynamixel/install/python_folder/lib/keyboard_trunk_controller
Installing set_position_to_float64_converter script to /home/speed/Somorob_Dynamixel/install/python_folder/lib/keyboard_trunk_controller
writing list of installed files to '/home/speed/Somorob_Dynamixel/build/python_folder/install.log'
