[1.135s] Invoking command in '/home/speed/Somorob_Dynamixel/prefab.MobileTrunk/dynamixel_trunk/Keyboard_trunk_controller': PYTHONPATH=/home/speed/Somorob_Dynamixel/build/python_folder/prefix_override:/home/speed/Somorob_Dynamixel/install/python_folder/lib/python3.8/site-packages:${PYTHONPATH} /usr/bin/python3 setup.py egg_info --egg-base ../../../build/python_folder build --build-base /home/speed/Somorob_Dynamixel/build/python_folder/build install --record /home/speed/Somorob_Dynamixel/build/python_folder/install.log --install-scripts $base/lib/keyboard_trunk_controller --single-version-externally-managed
[1.417s] running egg_info
[1.418s] creating ../../../build/python_folder/keyboard_trunk_controller.egg-info
[1.418s] writing ../../../build/python_folder/keyboard_trunk_controller.egg-info/PKG-INFO
[1.418s] writing dependency_links to ../../../build/python_folder/keyboard_trunk_controller.egg-info/dependency_links.txt
[1.418s] writing entry points to ../../../build/python_folder/keyboard_trunk_controller.egg-info/entry_points.txt
[1.419s] writing requirements to ../../../build/python_folder/keyboard_trunk_controller.egg-info/requires.txt
[1.419s] writing top-level names to ../../../build/python_folder/keyboard_trunk_controller.egg-info/top_level.txt
[1.420s] writing manifest file '../../../build/python_folder/keyboard_trunk_controller.egg-info/SOURCES.txt'
[1.458s] reading manifest file '../../../build/python_folder/keyboard_trunk_controller.egg-info/SOURCES.txt'
[1.458s] writing manifest file '../../../build/python_folder/keyboard_trunk_controller.egg-info/SOURCES.txt'
[1.459s] running build
[1.459s] running build_py
[1.459s] creating /home/speed/Somorob_Dynamixel/build/python_folder/build
[1.459s] creating /home/speed/Somorob_Dynamixel/build/python_folder/build/lib
[1.459s] creating /home/speed/Somorob_Dynamixel/build/python_folder/build/lib/keyboard_trunk_controller
[1.459s] copying keyboard_trunk_controller/set_position_to_float64_converter.py -> /home/speed/Somorob_Dynamixel/build/python_folder/build/lib/keyboard_trunk_controller
[1.459s] copying keyboard_trunk_controller/__init__.py -> /home/speed/Somorob_Dynamixel/build/python_folder/build/lib/keyboard_trunk_controller
[1.459s] copying keyboard_trunk_controller/keyboard_controller.py -> /home/speed/Somorob_Dynamixel/build/python_folder/build/lib/keyboard_trunk_controller
[1.460s] running install
[1.460s] running install_lib
[1.461s] creating /home/speed/Somorob_Dynamixel/install/python_folder/lib/python3.8/site-packages/keyboard_trunk_controller
[1.461s] copying /home/speed/Somorob_Dynamixel/build/python_folder/build/lib/keyboard_trunk_controller/set_position_to_float64_converter.py -> /home/speed/Somorob_Dynamixel/install/python_folder/lib/python3.8/site-packages/keyboard_trunk_controller
[1.461s] copying /home/speed/Somorob_Dynamixel/build/python_folder/build/lib/keyboard_trunk_controller/__init__.py -> /home/speed/Somorob_Dynamixel/install/python_folder/lib/python3.8/site-packages/keyboard_trunk_controller
[1.461s] copying /home/speed/Somorob_Dynamixel/build/python_folder/build/lib/keyboard_trunk_controller/keyboard_controller.py -> /home/speed/Somorob_Dynamixel/install/python_folder/lib/python3.8/site-packages/keyboard_trunk_controller
[1.462s] byte-compiling /home/speed/Somorob_Dynamixel/install/python_folder/lib/python3.8/site-packages/keyboard_trunk_controller/set_position_to_float64_converter.py to set_position_to_float64_converter.cpython-38.pyc
[1.463s] byte-compiling /home/speed/Somorob_Dynamixel/install/python_folder/lib/python3.8/site-packages/keyboard_trunk_controller/__init__.py to __init__.cpython-38.pyc
[1.464s] byte-compiling /home/speed/Somorob_Dynamixel/install/python_folder/lib/python3.8/site-packages/keyboard_trunk_controller/keyboard_controller.py to keyboard_controller.cpython-38.pyc
[1.464s] running install_data
[1.465s] copying resource/keyboard_trunk_controller -> /home/speed/Somorob_Dynamixel/install/python_folder/share/ament_index/resource_index/packages
[1.465s] creating /home/speed/Somorob_Dynamixel/install/python_folder/share/keyboard_trunk_controller
[1.465s] copying package.xml -> /home/speed/Somorob_Dynamixel/install/python_folder/share/keyboard_trunk_controller
[1.465s] running install_egg_info
[1.467s] Copying ../../../build/python_folder/keyboard_trunk_controller.egg-info to /home/speed/Somorob_Dynamixel/install/python_folder/lib/python3.8/site-packages/keyboard_trunk_controller-0.0.0-py3.8.egg-info
[1.468s] running install_scripts
[1.487s] Installing keyboard_controller script to /home/speed/Somorob_Dynamixel/install/python_folder/lib/keyboard_trunk_controller
[1.487s] Installing set_position_to_float64_converter script to /home/speed/Somorob_Dynamixel/install/python_folder/lib/keyboard_trunk_controller
[1.487s] writing list of installed files to '/home/speed/Somorob_Dynamixel/build/python_folder/install.log'
[1.513s] Invoked command in '/home/speed/Somorob_Dynamixel/prefab.MobileTrunk/dynamixel_trunk/Keyboard_trunk_controller' returned '0': PYTHONPATH=/home/speed/Somorob_Dynamixel/build/python_folder/prefix_override:/home/speed/Somorob_Dynamixel/install/python_folder/lib/python3.8/site-packages:${PYTHONPATH} /usr/bin/python3 setup.py egg_info --egg-base ../../../build/python_folder build --build-base /home/speed/Somorob_Dynamixel/build/python_folder/build install --record /home/speed/Somorob_Dynamixel/build/python_folder/install.log --install-scripts $base/lib/keyboard_trunk_controller --single-version-externally-managed
