[0.075s] Invoking command in '/home/speed/Somorob_Dynamixel/build/dynamixel_sdk': CMAKE_PREFIX_PATH=${CMAKE_PREFIX_PATH}:/home/speed/Somorob_Dynamixel/install/summit_xl:/home/speed/Somorob_Dynamixel/install/python_folder:/opt/ros/foxy /usr/bin/cmake --build /home/speed/Somorob_Dynamixel/build/dynamixel_sdk -- -j24 -l24
[0.407s] [100%] Built target dynamixel_sdk
[0.417s] Invoked command in '/home/speed/Somorob_Dynamixel/build/dynamixel_sdk' returned '0': CMAKE_PREFIX_PATH=${CMAKE_PREFIX_PATH}:/home/speed/Somorob_Dynamixel/install/summit_xl:/home/speed/Somorob_Dynamixel/install/python_folder:/opt/ros/foxy /usr/bin/cmake --build /home/speed/Somorob_Dynamixel/build/dynamixel_sdk -- -j24 -l24
[0.757s] Invoking command in '/home/speed/Somorob_Dynamixel/build/dynamixel_sdk': CMAKE_PREFIX_PATH=${CMAKE_PREFIX_PATH}:/home/speed/Somorob_Dynamixel/install/summit_xl:/home/speed/Somorob_Dynamixel/install/python_folder:/opt/ros/foxy /usr/bin/cmake --install /home/speed/Somorob_Dynamixel/build/dynamixel_sdk
[0.772s] -- Install configuration: ""
[0.773s] -- Up-to-date: /home/speed/Somorob_Dynamixel/install/dynamixel_sdk/include/
[0.774s] -- Up-to-date: /home/speed/Somorob_Dynamixel/install/dynamixel_sdk/include//dynamixel_sdk
[0.775s] -- Up-to-date: /home/speed/Somorob_Dynamixel/install/dynamixel_sdk/include//dynamixel_sdk/port_handler.h
[0.777s] -- Up-to-date: /home/speed/Somorob_Dynamixel/install/dynamixel_sdk/include//dynamixel_sdk/port_handler_arduino.h
[0.778s] -- Up-to-date: /home/speed/Somorob_Dynamixel/install/dynamixel_sdk/include//dynamixel_sdk/dynamixel_sdk.h
[0.779s] -- Up-to-date: /home/speed/Somorob_Dynamixel/install/dynamixel_sdk/include//dynamixel_sdk/group_sync_write.h
[0.781s] -- Up-to-date: /home/speed/Somorob_Dynamixel/install/dynamixel_sdk/include//dynamixel_sdk/group_sync_read.h
[0.784s] -- Up-to-date: /home/speed/Somorob_Dynamixel/install/dynamixel_sdk/include//dynamixel_sdk/group_bulk_write.h
[0.784s] -- Up-to-date: /home/speed/Somorob_Dynamixel/install/dynamixel_sdk/include//dynamixel_sdk/protocol1_packet_handler.h
[0.785s] -- Up-to-date: /home/speed/Somorob_Dynamixel/install/dynamixel_sdk/include//dynamixel_sdk/port_handler_windows.h
[0.786s] -- Up-to-date: /home/speed/Somorob_Dynamixel/install/dynamixel_sdk/include//dynamixel_sdk/port_handler_linux.h
[0.786s] -- Up-to-date: /home/speed/Somorob_Dynamixel/install/dynamixel_sdk/include//dynamixel_sdk/group_bulk_read.h
[0.786s] -- Up-to-date: /home/speed/Somorob_Dynamixel/install/dynamixel_sdk/include//dynamixel_sdk/protocol2_packet_handler.h
[0.787s] -- Up-to-date: /home/speed/Somorob_Dynamixel/install/dynamixel_sdk/include//dynamixel_sdk/port_handler_mac.h
[0.787s] -- Up-to-date: /home/speed/Somorob_Dynamixel/install/dynamixel_sdk/include//dynamixel_sdk/packet_handler.h
[0.788s] -- Up-to-date: /home/speed/Somorob_Dynamixel/install/dynamixel_sdk/lib/libdynamixel_sdk.so
[0.788s] -- Up-to-date: /home/speed/Somorob_Dynamixel/install/dynamixel_sdk/share/dynamixel_sdk/environment/library_path.sh
[0.789s] -- Up-to-date: /home/speed/Somorob_Dynamixel/install/dynamixel_sdk/share/dynamixel_sdk/environment/library_path.dsv
[0.790s] -- Up-to-date: /home/speed/Somorob_Dynamixel/install/dynamixel_sdk/share/ament_index/resource_index/package_run_dependencies/dynamixel_sdk
[0.791s] -- Up-to-date: /home/speed/Somorob_Dynamixel/install/dynamixel_sdk/share/ament_index/resource_index/parent_prefix_path/dynamixel_sdk
[0.791s] -- Up-to-date: /home/speed/Somorob_Dynamixel/install/dynamixel_sdk/share/dynamixel_sdk/environment/ament_prefix_path.sh
[0.792s] -- Up-to-date: /home/speed/Somorob_Dynamixel/install/dynamixel_sdk/share/dynamixel_sdk/environment/ament_prefix_path.dsv
[0.793s] -- Up-to-date: /home/speed/Somorob_Dynamixel/install/dynamixel_sdk/share/dynamixel_sdk/environment/path.sh
[0.793s] -- Up-to-date: /home/speed/Somorob_Dynamixel/install/dynamixel_sdk/share/dynamixel_sdk/environment/path.dsv
[0.794s] -- Up-to-date: /home/speed/Somorob_Dynamixel/install/dynamixel_sdk/share/dynamixel_sdk/local_setup.bash
[0.794s] -- Up-to-date: /home/speed/Somorob_Dynamixel/install/dynamixel_sdk/share/dynamixel_sdk/local_setup.sh
[0.794s] -- Up-to-date: /home/speed/Somorob_Dynamixel/install/dynamixel_sdk/share/dynamixel_sdk/local_setup.zsh
[0.795s] -- Up-to-date: /home/speed/Somorob_Dynamixel/install/dynamixel_sdk/share/dynamixel_sdk/local_setup.dsv
[0.795s] -- Installing: /home/speed/Somorob_Dynamixel/install/dynamixel_sdk/share/dynamixel_sdk/package.dsv
[0.795s] -- Up-to-date: /home/speed/Somorob_Dynamixel/install/dynamixel_sdk/share/ament_index/resource_index/packages/dynamixel_sdk
[0.795s] -- Up-to-date: /home/speed/Somorob_Dynamixel/install/dynamixel_sdk/share/dynamixel_sdk/cmake/ament_cmake_export_include_directories-extras.cmake
[0.795s] -- Up-to-date: /home/speed/Somorob_Dynamixel/install/dynamixel_sdk/share/dynamixel_sdk/cmake/ament_cmake_export_libraries-extras.cmake
[0.795s] -- Up-to-date: /home/speed/Somorob_Dynamixel/install/dynamixel_sdk/share/dynamixel_sdk/cmake/dynamixel_sdkConfig.cmake
[0.796s] -- Up-to-date: /home/speed/Somorob_Dynamixel/install/dynamixel_sdk/share/dynamixel_sdk/cmake/dynamixel_sdkConfig-version.cmake
[0.796s] -- Up-to-date: /home/speed/Somorob_Dynamixel/install/dynamixel_sdk/share/dynamixel_sdk/package.xml
[0.799s] Invoked command in '/home/speed/Somorob_Dynamixel/build/dynamixel_sdk' returned '0': CMAKE_PREFIX_PATH=${CMAKE_PREFIX_PATH}:/home/speed/Somorob_Dynamixel/install/summit_xl:/home/speed/Somorob_Dynamixel/install/python_folder:/opt/ros/foxy /usr/bin/cmake --install /home/speed/Somorob_Dynamixel/build/dynamixel_sdk
