[0.067s] Invoking command in '/home/speed/Somorob_Dynamixel/build/dynamixel_sdk_custom_interfaces': CMAKE_PREFIX_PATH=${CMAKE_PREFIX_PATH}:/home/speed/Somorob_Dynamixel/install/summit_xl:/home/speed/Somorob_Dynamixel/install/python_folder:/opt/ros/foxy /usr/bin/cmake --build /home/speed/Somorob_Dynamixel/build/dynamixel_sdk_custom_interfaces -- -j24 -l24
[0.379s] [ 12%] Built target dynamixel_sdk_custom_interfaces__rosidl_generator_c
[0.381s] [ 12%] Built target dynamixel_sdk_custom_interfaces__cpp
[0.383s] [ 23%] Built target dynamixel_sdk_custom_interfaces__rosidl_typesupport_introspection_c
[0.385s] [ 33%] Built target dynamixel_sdk_custom_interfaces__rosidl_typesupport_c
[0.386s] [ 43%] Built target dynamixel_sdk_custom_interfaces__rosidl_typesupport_introspection_cpp
[0.388s] [ 53%] Built target dynamixel_sdk_custom_interfaces__rosidl_typesupport_cpp
[0.388s] [ 64%] Built target dynamixel_sdk_custom_interfaces__rosidl_typesupport_fastrtps_cpp
[0.390s] [ 74%] Built target dynamixel_sdk_custom_interfaces__rosidl_typesupport_fastrtps_c
[0.391s] [ 74%] Built target dynamixel_sdk_custom_interfaces
[0.391s] [ 76%] Built target dynamixel_sdk_custom_interfaces__py
[0.392s] [ 84%] Built target dynamixel_sdk_custom_interfaces__python
[0.416s] [ 89%] Built target dynamixel_sdk_custom_interfaces__rosidl_typesupport_c__pyext
[0.419s] [ 94%] Built target dynamixel_sdk_custom_interfaces__rosidl_typesupport_introspection_c__pyext
[0.419s] [100%] Built target dynamixel_sdk_custom_interfaces__rosidl_typesupport_fastrtps_c__pyext
[0.700s] Invoked command in '/home/speed/Somorob_Dynamixel/build/dynamixel_sdk_custom_interfaces' returned '0': CMAKE_PREFIX_PATH=${CMAKE_PREFIX_PATH}:/home/speed/Somorob_Dynamixel/install/summit_xl:/home/speed/Somorob_Dynamixel/install/python_folder:/opt/ros/foxy /usr/bin/cmake --build /home/speed/Somorob_Dynamixel/build/dynamixel_sdk_custom_interfaces -- -j24 -l24
[0.830s] Invoking command in '/home/speed/Somorob_Dynamixel/build/dynamixel_sdk_custom_interfaces': CMAKE_PREFIX_PATH=${CMAKE_PREFIX_PATH}:/home/speed/Somorob_Dynamixel/install/summit_xl:/home/speed/Somorob_Dynamixel/install/python_folder:/opt/ros/foxy /usr/bin/cmake --install /home/speed/Somorob_Dynamixel/build/dynamixel_sdk_custom_interfaces
[0.843s] -- Install configuration: ""
[0.844s] -- Installing: /home/speed/Somorob_Dynamixel/install/dynamixel_sdk_custom_interfaces/share/ament_index/resource_index/rosidl_interfaces/dynamixel_sdk_custom_interfaces
[0.845s] -- Installing: /home/speed/Somorob_Dynamixel/install/dynamixel_sdk_custom_interfaces/include/dynamixel_sdk_custom_interfaces
[0.848s] -- Installing: /home/speed/Somorob_Dynamixel/install/dynamixel_sdk_custom_interfaces/include/dynamixel_sdk_custom_interfaces/srv
[0.852s] -- Installing: /home/speed/Somorob_Dynamixel/install/dynamixel_sdk_custom_interfaces/include/dynamixel_sdk_custom_interfaces/srv/get_position.h
[0.853s] -- Installing: /home/speed/Somorob_Dynamixel/install/dynamixel_sdk_custom_interfaces/include/dynamixel_sdk_custom_interfaces/srv/detail
[0.853s] -- Installing: /home/speed/Somorob_Dynamixel/install/dynamixel_sdk_custom_interfaces/include/dynamixel_sdk_custom_interfaces/srv/detail/get_position__type_support.h
[0.853s] -- Installing: /home/speed/Somorob_Dynamixel/install/dynamixel_sdk_custom_interfaces/include/dynamixel_sdk_custom_interfaces/srv/detail/get_position__struct.h
[0.854s] -- Installing: /home/speed/Somorob_Dynamixel/install/dynamixel_sdk_custom_interfaces/include/dynamixel_sdk_custom_interfaces/srv/detail/get_position__functions.h
[0.854s] -- Installing: /home/speed/Somorob_Dynamixel/install/dynamixel_sdk_custom_interfaces/include/dynamixel_sdk_custom_interfaces/srv/detail/get_position__functions.c
[0.854s] -- Installing: /home/speed/Somorob_Dynamixel/install/dynamixel_sdk_custom_interfaces/include/dynamixel_sdk_custom_interfaces/msg
[0.854s] -- Installing: /home/speed/Somorob_Dynamixel/install/dynamixel_sdk_custom_interfaces/include/dynamixel_sdk_custom_interfaces/msg/detail
[0.854s] -- Installing: /home/speed/Somorob_Dynamixel/install/dynamixel_sdk_custom_interfaces/include/dynamixel_sdk_custom_interfaces/msg/detail/set_position__struct.h
[0.854s] -- Installing: /home/speed/Somorob_Dynamixel/install/dynamixel_sdk_custom_interfaces/include/dynamixel_sdk_custom_interfaces/msg/detail/set_position__functions.h
[0.855s] -- Installing: /home/speed/Somorob_Dynamixel/install/dynamixel_sdk_custom_interfaces/include/dynamixel_sdk_custom_interfaces/msg/detail/set_position__type_support.h
[0.855s] -- Installing: /home/speed/Somorob_Dynamixel/install/dynamixel_sdk_custom_interfaces/include/dynamixel_sdk_custom_interfaces/msg/detail/set_position__functions.c
[0.857s] -- Installing: /home/speed/Somorob_Dynamixel/install/dynamixel_sdk_custom_interfaces/include/dynamixel_sdk_custom_interfaces/msg/rosidl_generator_c__visibility_control.h
[0.857s] -- Installing: /home/speed/Somorob_Dynamixel/install/dynamixel_sdk_custom_interfaces/include/dynamixel_sdk_custom_interfaces/msg/set_position.h
[0.857s] -- Installing: /home/speed/Somorob_Dynamixel/install/dynamixel_sdk_custom_interfaces/share/dynamixel_sdk_custom_interfaces/environment/library_path.sh
[0.858s] -- Installing: /home/speed/Somorob_Dynamixel/install/dynamixel_sdk_custom_interfaces/share/dynamixel_sdk_custom_interfaces/environment/library_path.dsv
[0.858s] -- Installing: /home/speed/Somorob_Dynamixel/install/dynamixel_sdk_custom_interfaces/lib/libdynamixel_sdk_custom_interfaces__rosidl_generator_c.so
[0.858s] -- Set runtime path of "/home/speed/Somorob_Dynamixel/install/dynamixel_sdk_custom_interfaces/lib/libdynamixel_sdk_custom_interfaces__rosidl_generator_c.so" to ""
[0.859s] -- Up-to-date: /home/speed/Somorob_Dynamixel/install/dynamixel_sdk_custom_interfaces/include/dynamixel_sdk_custom_interfaces
[0.859s] -- Up-to-date: /home/speed/Somorob_Dynamixel/install/dynamixel_sdk_custom_interfaces/include/dynamixel_sdk_custom_interfaces/srv
[0.860s] -- Up-to-date: /home/speed/Somorob_Dynamixel/install/dynamixel_sdk_custom_interfaces/include/dynamixel_sdk_custom_interfaces/srv/detail
[0.860s] -- Installing: /home/speed/Somorob_Dynamixel/install/dynamixel_sdk_custom_interfaces/include/dynamixel_sdk_custom_interfaces/srv/detail/get_position__rosidl_typesupport_fastrtps_c.h
[0.863s] -- Up-to-date: /home/speed/Somorob_Dynamixel/install/dynamixel_sdk_custom_interfaces/include/dynamixel_sdk_custom_interfaces/msg
[0.863s] -- Up-to-date: /home/speed/Somorob_Dynamixel/install/dynamixel_sdk_custom_interfaces/include/dynamixel_sdk_custom_interfaces/msg/detail
[0.863s] -- Installing: /home/speed/Somorob_Dynamixel/install/dynamixel_sdk_custom_interfaces/include/dynamixel_sdk_custom_interfaces/msg/detail/set_position__rosidl_typesupport_fastrtps_c.h
[0.864s] -- Installing: /home/speed/Somorob_Dynamixel/install/dynamixel_sdk_custom_interfaces/include/dynamixel_sdk_custom_interfaces/msg/rosidl_typesupport_fastrtps_c__visibility_control.h
[0.864s] -- Installing: /home/speed/Somorob_Dynamixel/install/dynamixel_sdk_custom_interfaces/lib/libdynamixel_sdk_custom_interfaces__rosidl_typesupport_fastrtps_c.so
[0.864s] -- Set runtime path of "/home/speed/Somorob_Dynamixel/install/dynamixel_sdk_custom_interfaces/lib/libdynamixel_sdk_custom_interfaces__rosidl_typesupport_fastrtps_c.so" to ""
[0.865s] -- Up-to-date: /home/speed/Somorob_Dynamixel/install/dynamixel_sdk_custom_interfaces/include/dynamixel_sdk_custom_interfaces
[0.865s] -- Up-to-date: /home/speed/Somorob_Dynamixel/install/dynamixel_sdk_custom_interfaces/include/dynamixel_sdk_custom_interfaces/srv
[0.865s] -- Up-to-date: /home/speed/Somorob_Dynamixel/install/dynamixel_sdk_custom_interfaces/include/dynamixel_sdk_custom_interfaces/srv/detail
[0.866s] -- Installing: /home/speed/Somorob_Dynamixel/install/dynamixel_sdk_custom_interfaces/include/dynamixel_sdk_custom_interfaces/srv/detail/dds_fastrtps
[0.866s] -- Installing: /home/speed/Somorob_Dynamixel/install/dynamixel_sdk_custom_interfaces/include/dynamixel_sdk_custom_interfaces/srv/detail/get_position__rosidl_typesupport_fastrtps_cpp.hpp
[0.866s] -- Up-to-date: /home/speed/Somorob_Dynamixel/install/dynamixel_sdk_custom_interfaces/include/dynamixel_sdk_custom_interfaces/msg
[0.867s] -- Installing: /home/speed/Somorob_Dynamixel/install/dynamixel_sdk_custom_interfaces/include/dynamixel_sdk_custom_interfaces/msg/rosidl_typesupport_fastrtps_cpp__visibility_control.h
[0.867s] -- Up-to-date: /home/speed/Somorob_Dynamixel/install/dynamixel_sdk_custom_interfaces/include/dynamixel_sdk_custom_interfaces/msg/detail
[0.867s] -- Installing: /home/speed/Somorob_Dynamixel/install/dynamixel_sdk_custom_interfaces/include/dynamixel_sdk_custom_interfaces/msg/detail/set_position__rosidl_typesupport_fastrtps_cpp.hpp
[0.867s] -- Installing: /home/speed/Somorob_Dynamixel/install/dynamixel_sdk_custom_interfaces/include/dynamixel_sdk_custom_interfaces/msg/detail/dds_fastrtps
[0.870s] -- Installing: /home/speed/Somorob_Dynamixel/install/dynamixel_sdk_custom_interfaces/lib/libdynamixel_sdk_custom_interfaces__rosidl_typesupport_fastrtps_cpp.so
[0.873s] -- Set runtime path of "/home/speed/Somorob_Dynamixel/install/dynamixel_sdk_custom_interfaces/lib/libdynamixel_sdk_custom_interfaces__rosidl_typesupport_fastrtps_cpp.so" to ""
[0.873s] -- Up-to-date: /home/speed/Somorob_Dynamixel/install/dynamixel_sdk_custom_interfaces/include/dynamixel_sdk_custom_interfaces
[0.873s] -- Up-to-date: /home/speed/Somorob_Dynamixel/install/dynamixel_sdk_custom_interfaces/include/dynamixel_sdk_custom_interfaces/srv
[0.873s] -- Up-to-date: /home/speed/Somorob_Dynamixel/install/dynamixel_sdk_custom_interfaces/include/dynamixel_sdk_custom_interfaces/srv/detail
[0.874s] -- Installing: /home/speed/Somorob_Dynamixel/install/dynamixel_sdk_custom_interfaces/include/dynamixel_sdk_custom_interfaces/srv/detail/get_position__type_support.c
[0.874s] -- Installing: /home/speed/Somorob_Dynamixel/install/dynamixel_sdk_custom_interfaces/include/dynamixel_sdk_custom_interfaces/srv/detail/get_position__rosidl_typesupport_introspection_c.h
[0.874s] -- Up-to-date: /home/speed/Somorob_Dynamixel/install/dynamixel_sdk_custom_interfaces/include/dynamixel_sdk_custom_interfaces/msg
[0.874s] -- Up-to-date: /home/speed/Somorob_Dynamixel/install/dynamixel_sdk_custom_interfaces/include/dynamixel_sdk_custom_interfaces/msg/detail
[0.874s] -- Installing: /home/speed/Somorob_Dynamixel/install/dynamixel_sdk_custom_interfaces/include/dynamixel_sdk_custom_interfaces/msg/detail/set_position__type_support.c
[0.874s] -- Installing: /home/speed/Somorob_Dynamixel/install/dynamixel_sdk_custom_interfaces/include/dynamixel_sdk_custom_interfaces/msg/detail/set_position__rosidl_typesupport_introspection_c.h
[0.876s] -- Installing: /home/speed/Somorob_Dynamixel/install/dynamixel_sdk_custom_interfaces/include/dynamixel_sdk_custom_interfaces/msg/rosidl_typesupport_introspection_c__visibility_control.h
[0.876s] -- Installing: /home/speed/Somorob_Dynamixel/install/dynamixel_sdk_custom_interfaces/lib/libdynamixel_sdk_custom_interfaces__rosidl_typesupport_introspection_c.so
[0.877s] -- Set runtime path of "/home/speed/Somorob_Dynamixel/install/dynamixel_sdk_custom_interfaces/lib/libdynamixel_sdk_custom_interfaces__rosidl_typesupport_introspection_c.so" to ""
[0.877s] -- Installing: /home/speed/Somorob_Dynamixel/install/dynamixel_sdk_custom_interfaces/lib/libdynamixel_sdk_custom_interfaces__rosidl_typesupport_c.so
[0.877s] -- Set runtime path of "/home/speed/Somorob_Dynamixel/install/dynamixel_sdk_custom_interfaces/lib/libdynamixel_sdk_custom_interfaces__rosidl_typesupport_c.so" to ""
[0.878s] -- Up-to-date: /home/speed/Somorob_Dynamixel/install/dynamixel_sdk_custom_interfaces/include/dynamixel_sdk_custom_interfaces
[0.878s] -- Up-to-date: /home/speed/Somorob_Dynamixel/install/dynamixel_sdk_custom_interfaces/include/dynamixel_sdk_custom_interfaces/srv
[0.878s] -- Up-to-date: /home/speed/Somorob_Dynamixel/install/dynamixel_sdk_custom_interfaces/include/dynamixel_sdk_custom_interfaces/srv/detail
[0.878s] -- Installing: /home/speed/Somorob_Dynamixel/install/dynamixel_sdk_custom_interfaces/include/dynamixel_sdk_custom_interfaces/srv/detail/get_position__type_support.hpp
[0.879s] -- Installing: /home/speed/Somorob_Dynamixel/install/dynamixel_sdk_custom_interfaces/include/dynamixel_sdk_custom_interfaces/srv/detail/get_position__builder.hpp
[0.879s] -- Installing: /home/speed/Somorob_Dynamixel/install/dynamixel_sdk_custom_interfaces/include/dynamixel_sdk_custom_interfaces/srv/detail/get_position__struct.hpp
[0.881s] -- Installing: /home/speed/Somorob_Dynamixel/install/dynamixel_sdk_custom_interfaces/include/dynamixel_sdk_custom_interfaces/srv/detail/get_position__traits.hpp
[0.881s] -- Installing: /home/speed/Somorob_Dynamixel/install/dynamixel_sdk_custom_interfaces/include/dynamixel_sdk_custom_interfaces/srv/get_position.hpp
[0.881s] -- Up-to-date: /home/speed/Somorob_Dynamixel/install/dynamixel_sdk_custom_interfaces/include/dynamixel_sdk_custom_interfaces/msg
[0.882s] -- Up-to-date: /home/speed/Somorob_Dynamixel/install/dynamixel_sdk_custom_interfaces/include/dynamixel_sdk_custom_interfaces/msg/detail
[0.882s] -- Installing: /home/speed/Somorob_Dynamixel/install/dynamixel_sdk_custom_interfaces/include/dynamixel_sdk_custom_interfaces/msg/detail/set_position__builder.hpp
[0.882s] -- Installing: /home/speed/Somorob_Dynamixel/install/dynamixel_sdk_custom_interfaces/include/dynamixel_sdk_custom_interfaces/msg/detail/set_position__type_support.hpp
[0.882s] -- Installing: /home/speed/Somorob_Dynamixel/install/dynamixel_sdk_custom_interfaces/include/dynamixel_sdk_custom_interfaces/msg/detail/set_position__traits.hpp
[0.883s] -- Installing: /home/speed/Somorob_Dynamixel/install/dynamixel_sdk_custom_interfaces/include/dynamixel_sdk_custom_interfaces/msg/detail/set_position__struct.hpp
[0.883s] -- Installing: /home/speed/Somorob_Dynamixel/install/dynamixel_sdk_custom_interfaces/include/dynamixel_sdk_custom_interfaces/msg/set_position.hpp
[0.886s] -- Installing: /home/speed/Somorob_Dynamixel/install/dynamixel_sdk_custom_interfaces/include/dynamixel_sdk_custom_interfaces/msg/rosidl_generator_cpp__visibility_control.hpp
[0.886s] -- Up-to-date: /home/speed/Somorob_Dynamixel/install/dynamixel_sdk_custom_interfaces/include/dynamixel_sdk_custom_interfaces
[0.886s] -- Up-to-date: /home/speed/Somorob_Dynamixel/install/dynamixel_sdk_custom_interfaces/include/dynamixel_sdk_custom_interfaces/srv
[0.887s] -- Up-to-date: /home/speed/Somorob_Dynamixel/install/dynamixel_sdk_custom_interfaces/include/dynamixel_sdk_custom_interfaces/srv/detail
[0.887s] -- Installing: /home/speed/Somorob_Dynamixel/install/dynamixel_sdk_custom_interfaces/include/dynamixel_sdk_custom_interfaces/srv/detail/get_position__type_support.cpp
[0.887s] -- Installing: /home/speed/Somorob_Dynamixel/install/dynamixel_sdk_custom_interfaces/include/dynamixel_sdk_custom_interfaces/srv/detail/get_position__rosidl_typesupport_introspection_cpp.hpp
[0.888s] -- Up-to-date: /home/speed/Somorob_Dynamixel/install/dynamixel_sdk_custom_interfaces/include/dynamixel_sdk_custom_interfaces/msg
[0.888s] -- Up-to-date: /home/speed/Somorob_Dynamixel/install/dynamixel_sdk_custom_interfaces/include/dynamixel_sdk_custom_interfaces/msg/detail
[0.888s] -- Installing: /home/speed/Somorob_Dynamixel/install/dynamixel_sdk_custom_interfaces/include/dynamixel_sdk_custom_interfaces/msg/detail/set_position__type_support.cpp
[0.889s] -- Installing: /home/speed/Somorob_Dynamixel/install/dynamixel_sdk_custom_interfaces/include/dynamixel_sdk_custom_interfaces/msg/detail/set_position__rosidl_typesupport_introspection_cpp.hpp
[0.889s] -- Installing: /home/speed/Somorob_Dynamixel/install/dynamixel_sdk_custom_interfaces/lib/libdynamixel_sdk_custom_interfaces__rosidl_typesupport_introspection_cpp.so
[0.889s] -- Set runtime path of "/home/speed/Somorob_Dynamixel/install/dynamixel_sdk_custom_interfaces/lib/libdynamixel_sdk_custom_interfaces__rosidl_typesupport_introspection_cpp.so" to ""
[0.894s] -- Installing: /home/speed/Somorob_Dynamixel/install/dynamixel_sdk_custom_interfaces/lib/libdynamixel_sdk_custom_interfaces__rosidl_typesupport_cpp.so
[0.894s] -- Set runtime path of "/home/speed/Somorob_Dynamixel/install/dynamixel_sdk_custom_interfaces/lib/libdynamixel_sdk_custom_interfaces__rosidl_typesupport_cpp.so" to ""
[0.895s] -- Installing: /home/speed/Somorob_Dynamixel/install/dynamixel_sdk_custom_interfaces/share/dynamixel_sdk_custom_interfaces/environment/pythonpath.sh
[0.895s] -- Installing: /home/speed/Somorob_Dynamixel/install/dynamixel_sdk_custom_interfaces/share/dynamixel_sdk_custom_interfaces/environment/pythonpath.dsv
[0.895s] -- Installing: /home/speed/Somorob_Dynamixel/install/dynamixel_sdk_custom_interfaces/lib/python3.8/site-packages/dynamixel_sdk_custom_interfaces/__init__.py
[0.899s] Compiling '/home/speed/Somorob_Dynamixel/install/dynamixel_sdk_custom_interfaces/lib/python3.8/site-packages/dynamixel_sdk_custom_interfaces/__init__.py'...
[0.899s] -- Installing: /home/speed/Somorob_Dynamixel/install/dynamixel_sdk_custom_interfaces/lib/python3.8/site-packages/dynamixel_sdk_custom_interfaces/msg
[0.900s] -- Installing: /home/speed/Somorob_Dynamixel/install/dynamixel_sdk_custom_interfaces/lib/python3.8/site-packages/dynamixel_sdk_custom_interfaces/msg/__init__.py
[0.900s] -- Installing: /home/speed/Somorob_Dynamixel/install/dynamixel_sdk_custom_interfaces/lib/python3.8/site-packages/dynamixel_sdk_custom_interfaces/msg/_set_position.py
[0.901s] -- Installing: /home/speed/Somorob_Dynamixel/install/dynamixel_sdk_custom_interfaces/lib/python3.8/site-packages/dynamixel_sdk_custom_interfaces/msg/_set_position_s.c
[0.903s] -- Installing: /home/speed/Somorob_Dynamixel/install/dynamixel_sdk_custom_interfaces/lib/python3.8/site-packages/dynamixel_sdk_custom_interfaces/srv
[0.904s] -- Installing: /home/speed/Somorob_Dynamixel/install/dynamixel_sdk_custom_interfaces/lib/python3.8/site-packages/dynamixel_sdk_custom_interfaces/srv/__init__.py
[0.904s] -- Installing: /home/speed/Somorob_Dynamixel/install/dynamixel_sdk_custom_interfaces/lib/python3.8/site-packages/dynamixel_sdk_custom_interfaces/srv/_get_position_s.c
[0.904s] -- Installing: /home/speed/Somorob_Dynamixel/install/dynamixel_sdk_custom_interfaces/lib/python3.8/site-packages/dynamixel_sdk_custom_interfaces/srv/_get_position.py
[0.905s] -- Installing: /home/speed/Somorob_Dynamixel/install/dynamixel_sdk_custom_interfaces/lib/python3.8/site-packages/dynamixel_sdk_custom_interfaces/dynamixel_sdk_custom_interfaces_s__rosidl_typesupport_fastrtps_c.cpython-38-x86_64-linux-gnu.so
[0.905s] -- Set runtime path of "/home/speed/Somorob_Dynamixel/install/dynamixel_sdk_custom_interfaces/lib/python3.8/site-packages/dynamixel_sdk_custom_interfaces/dynamixel_sdk_custom_interfaces_s__rosidl_typesupport_fastrtps_c.cpython-38-x86_64-linux-gnu.so" to ""
[0.905s] -- Installing: /home/speed/Somorob_Dynamixel/install/dynamixel_sdk_custom_interfaces/lib/python3.8/site-packages/dynamixel_sdk_custom_interfaces/dynamixel_sdk_custom_interfaces_s__rosidl_typesupport_introspection_c.cpython-38-x86_64-linux-gnu.so
[0.906s] -- Set runtime path of "/home/speed/Somorob_Dynamixel/install/dynamixel_sdk_custom_interfaces/lib/python3.8/site-packages/dynamixel_sdk_custom_interfaces/dynamixel_sdk_custom_interfaces_s__rosidl_typesupport_introspection_c.cpython-38-x86_64-linux-gnu.so" to ""
[0.906s] -- Installing: /home/speed/Somorob_Dynamixel/install/dynamixel_sdk_custom_interfaces/lib/python3.8/site-packages/dynamixel_sdk_custom_interfaces/dynamixel_sdk_custom_interfaces_s__rosidl_typesupport_c.cpython-38-x86_64-linux-gnu.so
[0.906s] -- Set runtime path of "/home/speed/Somorob_Dynamixel/install/dynamixel_sdk_custom_interfaces/lib/python3.8/site-packages/dynamixel_sdk_custom_interfaces/dynamixel_sdk_custom_interfaces_s__rosidl_typesupport_c.cpython-38-x86_64-linux-gnu.so" to ""
[0.907s] -- Installing: /home/speed/Somorob_Dynamixel/install/dynamixel_sdk_custom_interfaces/lib/libdynamixel_sdk_custom_interfaces__python.so
[0.907s] -- Set runtime path of "/home/speed/Somorob_Dynamixel/install/dynamixel_sdk_custom_interfaces/lib/libdynamixel_sdk_custom_interfaces__python.so" to ""
[0.908s] -- Installing: /home/speed/Somorob_Dynamixel/install/dynamixel_sdk_custom_interfaces/share/dynamixel_sdk_custom_interfaces/msg/SetPosition.idl
[0.908s] -- Installing: /home/speed/Somorob_Dynamixel/install/dynamixel_sdk_custom_interfaces/share/dynamixel_sdk_custom_interfaces/srv/GetPosition.idl
[0.908s] -- Installing: /home/speed/Somorob_Dynamixel/install/dynamixel_sdk_custom_interfaces/share/dynamixel_sdk_custom_interfaces/msg/SetPosition.msg
[0.908s] -- Installing: /home/speed/Somorob_Dynamixel/install/dynamixel_sdk_custom_interfaces/share/dynamixel_sdk_custom_interfaces/srv/GetPosition.srv
[0.909s] -- Installing: /home/speed/Somorob_Dynamixel/install/dynamixel_sdk_custom_interfaces/share/dynamixel_sdk_custom_interfaces/srv/GetPosition_Request.msg
[0.909s] -- Installing: /home/speed/Somorob_Dynamixel/install/dynamixel_sdk_custom_interfaces/share/dynamixel_sdk_custom_interfaces/srv/GetPosition_Response.msg
[0.910s] -- Installing: /home/speed/Somorob_Dynamixel/install/dynamixel_sdk_custom_interfaces/share/ament_index/resource_index/package_run_dependencies/dynamixel_sdk_custom_interfaces
[0.910s] -- Installing: /home/speed/Somorob_Dynamixel/install/dynamixel_sdk_custom_interfaces/share/ament_index/resource_index/parent_prefix_path/dynamixel_sdk_custom_interfaces
[0.910s] -- Installing: /home/speed/Somorob_Dynamixel/install/dynamixel_sdk_custom_interfaces/share/dynamixel_sdk_custom_interfaces/environment/ament_prefix_path.sh
[0.910s] -- Installing: /home/speed/Somorob_Dynamixel/install/dynamixel_sdk_custom_interfaces/share/dynamixel_sdk_custom_interfaces/environment/ament_prefix_path.dsv
[0.910s] -- Installing: /home/speed/Somorob_Dynamixel/install/dynamixel_sdk_custom_interfaces/share/dynamixel_sdk_custom_interfaces/environment/path.sh
[0.910s] -- Installing: /home/speed/Somorob_Dynamixel/install/dynamixel_sdk_custom_interfaces/share/dynamixel_sdk_custom_interfaces/environment/path.dsv
[0.911s] -- Installing: /home/speed/Somorob_Dynamixel/install/dynamixel_sdk_custom_interfaces/share/dynamixel_sdk_custom_interfaces/local_setup.bash
[0.911s] -- Installing: /home/speed/Somorob_Dynamixel/install/dynamixel_sdk_custom_interfaces/share/dynamixel_sdk_custom_interfaces/local_setup.sh
[0.911s] -- Installing: /home/speed/Somorob_Dynamixel/install/dynamixel_sdk_custom_interfaces/share/dynamixel_sdk_custom_interfaces/local_setup.zsh
[0.911s] -- Installing: /home/speed/Somorob_Dynamixel/install/dynamixel_sdk_custom_interfaces/share/dynamixel_sdk_custom_interfaces/local_setup.dsv
[0.911s] -- Installing: /home/speed/Somorob_Dynamixel/install/dynamixel_sdk_custom_interfaces/share/dynamixel_sdk_custom_interfaces/package.dsv
[0.911s] -- Installing: /home/speed/Somorob_Dynamixel/install/dynamixel_sdk_custom_interfaces/share/ament_index/resource_index/packages/dynamixel_sdk_custom_interfaces
[0.911s] -- Installing: /home/speed/Somorob_Dynamixel/install/dynamixel_sdk_custom_interfaces/share/dynamixel_sdk_custom_interfaces/cmake/dynamixel_sdk_custom_interfaces__rosidl_generator_cExport.cmake
[0.912s] -- Installing: /home/speed/Somorob_Dynamixel/install/dynamixel_sdk_custom_interfaces/share/dynamixel_sdk_custom_interfaces/cmake/dynamixel_sdk_custom_interfaces__rosidl_generator_cExport-noconfig.cmake
[0.912s] -- Installing: /home/speed/Somorob_Dynamixel/install/dynamixel_sdk_custom_interfaces/share/dynamixel_sdk_custom_interfaces/cmake/dynamixel_sdk_custom_interfaces__rosidl_typesupport_introspection_cExport.cmake
[0.912s] -- Installing: /home/speed/Somorob_Dynamixel/install/dynamixel_sdk_custom_interfaces/share/dynamixel_sdk_custom_interfaces/cmake/dynamixel_sdk_custom_interfaces__rosidl_typesupport_introspection_cExport-noconfig.cmake
[0.912s] -- Installing: /home/speed/Somorob_Dynamixel/install/dynamixel_sdk_custom_interfaces/share/dynamixel_sdk_custom_interfaces/cmake/dynamixel_sdk_custom_interfaces__rosidl_typesupport_cExport.cmake
[0.912s] -- Installing: /home/speed/Somorob_Dynamixel/install/dynamixel_sdk_custom_interfaces/share/dynamixel_sdk_custom_interfaces/cmake/dynamixel_sdk_custom_interfaces__rosidl_typesupport_cExport-noconfig.cmake
[0.912s] -- Installing: /home/speed/Somorob_Dynamixel/install/dynamixel_sdk_custom_interfaces/share/dynamixel_sdk_custom_interfaces/cmake/dynamixel_sdk_custom_interfaces__rosidl_generator_cppExport.cmake
[0.912s] -- Installing: /home/speed/Somorob_Dynamixel/install/dynamixel_sdk_custom_interfaces/share/dynamixel_sdk_custom_interfaces/cmake/dynamixel_sdk_custom_interfaces__rosidl_typesupport_introspection_cppExport.cmake
[0.912s] -- Installing: /home/speed/Somorob_Dynamixel/install/dynamixel_sdk_custom_interfaces/share/dynamixel_sdk_custom_interfaces/cmake/dynamixel_sdk_custom_interfaces__rosidl_typesupport_introspection_cppExport-noconfig.cmake
[0.913s] -- Installing: /home/speed/Somorob_Dynamixel/install/dynamixel_sdk_custom_interfaces/share/dynamixel_sdk_custom_interfaces/cmake/dynamixel_sdk_custom_interfaces__rosidl_typesupport_cppExport.cmake
[0.913s] -- Installing: /home/speed/Somorob_Dynamixel/install/dynamixel_sdk_custom_interfaces/share/dynamixel_sdk_custom_interfaces/cmake/dynamixel_sdk_custom_interfaces__rosidl_typesupport_cppExport-noconfig.cmake
[0.913s] -- Installing: /home/speed/Somorob_Dynamixel/install/dynamixel_sdk_custom_interfaces/share/dynamixel_sdk_custom_interfaces/cmake/rosidl_cmake-extras.cmake
[0.913s] -- Installing: /home/speed/Somorob_Dynamixel/install/dynamixel_sdk_custom_interfaces/share/dynamixel_sdk_custom_interfaces/cmake/ament_cmake_export_dependencies-extras.cmake
[0.913s] -- Installing: /home/speed/Somorob_Dynamixel/install/dynamixel_sdk_custom_interfaces/share/dynamixel_sdk_custom_interfaces/cmake/ament_cmake_export_libraries-extras.cmake
[0.913s] -- Installing: /home/speed/Somorob_Dynamixel/install/dynamixel_sdk_custom_interfaces/share/dynamixel_sdk_custom_interfaces/cmake/ament_cmake_export_targets-extras.cmake
[0.913s] -- Installing: /home/speed/Somorob_Dynamixel/install/dynamixel_sdk_custom_interfaces/share/dynamixel_sdk_custom_interfaces/cmake/ament_cmake_export_include_directories-extras.cmake
[0.913s] -- Installing: /home/speed/Somorob_Dynamixel/install/dynamixel_sdk_custom_interfaces/share/dynamixel_sdk_custom_interfaces/cmake/rosidl_cmake_export_typesupport_libraries-extras.cmake
[0.914s] -- Installing: /home/speed/Somorob_Dynamixel/install/dynamixel_sdk_custom_interfaces/share/dynamixel_sdk_custom_interfaces/cmake/rosidl_cmake_export_typesupport_targets-extras.cmake
[0.914s] -- Installing: /home/speed/Somorob_Dynamixel/install/dynamixel_sdk_custom_interfaces/share/dynamixel_sdk_custom_interfaces/cmake/dynamixel_sdk_custom_interfacesConfig.cmake
[0.914s] -- Installing: /home/speed/Somorob_Dynamixel/install/dynamixel_sdk_custom_interfaces/share/dynamixel_sdk_custom_interfaces/cmake/dynamixel_sdk_custom_interfacesConfig-version.cmake
[0.914s] -- Installing: /home/speed/Somorob_Dynamixel/install/dynamixel_sdk_custom_interfaces/share/dynamixel_sdk_custom_interfaces/package.xml
[0.920s] Invoked command in '/home/speed/Somorob_Dynamixel/build/dynamixel_sdk_custom_interfaces' returned '0': CMAKE_PREFIX_PATH=${CMAKE_PREFIX_PATH}:/home/speed/Somorob_Dynamixel/install/summit_xl:/home/speed/Somorob_Dynamixel/install/python_folder:/opt/ros/foxy /usr/bin/cmake --install /home/speed/Somorob_Dynamixel/build/dynamixel_sdk_custom_interfaces
