[0.059s] Invoking command in '/home/speed/Somorob_Dynamixel/build/bag_recorder_nodes': CMAKE_PREFIX_PATH=${CMAKE_PREFIX_PATH}:/home/speed/Somorob_Dynamixel/install/summit_xl:/home/speed/Somorob_Dynamixel/install/python_folder:/opt/ros/foxy /usr/bin/cmake /home/speed/Somorob_Dynamixel/prefab.MobileTrunk/test/ros/src/bag_recorder_nodes -DCMAKE_INSTALL_PREFIX=/home/speed/Somorob_Dynamixel/install/bag_recorder_nodes
[0.372s] -- The C compiler identification is GNU 9.4.0
[0.373s] -- The CXX compiler identification is GNU 9.4.0
[0.373s] -- Check for working C compiler: /usr/bin/cc
[0.373s] -- Check for working C compiler: /usr/bin/cc -- works
[0.373s] -- Detecting C compiler ABI info
[0.416s] -- Detecting C compiler ABI info - done
[0.432s] -- Detecting C compile features
[0.433s] -- Detecting C compile features - done
[0.436s] -- Check for working CXX compiler: /usr/bin/c++
[0.549s] -- Check for working CXX compiler: /usr/bin/c++ -- works
[0.551s] -- Detecting CXX compiler ABI info
[0.670s] -- Detecting CXX compiler ABI info - done
[0.685s] -- Detecting CXX compile features
[0.686s] -- Detecting CXX compile features - done
[0.688s] -- Found ament_cmake: 0.9.12 (/opt/ros/foxy/share/ament_cmake/cmake)
[0.723s] -- Found PythonInterp: /usr/bin/python3 (found suitable version "3.8.10", minimum required is "3") 
[0.723s] -- Using PYTHON_EXECUTABLE: /usr/bin/python3
[0.990s] -- Found rclcpp: 2.4.3 (/opt/ros/foxy/share/rclcpp/cmake)
[1.042s] -- Using all available rosidl_typesupport_c: rosidl_typesupport_fastrtps_c;rosidl_typesupport_introspection_c
[1.049s] -- Found rosidl_adapter: 1.3.1 (/opt/ros/foxy/share/rosidl_adapter/cmake)
[1.163s] -- Found OpenSSL: /usr/lib/x86_64-linux-gnu/libcrypto.so (found version "1.1.1f")  
[1.217s] -- Found FastRTPS: /opt/ros/foxy/include  
[1.343s] -- Using all available rosidl_typesupport_cpp: rosidl_typesupport_fastrtps_cpp;rosidl_typesupport_introspection_cpp
[1.406s] -- Found rmw_implementation_cmake: 1.0.4 (/opt/ros/foxy/share/rmw_implementation_cmake/cmake)
[1.407s] -- Using RMW implementation 'rmw_fastrtps_cpp' as default
[1.408s] -- Looking for pthread.h
[1.519s] -- Looking for pthread.h - found
[1.519s] -- Performing Test CMAKE_HAVE_LIBC_PTHREAD
[1.634s] -- Performing Test CMAKE_HAVE_LIBC_PTHREAD - Failed
[1.634s] -- Looking for pthread_create in pthreads
[1.732s] -- Looking for pthread_create in pthreads - not found
[1.732s] -- Looking for pthread_create in pthread
[1.852s] -- Looking for pthread_create in pthread - found
[1.855s] -- Found Threads: TRUE  
[2.022s] -- Found geometry_msgs: 2.0.5 (/opt/ros/foxy/share/geometry_msgs/cmake)
[2.059s] -- Found sensor_msgs: 2.0.5 (/opt/ros/foxy/share/sensor_msgs/cmake)
[2.136s] -- Found nav_msgs: 2.0.5 (/opt/ros/foxy/share/nav_msgs/cmake)
[2.213s] -- Found rosbag2_cpp: 0.3.11 (/opt/ros/foxy/share/rosbag2_cpp/cmake)
[2.255s] -- Setting yaml-cpp_DIR to: '/opt/ros/foxy/share/yaml_cpp_vendor/cmake/../../../opt/yaml_cpp_vendor/lib/cmake/yaml-cpp'
[2.261s] -- Found rosidl_default_generators: 1.0.1 (/opt/ros/foxy/share/rosidl_default_generators/cmake)
[2.355s] -- Configuring done
[2.367s] -- Generating done
[2.368s] -- Build files have been written to: /home/speed/Somorob_Dynamixel/build/bag_recorder_nodes
[2.378s] Invoked command in '/home/speed/Somorob_Dynamixel/build/bag_recorder_nodes' returned '0': CMAKE_PREFIX_PATH=${CMAKE_PREFIX_PATH}:/home/speed/Somorob_Dynamixel/install/summit_xl:/home/speed/Somorob_Dynamixel/install/python_folder:/opt/ros/foxy /usr/bin/cmake /home/speed/Somorob_Dynamixel/prefab.MobileTrunk/test/ros/src/bag_recorder_nodes -DCMAKE_INSTALL_PREFIX=/home/speed/Somorob_Dynamixel/install/bag_recorder_nodes
[2.384s] Invoking command in '/home/speed/Somorob_Dynamixel/build/bag_recorder_nodes': CMAKE_PREFIX_PATH=${CMAKE_PREFIX_PATH}:/home/speed/Somorob_Dynamixel/install/summit_xl:/home/speed/Somorob_Dynamixel/install/python_folder:/opt/ros/foxy /usr/bin/cmake --build /home/speed/Somorob_Dynamixel/build/bag_recorder_nodes -- -j24 -l24
[2.447s] [35m[1mScanning dependencies of target bag_recorder[0m
[2.496s] [ 50%] [32mBuilding CXX object CMakeFiles/bag_recorder.dir/src/bag_recorder.cpp.o[0m
[8.435s] [100%] [32m[1mLinking CXX executable bag_recorder[0m
[8.726s] [100%] Built target bag_recorder
[8.745s] Invoked command in '/home/speed/Somorob_Dynamixel/build/bag_recorder_nodes' returned '0': CMAKE_PREFIX_PATH=${CMAKE_PREFIX_PATH}:/home/speed/Somorob_Dynamixel/install/summit_xl:/home/speed/Somorob_Dynamixel/install/python_folder:/opt/ros/foxy /usr/bin/cmake --build /home/speed/Somorob_Dynamixel/build/bag_recorder_nodes -- -j24 -l24
[8.791s] Invoking command in '/home/speed/Somorob_Dynamixel/build/bag_recorder_nodes': CMAKE_PREFIX_PATH=${CMAKE_PREFIX_PATH}:/home/speed/Somorob_Dynamixel/install/summit_xl:/home/speed/Somorob_Dynamixel/install/python_folder:/opt/ros/foxy /usr/bin/cmake --install /home/speed/Somorob_Dynamixel/build/bag_recorder_nodes
[8.804s] -- Install configuration: ""
[8.805s] -- Installing: /home/speed/Somorob_Dynamixel/install/bag_recorder_nodes/lib/bag_recorder_nodes/bag_recorder
[8.807s] -- Set runtime path of "/home/speed/Somorob_Dynamixel/install/bag_recorder_nodes/lib/bag_recorder_nodes/bag_recorder" to ""
[8.807s] -- Installing: /home/speed/Somorob_Dynamixel/install/bag_recorder_nodes/share/ament_index/resource_index/package_run_dependencies/bag_recorder_nodes
[8.807s] -- Installing: /home/speed/Somorob_Dynamixel/install/bag_recorder_nodes/share/ament_index/resource_index/parent_prefix_path/bag_recorder_nodes
[8.807s] -- Installing: /home/speed/Somorob_Dynamixel/install/bag_recorder_nodes/share/bag_recorder_nodes/environment/ament_prefix_path.sh
[8.808s] -- Installing: /home/speed/Somorob_Dynamixel/install/bag_recorder_nodes/share/bag_recorder_nodes/environment/ament_prefix_path.dsv
[8.808s] -- Installing: /home/speed/Somorob_Dynamixel/install/bag_recorder_nodes/share/bag_recorder_nodes/environment/path.sh
[8.808s] -- Installing: /home/speed/Somorob_Dynamixel/install/bag_recorder_nodes/share/bag_recorder_nodes/environment/path.dsv
[8.808s] -- Installing: /home/speed/Somorob_Dynamixel/install/bag_recorder_nodes/share/bag_recorder_nodes/local_setup.bash
[8.808s] -- Installing: /home/speed/Somorob_Dynamixel/install/bag_recorder_nodes/share/bag_recorder_nodes/local_setup.sh
[8.808s] -- Installing: /home/speed/Somorob_Dynamixel/install/bag_recorder_nodes/share/bag_recorder_nodes/local_setup.zsh
[8.809s] -- Installing: /home/speed/Somorob_Dynamixel/install/bag_recorder_nodes/share/bag_recorder_nodes/local_setup.dsv
[8.809s] -- Installing: /home/speed/Somorob_Dynamixel/install/bag_recorder_nodes/share/bag_recorder_nodes/package.dsv
[8.809s] -- Installing: /home/speed/Somorob_Dynamixel/install/bag_recorder_nodes/share/ament_index/resource_index/packages/bag_recorder_nodes
[8.809s] -- Installing: /home/speed/Somorob_Dynamixel/install/bag_recorder_nodes/share/bag_recorder_nodes/cmake/bag_recorder_nodesConfig.cmake
[8.809s] -- Installing: /home/speed/Somorob_Dynamixel/install/bag_recorder_nodes/share/bag_recorder_nodes/cmake/bag_recorder_nodesConfig-version.cmake
[8.809s] -- Installing: /home/speed/Somorob_Dynamixel/install/bag_recorder_nodes/share/bag_recorder_nodes/package.xml
[8.817s] Invoked command in '/home/speed/Somorob_Dynamixel/build/bag_recorder_nodes' returned '0': CMAKE_PREFIX_PATH=${CMAKE_PREFIX_PATH}:/home/speed/Somorob_Dynamixel/install/summit_xl:/home/speed/Somorob_Dynamixel/install/python_folder:/opt/ros/foxy /usr/bin/cmake --install /home/speed/Somorob_Dynamixel/build/bag_recorder_nodes
