[0.335s] Invoking command in '/home/speed/Somorob_Dynamixel/build/somorob': CMAKE_PREFIX_PATH=${CMAKE_PREFIX_PATH}:/home/speed/Somorob_Dynamixel/install/summit_xl:/home/speed/Somorob_Dynamixel/install/python_folder:/opt/ros/foxy /usr/bin/cmake /home/speed/Somorob_Dynamixel/prefab.MobileTrunk/test/ros/src/somorob -DCMAKE_INSTALL_PREFIX=/home/speed/Somorob_Dynamixel/install/somorob
[0.403s] -- The C compiler identification is GNU 9.4.0
[0.475s] -- The CXX compiler identification is GNU 9.4.0
[0.480s] -- Check for working C compiler: /usr/bin/cc
[0.570s] -- Check for working C compiler: /usr/bin/cc -- works
[0.572s] -- Detecting C compiler ABI info
[0.676s] -- Detecting C compiler ABI info - done
[0.691s] -- Detecting C compile features
[0.692s] -- Detecting C compile features - done
[0.695s] -- Check for working CXX compiler: /usr/bin/c++
[0.815s] -- Check for working CXX compiler: /usr/bin/c++ -- works
[0.816s] -- Detecting CXX compiler ABI info
[0.944s] -- Detecting CXX compiler ABI info - done
[0.960s] -- Detecting CXX compile features
[0.961s] -- Detecting CXX compile features - done
[0.963s] -- Found ament_cmake: 0.9.12 (/opt/ros/foxy/share/ament_cmake/cmake)
[0.997s] -- Found PythonInterp: /usr/bin/python3 (found suitable version "3.8.10", minimum required is "3") 
[0.997s] -- Using PYTHON_EXECUTABLE: /usr/bin/python3
[1.262s] -- Found rclcpp: 2.4.3 (/opt/ros/foxy/share/rclcpp/cmake)
[1.316s] -- Using all available rosidl_typesupport_c: rosidl_typesupport_fastrtps_c;rosidl_typesupport_introspection_c
[1.323s] -- Found rosidl_adapter: 1.3.1 (/opt/ros/foxy/share/rosidl_adapter/cmake)
[1.442s] -- Found OpenSSL: /usr/lib/x86_64-linux-gnu/libcrypto.so (found version "1.1.1f")  
[1.481s] -- Found FastRTPS: /opt/ros/foxy/include  
[1.576s] -- Using all available rosidl_typesupport_cpp: rosidl_typesupport_fastrtps_cpp;rosidl_typesupport_introspection_cpp
[1.643s] -- Found rmw_implementation_cmake: 1.0.4 (/opt/ros/foxy/share/rmw_implementation_cmake/cmake)
[1.644s] -- Using RMW implementation 'rmw_fastrtps_cpp' as default
[1.645s] -- Looking for pthread.h
[1.741s] -- Looking for pthread.h - found
[1.742s] -- Performing Test CMAKE_HAVE_LIBC_PTHREAD
[1.858s] -- Performing Test CMAKE_HAVE_LIBC_PTHREAD - Failed
[1.858s] -- Looking for pthread_create in pthreads
[1.957s] -- Looking for pthread_create in pthreads - not found
[1.957s] -- Looking for pthread_create in pthread
[2.061s] -- Looking for pthread_create in pthread - found
[2.064s] -- Found Threads: TRUE  
[2.260s] -- Found geometry_msgs: 2.0.5 (/opt/ros/foxy/share/geometry_msgs/cmake)
[2.387s] -- Configuring done
[2.397s] -- Generating done
[2.399s] -- Build files have been written to: /home/speed/Somorob_Dynamixel/build/somorob
