[1.214s] Invoking command in '/home/speed/Somorob_Dynamixel/prefab.MobileTrunk/mobile_trunk_ws/src/summit_xl': PYTHONPATH=/home/speed/Somorob_Dynamixel/build/summit_xl/prefix_override:/home/speed/Somorob_Dynamixel/install/summit_xl/lib/python3.8/site-packages:${PYTHONPATH} /usr/bin/python3 setup.py egg_info --egg-base ../../../../build/summit_xl build --build-base /home/speed/Somorob_Dynamixel/build/summit_xl/build install --record /home/speed/Somorob_Dynamixel/build/summit_xl/install.log --single-version-externally-managed
[1.471s] running egg_info
[1.472s] writing ../../../../build/summit_xl/summit_xl.egg-info/PKG-INFO
[1.472s] writing dependency_links to ../../../../build/summit_xl/summit_xl.egg-info/dependency_links.txt
[1.472s] writing entry points to ../../../../build/summit_xl/summit_xl.egg-info/entry_points.txt
[1.472s] writing requirements to ../../../../build/summit_xl/summit_xl.egg-info/requires.txt
[1.472s] writing top-level names to ../../../../build/summit_xl/summit_xl.egg-info/top_level.txt
[1.508s] reading manifest file '../../../../build/summit_xl/summit_xl.egg-info/SOURCES.txt'
[1.509s] writing manifest file '../../../../build/summit_xl/summit_xl.egg-info/SOURCES.txt'
[1.509s] running build
[1.509s] running build_py
[1.509s] running install
[1.510s] running install_lib
[1.511s] running install_data
[1.512s] running install_egg_info
[1.513s] removing '/home/speed/Somorob_Dynamixel/install/summit_xl/lib/python3.8/site-packages/summit_xl-0.0.0-py3.8.egg-info' (and everything under it)
[1.514s] Copying ../../../../build/summit_xl/summit_xl.egg-info to /home/speed/Somorob_Dynamixel/install/summit_xl/lib/python3.8/site-packages/summit_xl-0.0.0-py3.8.egg-info
[1.515s] running install_scripts
[1.532s] Installing summit_xl_teleop_key script to /home/speed/Somorob_Dynamixel/install/summit_xl/lib/summit_xl
[1.532s] writing list of installed files to '/home/speed/Somorob_Dynamixel/build/summit_xl/install.log'
